nohup: 忽略输入
0it [00:00, ?it/s]Loading data...
20元20G惠享流量券什么意思 0
加速流量包如何取消，为啥退订失败 1
办理爱奇艺流量包，乐视会员和优酷会员的价格一样吗 2
我要办理5g智享套餐合约版怎么办 0
怎么办理188元无限流量 0
我有一个10元流量加油包能取消吗 0
什么是加开流量 0
快手流量可以适用于任何app的吗 0
5元移动wlan套餐能取消吗 0
为什么我不能开通23元老人的套餐卡 0
6元咪咕流量包任我看视频流量包何时能用到 0
请取消我亲情网的服务！谢谢！ 0
乐视会员和优酷会员的爱奇艺流量包，便宜的是哪个 2
已经开通Plus会员， 0
你好，我想取消10元和爱车黄金会员，怎么办理 0
是不是谁都可以办理腾讯视频24元流量为啥我取消不了 1
您好，我想取消全国亲情网的绑定 0
办理了享特权活动，如何领会员 0
如何开通爱奇艺流量包，里还有其他服务吗 1
我要办理普通版北京移动plus会员 0
30元40GB欢享优惠券 0
PIUS是啥意思 0
5g智享套餐家庭版为啥退订失败是不是谁都可以办理 1
plus权益领不了了 0
我想退订和彩云服务 0
取消通话圈服务，费用每月10元。 0
2019版校园300打两年有什么要求 0
20元20GB欢享优惠券取消方式 0
抖音流量包如何取消 0
全国亲情网我这个号能开吗？ 0
惠享流量劵什么意思 0
你好把和彩云4T特权礼包给我退了 0
怎么开通wlan任我用你告诉我为什么不能办理 1
我可以办理7天5g视频会员流量包吗什么时候发售 1
流量王有多少流量 0
我想开通五百打两年需要花多少钱怎么取消 1
你告诉我咪咕专属包怎么开通 0
教教我怎么使用北京移动会员，何时能用到 1
18元咪咕抖音套餐啥时候上线 0
1元小额版提速包如何取消 0
首都机场流量业务有多少流量 0
您好：怎么开通惠享券，有多少流量 1
是不是谁都可以办理加油包，如何开通 1
签到翻牌子活动所以用户都可以参加吗 0
全国亲情网关闭 0
开通plus每个月扣钱吗？ 0
车主服务怎么更改车辆信息 0
开通和家庭 0
怎么开通长期版流量提速包 0
亲情号业务办理 0
我想买流量包，之前打电话说有一个30元40G的，请问怎么申请 0
你好我办理的65元乐视会员爱奇艺流量包有其他什么服务吗 0
10元移动wlan套餐能取消吗 0
我要办理2019版和校园怎么办 0
帮我介绍一下5g智享套餐合约版的开通条件 0
是不是谁都可以办理18元2018版校园专属定向流量包 0
家庭亲情网业务如何取消？ 0
你告诉我全球通版北京移动plus会员怎么开通 0
如何开启和彩云 0
你好，怎么取消亲情网套餐 0
我要办理18元基础版移动王卡 0
新20远20G取消 0
是不是谁都可以办理畅听卡年包，怎么购买 1
18元全球通版北京移动会员什么时候发售 0
王卡福利何时能用到什么是 1
我要办理10元年包天气预报怎么办 0
手机亲情卡 0
介绍一下wlan流量套餐 0
你好取消家庭亲情网的 0
20元20G大流量 0
抖音流量包会不会限速 0
18元上网版移动王卡怎么购买 0
为什么我不能开通腾讯上网套餐，为啥我取消不了 1
60元年包大众卡我啥时可以办理 0
流量共享怎么开通 0
抽得地流量福袋任选其一还是固定抽取的？ 0
5g智享套餐合约版退订失败 0
我想办个158元任我享 0
你好，问下，全国亲情网业务怎么取消 0
来来，大陆及港澳台版提速包教教我咋用 0
畅享套餐促销优惠是什么，给我介绍一下，如何取消 1
65元乐视会员视频会员通用流量月包应该如何办理呀 0
把亲情号退了行吗 0
取消我的邮箱 0
倍享套餐有什么要求，什么时候可以取消 1
权益plus 0
放心畅享包什么时候发售，为什么我不能开通 1
你告诉我为什么不能办理5g家庭套餐通带宽多少 1
限速恢复如何取消带多少的流量 1
得花多少钱去开通郊区卡，什么时候可以办理 1
这个月11月30日 亲情网优惠到期  我怎么取消这个活动？ 0
您好，想登陆手机邮箱，不知道方法 0
套外流量保护我啥时可以办理为啥我取消不了 1
退订20元20GB惠享流量 0
什么是15元畅享包快手定向流量包 0
我要取消我的20元20G的套餐 0
全網優惠特權到期後可否自動取消 0
介绍一下咪咕直播流量包任我看视频流量包 0
70元爱奇艺会员视频会员通用流量月包何时能用到 0
20元20g流量怎么办理 0
1元小额版加速流量包退订失败 0
什么是15元解除限速 0
怎么办理5元流量日套餐 0
模组里还有其他服务吗开通应该如何操作 1
如何更改邮箱 0
我想办个18元老年的物美价廉套餐 0
我要办理23元老年卡怎么办 0
介绍一下加开流量，为什么退订不了 1
24元腾讯视频任我看视频流量包有什么要求 0
百度包bilibili何时能用到 0
30元半年包神州行5元月卡什么时候发售 0
移动王卡惠享合约何时能用到 0
你告诉我和家庭琉璃套餐怎么开通，太鸡肋了，帮我干掉吧 1
我想办理和4G校园套餐，2019版和2020版哪个更便宜一些 2
我可以办理5g智享套餐合约版吗，为啥我取消不了 1
普惠得流量消费包含哪些 0
5元机场流量包是什么，给我介绍一下 0
70元优酷会员手机视频流量包何时能用到 0
我要办理200元2019版校园卡活动 0
你好，我想取消校园卡68，怎么办理 0
全网优享特权视频会员 0
任我看聚力视频（pptv）流量包可以适用于任何app的吗 0
我为什么不能办理10元畅聊套餐 0
我想办个15元畅享包快手流量 0
我要办理加开流量为什么退订不了 1
如何办理通话圈包年 0
您好：怎么开通5g智享套餐合约版 0
你好，我之前的年包语音留言到期了，想继续办理个 0
全国亲情业务怎么办理 0
为啥呀，为啥不能办理10元加油包 0
全网普惠得流量退订 0
这个30元新惠享流量券活动有多少流量 0
您好：怎么开通19元电影vip移动机顶盒 0
加开流量有什么要求，您好：怎么开通 1
如何开通叠加包，啥时候上线 1
是不是谁都可以办理减免套餐费活动 0
18元普通版会员plus啥时候上线 0
取消新20元20GB新享 0
教教我怎么使用体验版-12个月嗨购月包 0
你好可以自动发送发票到邮箱吗？ 0
你好，我想取消30元流量加油包，怎么办理 0
20元20GB惠享流量券。是几G网 0
你好，办理爱奇艺7天5g视频会员流量包需要什么条件？ 0
18元上网版移动王卡太鸡肋了，帮我干掉吧 0
电话信箱下个月生效么 0
介绍一下30元半年包郊区卡 0
漏话通知我啥时可以办理使用方法 1
你好，办理80元5g家庭套餐需要什么条件？ 0
未接来电提醒怎么使用 0
你告诉我9元百度专属定向流量包怎么开通 0
百度特殊业务专属流量开通 0
我想取消亲情卡套餐 0
puls会员有哪些权益 0
我办理的9元网易专属定向流量包有多少流量 0
24元腾讯视频任我看聚力视频（pptv）流量包是否能取消，有什么要求吗 0
68元2019版和4g校园套餐如何取消 0
请你帮我办理欢享优惠券30元40G，谢谢！ 0
200元2018版打两年300有什么要求 0
你好能给我办一个20元20兆流量吗 0
1元10gb特惠体验券活动怎么购买 0
你好，我想取消短信发送报告，怎么办理使用方法 1
家庭亲情网全国版的，我取消 0
和彩云我都取消了 0
得花多少钱去开通乐视会员视频会员通用流量月包 0
我想办理视频会员2GB通用流量7天包，芒果tv和PPtv的开通方式一样吗 2
我的福利二选一 0
多少钱能开通半年包神州行5元卡 0
你告诉我5g家庭套餐怎么开通，何时能用到 1
充50送50如何取消，如何开通 1
2020校园套餐怎么办理 0
plus会员有最低消费要求吗 0
如何买20元20g流量 0
220元互联网电视太鸡肋了，帮我干掉吧 0
你告诉我为什么不能办理大兴卡，什么时候发售 1
你好，我想取消短信充值优惠，怎么办理 0
100元和家庭流量包开通应该如何操作 0
15元畅享包快手定向流量包什么时候发售 0
大陆及港澳台版解除限速多少钱 0
什么是198元5g畅享套餐合约版 0
和家庭可以分享流量包 0
我的20元20个G套餐什么时间到期 0
怎么开通5g家庭套餐 0
160元5g家庭套餐开通 0
我想办理23元老年的物美价廉套餐，麻烦帮我开通一下 0
介绍一下气象服务，怎么取消 1
我要添加亲情号如何添加？谢了 0
你好，帮忙查一下亲情业务取消了吗 0
介绍一下5g智享套餐合约版，您好：怎么开通 1
怎么开通和留言业务 0
什么是5g家庭套餐因为什么无法退订 1
你好，我之前的15元语音信箱到期了，想继续办理个 0
我想办理20元20G的流量套餐 0
怎么开通200元2019版校园卡活动 0
多少钱能开通新30元惠享40g流量券 0
副卡怎么使用，什么时候发售 1
如何开通家园卡什么是 1
我要办理15元大陆及港澳台版流量加速包 0
亲情网到期了，怎么取消 0
普惠得流量业务可以立刻取消吗 0
您好 现在还可以办理20元20G流量吗 0
我想办理10元家庭计划成员，麻烦帮我开通一下 0
得花多少钱去开通北京移动plus会员权益卡，开通应该如何操作 1
办理5G智享套餐合约版的合约版和合约版，含有的其它服务有区别吗 2
30元半年包神州行5元月卡有[内含其他服务]吗 0
我要办理流量升级包怎么办 0
18元老人的套餐卡如何取消 0
我想办理任我看西瓜视频，咪咕流量包和咪咕直播流量包哪个更便宜一些 2
你好我办理的10元神州行畅听卡有其他什么服务吗 0
可以帮我取消亲情卡业务吗 0
我想办理优酷，麻烦帮我开通一下为什么我不能开通 1
怎样办理优惠二选一 0
30元半年包5元卡年包如何取消 0
我要办理5元wlan流量套餐怎么办 0
我要退订亲情网业务 0
您好，我编辑短信退订亲情网服务退不了，说我有在途订单？ 0
办理20元欢享优惠卷 0
你好，我之前的爱奇艺视频会员5gb通用流量7天包到期了，想继续办理个 0
福利王卡二选一 0
为什么我不能开通2019版五百打两年 0
我要去削6元彩铃 0
我办理的新30元惠享40g流量券有多少流量，您好：怎么开通 1
什么是1元小额版限速恢复 0
不限量带多少的流量，啥时候上线 1
来来，59元互联网智能语音遥控器教教我咋用 0
增加亲情号码 0
办好了6元彩铃怎么使用 0
我要取消plus业务，如何操作 0
我想办理短信发送报告，月包和半年包哪个更便宜一些 2
怎么办理优酷7天会员流量 0
20元20个G怎么办不了了 0
我办理的5g智享套餐合约版有多少流量哪些情况下办理不了 1
什么时候可以办理500元流量加油包 0
你告诉我为什么不能办理120元半年包畅听年卡 0
15元大陆及港澳台版提速包怎么购买 0
你好，我要取消视频会员5GB通用流量加油包，请问腾讯和芒果的取消方式有区别吗 2
取消业务 通话圈 0
办好了12元半年包关机不在服务区怎么使用 0
什么是30元半年包神州行5元卡 0
19元宝藏版移动花卡怎么购买 0
哪些情况下办理不了15元恢复限速 0
流量兜底我啥时可以办理 0
你告诉我18元乐享版移动王卡怎么开通 0
为什么我不能开通5g家庭套餐什么是 1
可以办理亲情卡吗？ 0
怎么办理60元年包家园卡欢乐套餐 0
你好我买了花季守护 0
取消全球通PUIS会员 0
这个15元畅享包快手流量有多少流量 0
什么时候可以取消加开流量我为什么不能办理 1
为什么我不能开通放心用，我要办理 1
怎么办理18元基础版移动网卡 0
哪些情况下办理不了18元乐享版移动王卡 0
取消30元40g的流量套餐 0
什么时候可以办理11元腾讯视频会员5gb通用流量7天包 0
介绍一下随心看合约版 0
比好，我办理的新春营销活动可以刷视频吗 0
20元20GB惠享流量卷 0
我现在不需要移动王卡惠享合约，怎么取消掉 0
办理新惠享流量30元档 0
你好，我之前的100元和家庭流量包到期了，想继续办理个 0
您好，我想取消全国亲情网套餐 0
介绍一下12元半年包短信回执 0
我可以办理芒果tv腾讯视频会员2gb通用流量7天包吗 0
我想办理加速流量包，麻烦帮我开通一下，是不是谁都可以办理 1
我想办理个年包家园卡欢乐套餐玩玩 0
Plus会员领取视频后，能否在电视机TB也享受节目？ 0
你好，我想取消20元邮箱，怎么办理，我想办个 1
这个放心用有多少流量，开通一下 1
怎么开通100元互联网电视 0
办好了任我看聚力视频（pptv）流量包怎么使用 0
2元车主服务如何用 0
怎么不能签到呢 0
芒果7天5g流量包的套餐本月没用完，下月可以继续用吗 0
5元60包一年怎么购买 0
承诺低销套餐我想取消 0
Plus会员有哪些热门app 0
您好：怎么开通15元畅享包快手定向流量包 0
怎么增加亲情号码？ 0
我想办个19元宝藏版花卡 0
我可以免费添加亲情号吗？ 0
您好：怎么开通年包郊区卡 0
网易和百度的咪咕视频定向流量，流量相同不 2
30元40的那个套餐 0
大陆及港澳台版提速退订失败 0
有没有20元20个G的劵 0
如何加亲情号 0
什么是个人版5g畅享套餐 0
我要办理6元咪咕流量包优酷怎么办 0
移除全国亲情网 0
怎么办理120元半年包畅听年卡 0
我的亲情网退掉不用了 0
我的亲情那个业务怎么取消 0
10元畅听年卡怎么购买 0
和家庭成员 原套餐 0
你好，我想停掉全国亲情网业务 0
和家庭非放心用套餐 0
我的流量树有六个果实，我有五千多M流量，怎么给清零了？ 0
爱奇艺7天5g流量包开通 0
怎么开通200元5g家庭套餐 0
昨天办理的plus会员 0
介绍一下享特权活动，应该如何办理呀 1
办理通话圈 0
18元乐享版移动王卡何时能用到 0
校园套餐多少钱介绍一下 1
亲情网咋取消 0
我想办理wlan流量套餐，麻烦帮我开通一下教教我怎么使用 1
我要办理5g智享套餐合约版什么时候可以办理 1
120元半年包神州行畅听卡的通话时长 0
任我用套餐的套餐本月没用完，下月可以继续用吗 0
办理了PLS 0
家庭亲情网的10元，怎么退订？ 0
你好，不小心订购的惠享20元20G流怎么退掉 0
68元2019版校园套餐2020版里还有其他服务吗 0
普通版和全球通版的会员plus，便宜的是哪个 2
乐享优惠券20元20G流量还有吗？ 0
10元移动wlan套餐怎么使用 0
视频加油5g怎么购买 0
我有个20元20g的服务怎么退掉 0
你好。免费接打电话怎么办理 0
我现在不需要2元月包个性化屏显业务，怎么取消掉 0
plus会员退 0
您好：怎么开通6元咪咕流量包任我看芒果tv 0
你告诉我10元暖心流量包怎么开通 0
不限量的通话时长，是什么，给我介绍一下 1
我想办理视频5g加油流量包，麻烦帮我开通一下得花多少钱去开通 1
通话圈月功能是什么 0
我想办理个乐享版专门上网的卡玩玩 0
您好，如何退订亲情网？ 0
你好，我想取消通话圈业务 0
王卡优惠返话费我啥时可以办理，您好：怎么开通 1
P?la?s 0
今天刚签到 0
20元20GB业务怎么开通 0
我可以办理提速日租包吗 0
现在办理亲情网还有优惠吗 0
wlan任我用怎么使用，有多少流量 1
退订全网普惠流量套餐 0
周三抽流量活动下个月生效么 0
为啥呀，为啥不能办理200元5g家庭套餐 0
介绍一下70爱奇艺，怎么购买 1
小额版流量加速开通 0
享有plus会员的条件 0
贴心流量券带多少的流量，如何开通 1
你好，我想取消10元流量日包，怎么办理 0
五元3g何时能用到，有多少流量 1
怎么取消机顶盒，怎么购买 1
取消新30元40G 0
680元5g家庭套餐的网速咋样 0
电子发票想换个邮箱，收件怎么办？ 0
10元10g如何取消如何开通 1
我想把我的亲情套餐那个取消了 0
怎么退订通话圈 0
5元卡我为啥办理不了呀 0
如何开通plus会员 0
更换666，流量是否自动转移 0
什么是畅听卡年包，开通一下 1
手机视频流量包有多少流量，因为什么无法退订 1
家庭分享业务 0
亲情网啥意思？ 0
和家庭优惠 0
您好：怎么开通18元普通版plus 0
怎样在线取消家庭通话成员 0
惠享流量如何取消 0
移动puls会员怎么退订 0
你好我办理的38元北京移动plus会员权益卡有其他什么服务吗 0
60元年包神州行畅听卡退订失败 0
和家庭 开通 0
我办理视频会员5GB通用流量加油包，腾讯和芒果的花的钱是否一样 2
Plus办理完了 从哪里领福利？ 0
年包神州行5元卡什么时候发售 0
微信公众号做任务领的流量劵一直没有 0
我要办理20元139邮箱 0
80元5g家庭套餐怎么购买 0
您好：怎么开通芒果vt 0
家园卡怎么购买，为啥呀，为啥不能办理 1
如何办理plus 0
20元流量券如何取消 0
15元大陆及港澳台版限速恢复我为啥办理不了呀 0
什么是398元5g畅享套餐合约版 0
70元优酷有多少流量 0
9元百度咪咕专属包怎么购买 0
3元采玲的使用方法 0
为什么我不能开通咪咕畅玩 0
白金卡会员 0
30元高速流量套餐是否能取消，有什么要求吗 0
邮箱的使用方法 0
你好我办理的7天5g视频会员流量包有其他什么服务吗 0
我要办理暖心包怎么办何时能用到 1
全网优惠新年礼一白银会员 0
怎么取消和留言业务？ 0
帮我介绍一下22元年包个性化屏显业务的开通条件 0
我这个月还有亲情网吗？怎么取消亲请网。 0
你好，plus业务怎么取消 0
请问我能办20元20G吗 0
18元基础版移动王卡带多少G的流量 0
你好，我想取消200元2018版校园300打一年，怎么办理 0
扣电提醒在哪里开通 0
怎样办理亲情套餐？ 0
我有一个160元5g家庭套餐能取消吗 0
我想办理60元年包家园卡欢乐套餐，麻烦帮我开通一下 0
任我用wlan为啥我取消不了，我为什么不能办理 1
和爱车业务我啥时可以办理 0
我要办理月包天气预报怎么办 0
20元20g的活动怎么办理 0
你告诉我快手流量包怎么开通 0
移动puls会员可以取消吗 0
我要办理9元百度包今日头条包 0
任何添加亲情号 0
1元10gb特惠体验券活动太鸡肋了，帮我干掉吧，我要办理 1
微博包是什么，给我介绍一下，您好：怎么开通 1
手机号邮箱 0
亲情号如何办理，目前有优惠吗？ 0
我要办理11元优酷视频会员5gb通用流量7天包 0
我要办理59元互联网智能语音遥控器怎么办 0
办好了wlan套餐怎么使用 0
全国亲情网功能费优惠活动可以取消吗 0
30叠加包多少钱 0
可以办理30元40G流量吗 0
PULS怎么办理 0
15元咪咕直播流量包任我看咪咕流量退订失败 0
5g智享套餐合约版有多少流量 0
怎么办理亲情号，互通电话免费 0
为啥呀，为啥不能办理王卡 0
教教我怎么使用220元互联网电视 0
如何取消亲情电话？ 0
你好，我之前的9元芒果tv一周流量到期了，想继续办理个 0
普惠的流量 0
请问全国亲情网如何退订？ 0
2元五元3g太鸡肋了，帮我干掉吧 0
15元咪咕直播流量包任我看视频流量包什么时候发售 0
砍价得好礼活动我啥时可以办理 0
怎么办理18元咪咕专属定向流量包 0
你好，我之前的超市会员产品到期了，想继续办理个，什么时候发售 1
签到奖励是需要每天都签到吗 0
我想办理个11元优酷视频会员5gb通用流量7天包玩玩 0
和留言年包取消方式 0
我的亲情卡已经取消了，为什么又给加上了？ 0
10元流量日包开通应该如何操作 0
新全球通畅享套餐如何取消 0
次月1元5g流量可以生效吗 0
取消亲情模式 0
我这个手机套餐的亲情短号是多少？ 0
我可以办理快手app流量包吗太鸡肋了，帮我干掉吧 1
亲情网业务到期取消 0
语音留言啥时候上线，应该如何办理呀 1
我想办理6元视频彩铃，麻烦帮我开通一下 0
19元宝藏版淘宝卡开通应该如何操作 0
20元20GB流量卷 0
关机提醒何时能用到 0
车主服务如何取消，介绍一下 1
为什么我不能开通超级流量王 0
退订互联网专属视频彩铃6元包 0
我为什么不能办理680元5g家庭套餐 0
怎么办理1元小额版流量加速包 0
什么是优酷7天会员流量，为啥呀，为啥不能办理 1
亲友团怎么取消 0
签到翻牌子 0
我想办个5元卡半年包 0
我想办理移动电视盒子，麻烦帮我开通一下 0
我要办理王者荣耀王者怎么办 0
是不是谁都可以办理500元加油包 0
我想办理5g家庭套餐，麻烦帮我开通一下 0
我要办理30元年包和留言 0
23元北京通手机卡是什么，给我介绍一下 0
49元2020版校园卡68如何取消 0
我要办理15元畅享包快手定向流量包怎么办 0
欠费状态发不了短信，全国亲情网如何退订 0
为什么我不能开通6元咪咕流量包任我看芒果tv 0
彩铃功能的使用方法 0
怎么开通北京移动plus会员权益卡 0
我想办理个锦鲤卡玩玩 0
15元高速包什么时候发售 0
全网优惠特权的 0
你好，我想取消成员亲情省，怎么办理 0
60元年包畅听年卡是什么，给我介绍一下 0
怎么开通咪咕畅玩 0
什么时候可以办理视频王卡 0
新30元惠享40g流量券会不会限速 0
15元流量加油包如何取消 0
怎么办理新全球通畅享套餐是否能取消，有什么要求吗 1
办理快手流量包，流量包和畅享包的价格一样吗 2
11元腾讯天5g流量包是什么，给我介绍一下 0
我想办理咪咕直播流量包腾讯视频流量，麻烦帮我开通一下 0
你告诉我为什么不能办理成员全国亲情网 0
全国优惠享特权怎么取消 0
什么时候可以办理3元月包和留言 0
您好：怎么开通宝藏版移动花卡 0
流量助力开通 0
5g智享套餐合约版里还有其他服务吗 0
分享18套餐我为啥办理不了呀 0
我想办理忘了电视，麻烦帮我开通一下 0
我想办个西玛拉雅 0
我有一个年包神州行畅听卡能取消吗 0
任我用套餐什么时候发售，通话时长 1
我想把通话圈功能取消 0
任我看咪咕流量可以适用于任何app的吗 0
怎么办理3元月包短信发送报告 0
20元20G怎样办理 0
开通11元优酷腾讯7天5g流量包 0
你好，我之前的全球通礼遇活动到期了，想继续办理个 0
和家庭免费赠送号卡活动适用范围有要求没 0
288元畅享放心用套餐能取消吗 0
承诺低消的金额怎么取消？ 0
80元5g家庭套餐能取消吗 0
王者我为啥办理不了呀为啥退订失败 1
你好，取消亲情号业务如何办理 0
代家人付费 0
我这个号还可以办20元20g流量吗 0
如何取消30元40G 0
你好，我想取消2元车主服务，怎么办理 0
怎么取消日套餐多少钱能开通 1
如何办理27个月，每月30元领40G流量 0
月包和年包的个性化屏显业务，便宜的是哪个 2
来来，手机邮箱教教我咋用，太鸡肋了，帮我干掉吧 1
和爱车业务的使用方法 0
加开流量啥时候上线，怎么取消 1
你好，我能办理68元2019版和4g校园套餐吗 0
全网优惠享特权什么时候发售，怎么开通 1
我要办理10元流量加油包怎么办 0
语音摇控器的使用方法 0
取消福袋活动 0
怎么取消亲情网成员 0
这个29元5g流量升级包有多少流量 0
7天2g通用流量如何取消 0
你好我办理的68元2019版和4g校园套餐有其他什么服务吗 0
我要申请互联网电视取消 0
我想开通手机视频流量包需要花多少钱什么是 1
20元20GB那个 0
畅聊套餐为什么退订不了，哪些情况下办理不了 1
办理一个含流量最多的小时包，需要多少钱 0
老年卡18元如何取消，怎么办理 1
选择plus会员活动 0
我办理的68元2019版和4g校园套餐有多少流量 0
企业营销代缴话费 0
办理的20元20G流量包 0
怎么办理什么时候可以办理 1
全国普惠得流量活动怎么取消 0
我想办理个咪咕专属包玩玩，网易和百度的开通方式有区别吗 2
您好：怎么开通和留言年包 0
你好，我想取消11元腾讯视频会员5gb通用流量7天包，怎么办理 0
抖音流量包流量使用有上限吗 0
什么是移动王卡惠享合约 0
全网普惠得流量业务 0
和家庭优惠活动开通应该如何操作是不是谁都可以办理 1
全网优惠享我选择语音 0
退订5元彩铃 0
你好，我换车号了，能给我车主服务里的信息改下吗？ 0
是不是谁都可以办理15元大陆及港澳台版流量加速 0
20元惠享优惠券是20G全国通用流量吗 0
我想开通500机场流量包需要花多少钱 0
组网亲情号 0
请问可以取消我的“20元20GB惠享流量券”吗？ 0
还是叫亲情套餐？ 0
我想办理个3元月包短信回执玩玩 0
我能办理30元40G的套餐吗？ 0
我想办理个19元热剧vip互联网电视玩玩 0
我办理了全网优惠享特权 0
什么时候可以办理59元牛卡 0
我要办理老年卡18元怎么办 0
怎么取消和留言年包什么时候发售 1
在哪添加流量共享组 0
含流量最多的加油包多少钱可以办理 0
如何取消全国亲情 0
我想开通5g智享套餐合约版需要花多少钱通话时长 1
我办理的老年卡18元有多少流量，如何取消 1
校园wlan是什么，给我介绍一下为啥呀，为啥不能办理 1
咪咕畅玩开通应该如何操作 0
5元移动wlan套餐为什么退订不了 0
怎么办理68元2019版校园套餐2020版 0
帮我介绍一下11元腾讯视频会员5gb通用流量7天包的开通条件 0
互联网购卡二选一福利 0
22元年包个性化屏显业务有什么要求 0
你好，办理5G智享套餐合约版，合约版和合约版的流量一不一样 2
我要办理12元半年包来电提醒怎么办 0
您好：怎么开通花一惠 0
和留言可以取消吗？ 0
你好，我要取消和家庭那个套餐 0
怎么办理乐享版移动王卡 0
我想把十块钱那个亲情网套餐取消了 0
多少钱能开通五元3g什么是 1
你告诉我锦鲤卡怎么开通 0
我之前有个20元20GB的券 0
得花多少钱去开通车主小秘书24元年套餐 0
开通叠加包需要多少钱，有多少流量 1
如何增加亲情号 0
解绑全网普惠的流量 0
帮我介绍一下15元互联网电视的开通条件 0
10元和家庭分享怎么购买 0
把家庭亲情网退了 0
你好，我想取消plus，怎么办理您好：怎么开通 1
我现在不需要49元2020版和4g校园套餐，怎么取消掉 0
办理的优惠享特权，怎么领取会员权益 0
次月暖心流量包可以生效吗 0
我要办理芒果tv视频会员5gb通用流量7天包 0
和留言有什么功能 0
怎么取消10元家庭成员互打免费 0
怎么取消plus权益 0
18元基础版一元一个g怎么购买 0
刚刚开通亲情能申请退订吗？ 0
五元卡我啥时可以办理多少钱 1
您好和留言取消下 0
为什么我不能开通18元2018版校园专属定向流量包 0
220元忘了电视能取消吗 0
我有一个5元wlan流量套餐能取消吗 0
我想办理移动电视盒子，麻烦帮我开通一下 0
移动网盘可以叠加吗 0
怎么办理手机视频流量包 0
怎么取消加开流量 0
为什么我不能开通放心用多少钱能开通 1
任我用套餐的通话时长 0
200元2018版校园卡活动有[内含其他服务]吗 0
帮我介绍一下校园卡68的开通条件 0
什么是65元乐视会员爱奇艺流量包 0
我想开通加开流量需要花多少钱，啥时候上线 1
这个49元2020版和4g校园套餐有多长的通话时间 0
得花多少钱去开通咪咕直播流量包任我看聚力视频（pptv）流量包 0
我想办理20元20G的套餐流量 0
移动push怎么办理 0
天天签到活动 0
得花多少钱去开通智能遥控器 0
plus服务 0
开通plus会员花钱吗 0
和留言年包如何取消 0
有一个30元40g的流量怎么办理 0
160元5g家庭套餐开通应该如何操作 0
我现在不需要基础版流量王，怎么取消掉 0
取消20元20g的套餐 0
开通18元普通版北京移动plus会员 0
帮我看一下我的亲情号取消了吗 0
家庭共享流量套餐可以叠加吗 0
49元2020版和4g校园套餐什么时候发售 0
24元腾讯视频任我看芒果tv退订失败 0
通话圈功能怎么取消？ 0
我想取消我的全国亲情网 0
我想办理个支付宝卡玩玩 0
是不是谁都可以办理手机视频流量包，我啥时可以办理 1
我本月亲情网优惠10元到期，请关闭此亲情网功能，谢谢? 0
我想办理60元年包5元包月卡，麻烦帮我开通一下 0
你好我办理的11元优酷视频会员5gb通用流量7天包有其他什么服务吗 0
我要办理18元全球通版北京移动plus会员怎么办 0
7天的流量包我啥时可以办理，怎么取消 1
不想用亲情网了 0
15元大陆及港澳台版流量提速包怎么使用 0
我现在不需要月包短信发送报告，怎么取消掉 0
家庭亲情网每月10元能否去掉？不要了，谢谢！ 0
plus会员办理 0
说20元20G 0
我现在不需要嗨购月包，怎么取消掉，我想办个 1
您好！我要取消和家庭与主号的关联 0
我想办个15元咪咕直播流量包腾讯视频24元流量 0
通话圈包年办理 0
你告诉我为什么不能办理8元流量加油包 0
家庭亲情版干嘛用 0
车主小秘书24元年套餐如何用 0
哪些情况下办理不了固话 0
你好，我能办理固话吗开通一下 1
你好，我想取消19元宝藏版移动花卡，怎么办理 0
我为什么不能办理爱奇艺会员视频会员通用流量月包 0
上网版和Plus版的大王卡哪一个更优惠些呢 2
Plus开通后权益为什么提醒已经办理 0
是不是谁都可以办理68元2019版和4g校园套餐 0
我要办理上网版一元一个g怎么办 0
如何设置移动盒子 0
我想办理个哔哩哔哩流量包玩玩我为啥办理不了呀 1
我要办理月包和留言年包 0
全网优惠享特权不能短信取消吗 0
5元半年30元如何取消 0
20块钱20GB的流量能不能开热点 0
和家庭的副卡 0
12元半年包来电提醒怎么购买 0
长期版提速包应该如何办理呀 0
18元普通版移动plus退订失败 0
取消全国亲情网组内通话免费 0
为啥呀，为啥不能办理咪咕直播流量包任我看咪咕流量 0
我想办理15元加油包，麻烦帮我开通一下 0
我现在不需要30元年包和留言，怎么取消掉 0
我刚刚办理了一个plus会员专享的礼包 0
你好，我之前的300元2019版五百打两年到期了，想继续办理个 0
怎么办理新春版花卡 0
我想办个18元2018版校园专属定向流量包 0
开通王者荣耀 0
5g智享套餐家庭版为什么退订不了怎么购买 1
取消全国亲情梦网 0
模组应该如何办理呀 0
无法退订半年包畅听年卡 0
为啥呀，为啥不能办理尊享计划2020版太鸡肋了，帮我干掉吧 1
高速流量套餐太鸡肋了，帮我干掉吧我为啥办理不了呀 1
你告诉我为什么不能办理65元乐视会员视频会员通用流量月包 0
办好了18元全球通版会员plus怎么使用 0
我要办理5g智享套餐家庭版怎么办 0
我想办理个腾讯视频24元流量玩玩 0
普惠流量体验包失效是什么意思？ 0
车主服务是什么？ 0
请问还有20元20流量？ 0
天气预报年包啥时候生效 0
魔百和怎么购买 0
大学生专属流量套餐我为啥办理不了呀，怎么取消 1
我要办理20元移动wlan套餐 0
怎样修改车主服务车辆信息 0
你好，办理5元加油包需要什么条件？ 0
帮我介绍一下分享18套餐的开通条件，啥时候上线 1
怎么取消花一惠 0
你好，我想取消10元芒果视频会员5gb通用流量加油包，怎么办理 0
5元卡是否能取消，有什么要求吗，您好：怎么开通 1
为啥呀，为啥不能办理30元新惠享流量券活动 0
Puls送会员哪里开通 0
开通120元半年包神州行畅听卡 0
你好，办理5G智享套餐合约版，合约版和合约版哪个流量多呀 2
18元海包啥时候上线 0
1元贴心流量券退订失败 0
如何开通wlan流量套餐为什么我不能开通 1
我要办理长期版流量加速包怎么办 0
什么是年包天气预报 0
叠加包什么时候发售，我想办个754it [00:00, 7538.08it/s] 1
取消＋30元40G福包 0
怎么取消15元安心上网流量包 0
怎么办理5元机场流量包 0
如何开通畅享放心用怎么取消 1
30元半年包通州卡是什么，给我介绍一下 0
开通200元5g家庭套餐 0
老年优待卡开通 0
我想退20元20G 0
我要办理10元电话信箱怎么办 0
怎么在客户端办理惠享流量券 0
介绍一下任意用 0
开通年包北京郊区卡 0
为啥呀，为啥不能办理咪咕流量包腾讯上网套餐 0
哪些情况下办理不了腾讯芒果tv会员5gb通用流量加油包 0
介绍一下18元全球通版北京移动plus会员 0
能帮我把那个30块钱40G流量取消了吗？ 0
门头沟卡什么时候发售 0
我想办理个关机提醒玩玩多少钱能开通 1
5g智享套餐合约版为啥我取消不了 0
取消亲情卡服务 0
怎么开通22元年包个性化屏显业务 0
腾讯和芒果的视频会员5GB通用流量加油包，流量多的是哪个，我想要流量多点的 2
现在把海包流量会没吗 0
你告诉我5g畅享套餐怎么开通 0
您好，我要取消全国亲情网服务 0
1元10gb特惠体验券活动应该如何办理呀我啥时可以办理 1
什么时候可以办理30元惠享流量 0
你好，我的30元半年包神州行5元月卡可以退吗？ 0
9元百度包哔哩哔哩我为啥办理不了呀 0
介绍一下5g畅享套餐 0
你告诉我5元流量日报怎么开通 0
什么时候可以办理59元互联网智能语音遥控器 0
我要办理尊享计划2020版 0
1元10gb特惠体验券活动有什么要求，有多少流量 1
取消亲情组网 0
取消新20元20g 流量 0
我要办理王卡二选一 0
您好：怎么开通2019版校园卡活动 0
是不是谁都可以办理15元魔百盒 0
亲情号码怎么加 0
怎么取消腾讯视频会员2gb通用流量7天包 0
188元无限流量开通应该如何操作 0
全网普惠套餐 0
我现在不需要王卡二选一，怎么取消掉，怎么办理 1
你告诉我消费送礼怎么开通 0
和家庭套餐非放心副卡怎么办理 0
你告诉我18元上网版移动王卡怎么开通 0
家庭亲情网作用 0
你好，我想取消套外流量保护，怎么办理我啥时可以办理 1
你好！我要退订家庭亲情网套餐 0
是不是谁都可以办理5元叠加包 0
移动双v尊享会员 0
9元网易专属定向流量包有什么要求 0
我要办理11元腾讯视频会员5gb通用流量7天包怎么办 0
为何不能参加福利二选一 0
我现在不需要视频定向流量，怎么取消掉，为啥呀，为啥不能办理 1
什么是半年包家园卡欢乐套餐 0
80元畅享流量包啥时候生效 0
我办理的加开流量有多少流量我为什么不能办理 1
优酷芒果7天5g流量包有多少流量 0
我想办理30元恢复限速，麻烦帮我开通一下 0
什么是叠加包您好：怎么开通 1
请问全网优惠享特权是在哪里找 0
20元20G的流量活动办理失败怎么回事？ 0
15元安心上网流量包我啥时可以办理 0
欢享套餐还有吗 0
20元20个G流量有么 0
我怎么增加亲情号 0
办理月包和年包的天气预报年包的话，那个稍微便宜点 2
成员和家庭分享啥时候上线 0
哪些情况下办理不了12元半年包短信发送报告 0
我想办个78元无限流量套餐 0
我想办理30元40G流量 0
介绍一下芒果视频会员5gb通用流量加油包 0
尊享计划2020版结转的要求或规则是啥样的 0
怎么取消全国亲情网服务 0
20元20G流量福袋办理方式 0
取消车主服务业务 0
你好，我的叠加包可以退吗？ 0
我办理的百度视频定向流量有多少流量 0
办理完全网普惠得流量怎么领取视频会员 0
我想办个宝藏版支付宝卡 0
介绍一下5g智享套餐家庭版 0
我身边朋友有办理30块40g的流量套餐，怎么办理呀 0
9元网易懂车帝太鸡肋了，帮我干掉吧 0
我要办理500元2020版两百打一年怎么办 0
200元5g家庭套餐我为啥办理不了呀 0
你好，我能办理20元移动wlan套餐吗 0
你告诉我为什么不能办理60元年包家园卡欢乐套餐 0
我可以办理18元基础版移动王卡吗 0
plus开通优惠活动 0
我要退20元20几的 0
我想取消通话圈 0
首都机场流量业务可以玩游戏吗 0
什么时候可以办理北京移动会员，我想办个 1
家庭亲情样全国版 0
2020版打两年300是什么，给我介绍一下 0
怎么开通9元百度专属定向流量包 0
办理普通版和全球通版的plus会员的话，那个稍微便宜点 2
退定语音信箱 0
20元20G如何办理 0
那个30元40g的能办理吗 0
我可以办理10元副卡吗 0
为啥呀，为啥不能办理40元移动wlan套餐 0
移动花卡宝藏版我为啥办理不了呀 0
你好，我要取消快手app流量包，请问流量包和畅享包的取消方式有区别吗 2
我想办个12元半年包短信回执 0
11月和12月的电子发票没有在我提供的邮箱里收到 0
30元40G优惠是通用流量吗 0
我要办理18元网易今日头条抖音包 0
我想办理个安心上网流量包玩玩，什么时候可以办理 1
无法退订腾讯视频任我看视频流量包 0
合约版和合约版的5G智享套餐合约版，流量多的是哪个，我想要流量多点的 2
11元腾讯7天5g视频会员流量包太鸡肋了，帮我干掉吧 0
你好，我之前的10元年包气象服务到期了，想继续办理个 0
plus 会员优惠是什么意思 0
开通网易专属定向流量包 0
开通入网首充赠礼营销活动 0
200元5g家庭套餐应该如何办理呀 0
优酷7天5g流量包里还有其他服务吗 0
什么是惠享卷 0
你好我的手机号可以绑定亲情号吗 0
开通2元车主服务 0
11元腾讯7天的流量包开通 0
20元20g套餐流量限量么 0
如何加入通话圈 0
怎么办理29元5g流量升级包 0
欢享优惠券活动还有吗，以前特殊原因就停了一段时间还能办理吗 0
可以把我的移动PLUS会员停了吗 0
怎么办理亲情网免费 0
为啥呀，为啥不能办理专属流量包校园 0
3元关机提醒什么时候发售 0
10元流量加油包能取消吗 0
什么是百度包专属定向流量包 0
开通高速包 0
漏话提醒服务 0
半年包5元卡能取消吗 0
惠享券取消 0
畅享套餐合约版的通话时长，得花多少钱去开通 1
签到翻牌子领流量没有了吧。 0
怎么开通238元畅享套餐合约版 0
乐视会员爱奇艺流量包应该如何办理呀 0
机顶盒q5 0
15元魔百盒热剧vip连续包月我为啥办理不了呀 0
开通欢乐优惠券需要多少钱 0
什么时候可以办理短信发送提醒，怎么取消 1
为啥呀，为啥不能办理5g家庭套餐 0
帮我介绍一下9元芒果tv视频会员5gb通用流量7天包的开通条件 0
申请30元40G流量 0
得花多少钱去开通2019版校园300打一年 0
打两年300太鸡肋了，帮我干掉吧，开通一下 1
怎么开通半年包神州行5元卡 0
懂车帝怎么购买 0
10元好友计划开通应该如何操作 0
我可以办理视频加油5g吗 0
开通30流量加油包需要多少钱 0
什么是18元咪咕定向流量 0
为啥呀，为啥不能办理158元放心畅享包 0
我想办理尊享计划2020版，麻烦帮我开通一下，何时能用到 1
新惠享流量券我啥时可以办理，你告诉我为什么不能办理 1
半年包家园卡欢乐套餐是什么，给我介绍一下 0
你好，我想咨询一下快手流量是否能取消掉，不想用了 0
你告诉我12月方案5g套餐升档折扣活动怎么开通 0
个人版5g畅享套餐我啥时可以办理 0
我想办理1元10gb特惠体验券活动，麻烦帮我开通一下 0
怎么取消19元宝藏版移动花卡 0
半年包和年包的神州行5元月卡，便宜的是哪个 2
亲情网给我去掉 0
车主服务咋取消 0
我现在不需要半年包神州行畅听卡，怎么取消掉 0
29元5g流量升级包我啥时可以办理 0
如何开通畅享升档 0
入网首充赠礼营销活动下个月生效么 0
60元年包神州行畅听卡有[内含其他服务]吗 0
有别的方法取消亲情网吗 0
尊享计划2020版何时能用到 0
你好我办理的商旅88元有其他什么服务吗怎么开通 1
我办理的9元百度抖音流量包有多少流量 0
为啥呀，为啥不能办理腾讯视频任我看视频流量包 0
我要办理5元彩铃怎么办 0
99元5g流量升级包是什么，给我介绍一下 0
2019版开学季活动多少钱 0
你告诉我160元5g家庭套餐怎么开通 0
我现在不需要5g套餐升档折扣活动，怎么取消掉 0
网易和百度的bilibili流量包，流量多的是哪个，我想要流量多点的 2
3元月包短信回执开通 0
怎么办理30元加开流量 0
我办理的高校流量包有多少流量 0
取消流量福袋活动套餐 0
开通30元40GB流量服务 0
怎么在移动官网取消亲情号码 0
和彩云专属流量 0
帮我介绍一下18元上网版纯流量卡的开通条件 0
我想办个流量提速包 0
提速日租包我啥时可以办理，应该如何办理呀 1
你好，我的120元半年包神州行畅听卡可以退吗？ 0
1元10gb特惠体验券活动结转的要求或规则是啥样的 0
怎么办理承诺消费补差 0
开通188元无限量 0
电话信箱啥时候生效 0
快手流量有多少流量 0
你好，我想取消拼团流量包，怎么办理 0
我要办理5g家庭套餐 0
享特权版块在哪？ 0
我办理畅听卡年包，年包和半年包的花的钱是否一样 2
高速包啥时候上线 0
语言留言服务如何取消我要办理 1
15gb定向流量月包结转的要求或规则是啥样的 0
我想办个70元优酷会员视频会员通用流量月包 0
什么是18元基础版移动王卡 0
你好，我想取消1元10gb特惠体验券活动，怎么办理，是什么，给我介绍一下 1
退订全球通plus会员 0
和家庭如何取消解绑 0
我想办理忘了电视，电影vip和热剧vip哪个更便宜一些 2
什么是bilibili太鸡肋了，帮我干掉吧 1
这张发票邮箱写错了，发到别的邮箱了，怎么收回啊？ 0
200元5g家庭套餐的通带宽多少 0
你好，我想咨询一下15元咪咕直播流量包咪咕直播是否能取消掉，不想用了 0
福卡30元40G 0
次月和留言年包可以生效吗 0
购买了，我要福利二选一 0
你好，办理年包个性化屏显业务需要什么条件？ 0
比好，我办理的5元卡半年包可以刷视频吗 0
你好，我的60元年包5元卡可以退吗？ 0
你好我办理的优酷视频会员5gb通用流量7天包有其他什么服务吗 0
20元20GB欢乐优惠 0
你告诉我3元来电提醒怎么开通 0
你告诉我乐享版超级流量王怎么开通 0
请协助退订我的每月10元的“通话圈”业务 0
大学生专属流量套餐为什么退订不了 0
6元咪咕流量包芒果vt为啥我取消不了 0
5g家庭套餐何时能用到，怎么办理 1
充50送50如何取消，您好：怎么开通 1
你好，办理上网版移动王卡需要什么条件？ 0
退出PLUS会员服务 0
流量加速包何时能用到，怎么取消 1
我想办理个18元基础版移动王卡玩玩 0
您好：怎么开通北京移动plus会员权益卡，有多少流量 1
20元20GB包年怎么办理 0
30元半年包神州行5元月卡能取消吗 0
怎么取消云邮包 0
怎么取消1元月包天气预报 0
半年包畅听卡年包什么时候发售 0
为什么我不能开通68元2019版和4g校园套餐 0
我想办理和留言年包，月包和年包哪个更便宜一些 2
我想开通语言留言服务需要花多少钱，如何取消 1
你好，我想咨询一下校园流量包是否能取消掉，不想用了 0
如何取消家庭亲情网业务 0
怎么开通车主小秘书24元年套餐什么是 1
和家庭共享流量包能取消吗有多少流量 1
机顶盒功能 0
短信回执业务办理 0
我现在不需要移动网盘，怎么取消掉 0
流量福袋20 0
咪咕专属流量有多少流量 0
开通升档信用购 0
百度专属定向流量包何时能用到 0
你告诉我欢乐优惠券怎么开通如何取消 1
怎么开通5元家园卡欢乐套餐 0
开通机顶盒 0
我想办个200元2019版两百打一年 0
任我用套餐c开通应该如何操作 0
我要办理盖楼 0
29元5g流量升级包太鸡肋了，帮我干掉吧 0
5元移动wlan套餐是什么，给我介绍一下 0
我已经办理plus会员，权益怎么领取 0
有个全网优惠新年礼，在哪里可办理？ 0
流量最多的小时包如何开通 0
上网版和Plus版的王卡套餐，流量多的是哪个，我想要流量多点的 2
取消20元20G流量包 0
Plus会员12月免费领怎么办理 0
半年包和年包的60包一年的取消条件有区别吗，为啥我的取消不了呢 2
我想取消家庭亲情网业务 0
为什么我不能开通倍享活动怎么开通 1
plus会员套餐选择 0
3元月包短信回执我啥时可以办理 0
10元芒果视频5g加油流量包有[内含其他服务]吗 0
plus会员 如何选 0
139邮箱怎么开通 0
开通五元3g 0
办好了15元大陆及港澳台版提速包怎么使用 0
申领智能语音遥控器 0
帮我介绍一下15元大陆及港澳台版提速包的开通条件 0
办理惠享流量券 0
怎样取消普惠得流量 0
9元网易专属定向流量包怎么购买 0
退订全网普惠得流量业务 0
花一惠一是什么 0
我要办理wlan流量套餐 0
你好，办理188元任我用套餐需要什么条件？ 0
亲情网加入成员 0
我要办理百度包专属定向流量包怎么办 0
副卡取消家庭计划 0
你告诉我60元年包5元包月卡怎么开通 0
这个10元神州行畅听卡有多长的通话时间 0
比好，我办理的流量月包升档可以刷视频吗 0
我办理和4G校园套餐，2019版和2020版含的流量一样吗 2
我现在不需要叠加包，怎么取消掉 0
什么是成员通话圈 0
您好退订亲情网套餐 0
取消新20元20G优惠券 0
亲情号在哪里加入 0
你好，办理12元半年包短信发送报告需要什么条件？ 0
20元20G欢享券办理 0
我现在每月的消费够不够那个满140消费 送权益视频的活动啊 0
优酷7天5g流量包我为啥办理不了呀怎么取消 1
你好，我想取消超市会员产品，怎么办理，多少钱 1
7天5g视频会员流量包如何取消，我要办理 1
什么时候可以取消220元互联网电视 0
开通两百打一年需要多少钱 0
开通放心畅享包 0
校园300打一年应该如何办理呀 0
我想开通北京移动会员需要花多少钱，我为什么不能办理 1
我想办个网易专属定向流量包 0
为啥呀，为啥不能办理24元腾讯视频任我看视频流量包 0
什么时候可以取消5g智享套餐家庭版 0
68元2019版学生卡何时能用到 0
我想办理20元20个GB的流量套餐 0
签到翻牌抽流量总是谢谢参与 如果没有流量送 就不要逗大家玩了 0
怎么取消安心上网流量包，怎么办理 1
怎么取消充50送50 0
你好我办理的30元半年包神州行5元卡有其他什么服务吗 0
代交话费如何取消 0
短信发送报告的使用方法，介绍一下 1
我为什么不能办理减免套餐费活动，怎么购买 1
怎么增加亲情畅享手机号？ 0
你好，我想取消30元半年包家园卡欢乐套餐，怎么办理 0
车主服务退订 0
移动王卡惠享合约 0
短信回收箱 0
亲情号码开通 0
全网优惠新年礼券是什么 0
请问家庭亲情网全国版  有什么权益？ 0
怎么取消18元乐享版移动王卡 0
能不能关闭通话圈 0
校园定向应该如何办理呀 0
我要办理门头沟卡 0
198元畅享套餐合约版啥时候上线 0
套餐和固定话费是什么 0
什么是神州行5元月卡 0
多少钱能开通大陆及港澳台版加速包 0
个人版和家庭版的5G畅享套餐开通方式一样不 2
介绍一下49元2020版和4g校园套餐 0
你好，我的15元大陆及港澳台版提速包可以退吗？ 0
花一惠我啥时可以办理 0
为什么我不能开通叠加包，有多少流量 1
我要办个便宜的短信发送报告，月包和半年包哪个可以少花点钱 2
年包和彩印我为啥办理不了呀 0
我办理的加速包有多少流量因为什么无法退订 1
赠送的免费plus活动权益点哪里开通 0
18元普通版北京移动会员的使用方法 0
什么时候可以办理移动wlan 0
全国亲情网退费 0
来来，3元彩铃教教我咋用 0
请问怎么取消一月10块的亲情网套餐 0
30元欢享卷怎么办理 0
我想办理免费版139邮箱，麻烦帮我开通一下 0
取消语音留言服务 0
邮箱怎么使用，介绍一下 1
亲情号业务能办理吗 0
18元全球通版普拉斯是什么，给我介绍一下 0
9元百度视频定向流量我啥时可以办理 0
18元2018版校园专属定向流量包是什么，给我介绍一下 0
我的plus会员将于本月底到期。如何办理续期？ 0
取消20元20G流量优惠劵 0
我订的20元20g流量如何退订 0
移动wlan如何用，是否能取消，有什么要求吗 1
如何取消惠享流量券 0
介绍一下9元芒果tv视频会员5gb通用流量7天包 0
怎么办理普惠套餐，什么时候可以办理 1
什么时候可以取消会员plus是什么，给我介绍一下 1
车主服务，怎么订阅？ 0
你好，我能办理爱奇艺7天5g流量包吗 0
惠享券什么时候发售有什么要求 1
怎么办理腾讯7天5g视频会员流量包 0
如何开通车主小秘书24元年套餐教教我怎么使用 1
为啥呀，为啥不能办理家庭共享流量套餐，我想办个 1
99元流量升级包我啥时可以办理 0
充值短信优惠怎么取消 0
我现在不需要2019版校园卡活动，怎么取消掉 0
我现在不需要9元芒果tv视频会员5gb通用流量7天包，怎么取消掉 0
139邮箱关闭后如何开通 0
短促包何时能用到，应该如何办理呀 1
校园卡68什么时候发售 0
日包多少钱 0
亲情网怎么办 0
怎么取消2元月包个性化屏显业务 0
您好，请问和家庭业务中，放心用套餐，和非放心用套餐是什么意思 0
18311160789是亲情卡吗 0
你好，办理9元网易bilibili需要什么条件？ 0
20元特惠流量是全国通用流量吗 0
怎么办理15元咪咕直播流量包任我看视频流量包 0
188元任我用套餐开通应该如何操作 0
20元20个G的活动怎么办理 0
王者荣耀我啥时可以办理，我为什么不能办理 1
这个30元40G的套餐还可以开吗 0
添加亲情号码，我来付话费，怎么操作 0
5元彩铃开通应该如何操作 0
15元大陆及港澳台版提速日租包带多少G的流量 0
您好，，20元20g的可以开通吗 0
30块钱40G流量怎么办理 0
得花多少钱去开通腾讯7天5g流量包，我要办理 1
我想办理一个每月20元20个G的套餐 0
何时能用到，如何用 1
我想办理任我看西瓜视频，麻烦帮我开通一下 0
家庭计划怎么添加副卡 0
签到不了？ 0
享特权专区地点 0
怎么办理优酷7天会员流量 0
亲情网10元怎么取消 0
如何取消和留言 0
59元牛卡什么时候发售 0
全国亲情网套餐如何取消 0
什么时候可以办理打两年300是什么，给我介绍一下 1
来电提醒怎么开通 0
帮我取消亲情网 0
您好！我想关闭亲情号，怎么操作？ 0
我想办理个wlan玩玩 0
我的那个20元20个G的流量，小孩点错了，怎么退 0
什么时候可以取消70元爱奇艺会员视频会员通用流量月包 0
五元3g带多少的流量，我要办理 1
你告诉我5元家园卡欢乐套餐怎么开通 0
30元40g的套餐能办吗 0
全国亲情网退订怎么办理 0
芝麻卡适用范围有要求没 0
为啥呀，为啥不能办理年包家园卡欢乐套餐 0
5g智享套餐合约版有什么要求，如何开通 1
我想办理花一惠，麻烦帮我开通一下 0
要取消和家庭附卡 0
Plus会员怎么回事？ 0
如何用我啥时可以办理 1
我现在不需要10元5元2g，怎么取消掉 0
Plus会员视频 0
我现在不需要外省亲情号，怎么取消掉 0
我这个号可以办那个20元20g的套餐吗 0
什么是小额版提速包 0
你好，办理30元新惠享流量券活动需要什么条件？ 0
办好了体验版-12个月嗨购月包怎么使用 0
我想办理个腾讯上网套餐玩玩 0
怎么关闭亲情网 0
怎么取消芒果tv视频会员2gb通用流量7天包 0
办理畅聊套餐的年包和半年包，含有的其它服务有区别吗 2
我现在不需要9元王者荣耀王者，怎么取消掉 0
年包神州行畅听卡有什么要求 0
开通和家庭分享 0
退订和彩云网盘 0
如何停止家庭亲情网套餐 0
为啥呀，为啥不能办理1元移动wlan套餐 0
任我看西瓜视频有多少流量怎么办理 1
介绍一下普通版移动plus 0
10元和爱车黄金会员怎么购买 0
什么时候可以办理10元暖心流量包 0
我想问一下plus会员的那个权益只有第一次领取才有专属流量吗 0
我可以办理固话吗 0
全网普惠得特权 0
我想取消代亲情号码付费的业务 0
我想办理视频会员5GB通用流量7天包，爱奇艺和芒果tv的开通方式一样吗 2
和彩云已经关闭了如何开启？ 0
您好：怎么开通网易包 0
我无法办理20元20G ，显示办理失败 0
任意用啥时候上线 0
是不是谁都可以办理半年包短信回执 0
得花多少钱去开通500机场流量套餐 0
158元畅享放心用套餐是否能取消，有什么要求吗 0
我想开通畅享套餐合约版需要花多少钱 0
我现在不需要2020版校园卡活动，怎么取消掉 0
我想办理3元月包语音留言，麻烦帮我开通一下 0
流量加速包我为啥办理不了呀教教我怎么使用 1
300元2020版两百打一年有[内含其他服务]吗 0
我要办理15元流量加速怎么办 0
500元叠加包退订失败 0
我可以办理开学季活动吗，开通应该如何操作 1
怎么退订亲情网呀 0
叠加包为什么退订不了，应该如何办理呀 1
请问如何取消plus会员 0
60元年包神州行畅听卡开通 0
我办理的优酷7天会员流量有多少流量 0
我想退“家庭亲情网全国版”增值服务，怎么操作？ 0
5元手机彩铃如何用 0
我为什么不能办理每天签到如何开通 1
你好，我能办理49元2020版动感地带校园行套餐吗 0
比好，我办理的机顶盒可以刷视频吗 0
30元40GB怎么开通 0
我要办理15元大陆及港澳台版提速日租包怎么办 0
误点了亲情网功能优惠，怎么取消？ 0
任我用wlan为什么退订不了 0
新办理的全网优惠新年礼在哪里领取？ 0
帮我介绍一下15元咪咕直播流量包任我看的开通条件 0
怎么办理固话，我为什么不能办理 1
移动王卡畅享版首充50送50方案怎么购买，啥时候上线 1
这个畅享套餐合约版有多少流量 0
欢享优惠券流量办理 0
您好：怎么开通无限量 0
开通亲情号码 0
全网普惠得流量如何取消 0
更换任我看腾讯视频流量包，流量是否自动转移 0
20G焕享优惠券如何取消 0
退掉家庭亲情网 0
多少钱能开通打两年300，您好：怎么开通 1
你好，我想退掉全国亲情网 0
这个9元芒果tv一周流量有多少流量 0
怎么取消腾讯视频会员5gb通用流量7天包 0
优酷会员65乐视有什么要求 0
我可以办理学生卡吗，应该如何办理呀 1
你告诉我为什么不能办理乐视会员视频会员通用流量月包 0
这个芒果tv视频会员2gb通用流量7天包有多少流量 0
专属流量包校园结转的要求或规则是啥样的 0
什么是3元月包短信发送提醒 0
新卡，是充50送100吗 0
叠加包有多少流量怎么开通 1
取消新30元40GB惠享流量券 0
我要取消全国亲情网的收费 0
月包和年包的个性化屏显业务所花的钱一样不？ 2
麻烦帮我办理一下30元40GB欢享优惠券的流量业务 0
我现在不需要个性化屏显业务，怎么取消掉啥时候上线 1
怎么绑定亲情号码 0
为什么我不能开通10元神州行畅听卡 0
你告诉我为什么不能办理年包五元卡 0
怎么开通5元流量加油包 0
什么是神b 0
半年包神州行5元卡应该如何办理呀 0
如何取消享特权服务 0
18元2018版移动校园优惠包我为啥办理不了呀 0
5元移动wlan套餐为啥我取消不了 0
开通10元副卡 0
首都机场流量业务为什么退订不了，是什么，给我介绍一下 1
开通大众卡需要多少钱，您好：怎么开通 1
我可以办理年包和彩印吗 0
多少钱能开通畅享套餐合约版 0
申请合约plus会员 0
我要办理188元任我用套餐怎么办 0
Plus 会员可以退吗 0
我要办理个人版5g畅享套餐 0
18元基础版类似腾讯大王卡什么时候发售 0
我想办理个200元5g家庭套餐玩玩 0
短信发送报告我为啥办理不了呀，应该如何办理呀 1
Ktdzzd+邮箱 0
取消亲情网编组 0
之前办理的20元20G的活动还有吗？ 0
什么时候可以办理半年包短信回执 0
如何增加亲情号码 0
我还能办理一个20元20g的套餐吗？没收到这劵 0
为什么我不能开通小额版提速包 0
我办理的9元芒果tv爱奇艺7天5g流量包有多少流量 0
退订全国亲情 0
怎么用24元腾讯视频任我看咪咕流量 0
20元的惠享流量包能取消吗，我想改套餐 0
我想问一下我刚办理的20元20G的流量套餐 0
什么时候可以办理10元移动wlan套餐 0
你好，我之前的9元网易专属定向流量包到期了，想继续办理个 0
咪咕畅玩啥时候上线 0
您好，怎么取消亲情电话网 0
我为什么不能办理70元爱奇艺会员视频会员通用流量月包 0
为啥呀，为啥不能办理288元畅享放心用套餐 0
锦鲤卡可以玩游戏吗 0
我想办理热剧vip魔百和，麻烦帮我开通一下 0
惠享优惠券活动 0
65乐视开通一下，我为啥办理不了呀 1
办理魔百盒热剧vip连续包月，电影vip和热剧vip的价格一样吗 2
帮我介绍一下18元全球通版北京移动plus会员的开通条件 0
我想办个日套餐什么是 1
咪咕网易包如何取消 0
百度包火山小视频流量有什么要求 0
办好了校园wlan怎么使用 0
15元咪咕直播流量包视频流量包带多少G的流量 0
帮我介绍一下5元cmcc的开通条件 0
20元20g的介绍一下吧 0
怎么办理畅享套餐合约版 0
我为什么不能办理18元普通版北京移动plus会员 0
如何开通和彩云 0
18元网易抖音流量包开通应该如何操作 0
怎么开通49元2020版校园套餐 0
通话圈业务退订 0
我想办理个238元畅享套餐合约版玩玩 0
我要办理5g智享套餐合约版怎么取消 1
得花多少钱去开通爱奇艺会员65乐视 0
帮我介绍一下60元年包家园卡欢乐套餐的开通条件 0
2019版和4g校园套餐应该如何办理呀 0
有没有30元40G流量套餐可以办理 0
666我要参加活动 0
亲情号在哪添加 0
天5g流量包多少钱，怎么取消 1
是不是谁都可以办理9元网易专属定向流量包 0
介绍一下王卡优惠返话费 0
个性化屏显业务开通应该如何操作，怎么取消 1
怎么取消网易包，有多少流量 1
取消亲情号群，不允许扣费 0
如何修改接受电子发票的邮箱 0
怎么办理plus业务 0
办理个性化屏显业务，月包和年包的价格一样吗 2
砍价得好礼活动结转的要求或规则是啥样的 0
首都机场流量业务我啥时可以办理 0
视频王卡何时能用到 0
20元20G办理 0
您好：怎么开通精灵卡首充优惠活动 0
您好：怎么开通咪咕直播流量包任我看视频流量包 0
得花多少钱去开通首都机场流量业务，怎么取消 1
我想办理个性化屏显业务，月包和年包哪个更便宜一些 2
开通门头沟卡 0
我的卡号下个月能办理20元20个G的流量套餐吗 0
和家庭加成员 0
10元腾讯视频会员5gb通用流量加油包是什么，给我介绍一下 0
北京移动会员如何取消，教教我怎么使用 1
我想办理个房山卡玩玩，是不是谁都可以办理 1
为什么我不能开通65元乐视会员视频会员通用流量月包 0
花一惠一退订 0
你好，办理10元移动wlan需要什么条件？ 0
芒果视频会员5gb通用流量加油包有多少流量 0
你好我办理的芒果视频5g加油流量包有其他什么服务吗 0
我的20元20G流量怎么取消 0
还有请问下如何取消全国亲情网业务？ 0
我可以办理8元加开流量吗 0
电子发票发送到邮箱的哪个文件夹 0
半年包和年包的半年30元所花的钱一样不？ 2
哪些情况下办理不了畅聊套餐为啥退订失败 1
移动校园专属优惠可以适用于任何app的吗 0
9元百度包今日头条包我啥时可以办理 0
30元40g流量退订 0
什么时候可以办理70元优酷会员65乐视 0
怎么开通尊享计划2020版有什么要求 1
我要办理6元喜马拉雅西玛拉雅 0
139邮箱问题 0
你好，我之前的60元年包大兴卡到期了，想继续办理个 0
10元暖心流量包什么时候发售 0
海包如何取消 0
我为什么不能办理11元腾讯视频会员5gb通用流量7天包 0
怎样办理亲情号 0
pluss怎么取消 0
19元热剧vip魔百盒开通应该如何操作 0
11元腾讯视频会员5gb通用流量7天包我啥时可以办理 0
怎么关闭和留言 0
月包和留言太鸡肋了，帮我干掉吧 0
任我看芒果tv怎么购买是不是谁都可以办理 1
如何开通移动电视盒子，太鸡肋了，帮我干掉吧 1
怎么办理11元优酷腾讯7天5g流量包 0
我可以办理加开流量吗我想办个 1
怎么办理优酷会员视频会员通用流量月包 0
和校园专属流量包怎么退订？ 0
北京移动wlan开通应该如何操作 0
赠送的plus会员如何用积分抵扣 0
如何设置邮箱 0
北京移动plus会员 有每个月低消嘛 0
刚才误操作，点击建立了亲情圈。暂不需要，请帮我取消。 0
模组啥时候上线，开通应该如何操作 1
20元20gb惠享流量的套餐本月没用完，下月可以继续用吗 0
我要办理68元2019版和4g校园套餐怎么办 0
我想开通任我看快手需要花多少钱是否能取消，有什么要求吗 1
怎么取消月包和彩印 0
你好，我的爱奇艺会员视频会员通用流量月包可以退吗？ 0
我现在不需要18元乐享版移动王卡，怎么取消掉 0
有每月20元20G流量的套餐吗？ 0
这个全国亲情网有什么用？我想退订！ 0
如何取消我的亲情号服务 0
办理20元20GB流量 0
我要办理2元月包和彩印怎么办 0
请帮我退订亲情网业务 0
我想办理个流量升级包玩玩，多少钱能开通 1
怎么办理12元半年包关机没信号的短信 0
24元腾讯视频优酷带多少G的流量 0
校园定向流量可以适用于任何app的吗 0
你好没有139邮箱怎么办 0
你好，我想咨询一下10元神州行畅听卡是否能取消掉，不想用了 0
我要退全网享特权 0
怎么取消680元5g家庭套餐 0
如何开通情亲号 0
15元安心上网流量包如何取消 0
我现在不需要80元5g家庭套餐，怎么取消掉 0
视频流量包开通一下，得花多少钱去开通 1
您好：怎么开通30元年包和留言 0
退全网亲情网 0
我现在不需要18元2018版校园专属定向流量包，怎么取消掉 0
换新活动结转的要求或规则是啥样的 0
我办理的100元20g有多少流量 0
惠享流量券，是否可以随时退订？ 0
合家庭分享 0
关闭全国家庭亲情网 0
校园38怎么购买 0
爱奇艺会员视频会员通用流量月包有[内含其他服务]吗 0
芒果tv会员5gb通用流量加油包结转的要求或规则是啥样的 0
你好  我正在20元20gb套餐，怎么办不了 0
怎么用半年包短信发送提醒 0
亲情网办理页面 0
什么是5元给对方听的铃音 0
我要办理9元芒果tv7天5g视频会员流量包怎么办 0
什么时候可以办理畅听年卡 0
20元20G只是流量费用吗？ 0
最便宜的5g流量升级包多少钱 0
你告诉我7天2g通用流量怎么开通，什么是 1
怎么开通30元提速包 0
比好，我办理的和家庭免费赠送号卡活动可以刷视频吗 0
怎样退订通话圈 0
和家庭套餐是啥意思 0
我要取消通话圈业务（每月10元） 0
为什么我不能开通百度bilibili流量包 0
畅享套餐合约版带多少G的流量 0
嗨购月包怎么使用 0
你告诉我238元5g畅享套餐合约版怎么开通 0
你好，办理7天5g视频会员流量包需要什么条件？，怎么办理 1
全网优惠享开通后，看电视的Vip怎么开通 0
魔百盒，电视频道限时免费政策 0
我要退订全国亲情网业务 0
5元机场流量包带多少G的流量 0
我想办个入网首充赠礼营销活动，我啥时可以办理 1
取消代付费 0
2019版和4g校园套餐有什么要求 0
什么是18元全球通版北京移动plus会员 0
你好，我想取消5g家庭套餐，怎么办理，网速咋样 1
怎么开通70元爱奇艺会员视频会员通用流量月包1523it [00:00, 7580.79it/s] 0
我办理的188元无线流量套餐有多少流量 0
您好，20元/月的活动 每个月是给20GB吗em_9 0
办好了电影vip互联网电视怎么使用 0
500元2020版五百打两年开通应该如何操作 0
您好  现在能取消这个全网优惠享特权吗 0
腾讯视频任我看视频流量包怎么使用 0
现在能不能办理30元40个G的流量 0
已经开通plus会员，如何选择会员权限 0
开通月包气象服务需要多少钱 0
我办理短信发送提醒，月包和半年包的花的钱是否一样 2
如何办理移动plus续订 0
全国亲情网功能怎么取消 0
如何办理30元40g活动 0
这个畅享套餐合约版有多长的通话时间 0
贴心流量券开通应该如何操作能取消吗 1
Plus会员是自动续期的吗？ 0
10元腾讯视频会员5gb通用流量加油包怎么购买 0
15元畅享包快手app流量包是否能取消，有什么要求吗 0
和校园我啥时可以办理，您好：怎么开通 1
你好，我之前的咪咕流量包任我看芒果tv到期了，想继续办理个 0
10元暖心包我啥时可以办理 0
80元5g家庭套餐太鸡肋了，帮我干掉吧 0
你好，我想取消5g家庭套餐，怎么办理这个业务的网速好不好 1
我要办理移动云，什么时候发售 1
18元网易咪咕专属包什么时候发售 0
无法退订65元乐视会员视频会员通用流量月包 0
怎么取消15元流量加油包 0
哪些情况下办理不了11元腾讯视频会员5gb通用流量7天包 0
无线流量套餐的通话时长 0
首都机场流量业务我啥时可以办理，太鸡肋了，帮我干掉吧 1
月承诺消费35送视频会员 0
plus会员权益已领取 ，但是登录视频还不是vip怎么办 0
如何取消每月20元.20G流量业务？ 0
您好：怎么开通半年30元 0
现在把淘宝卡流量会没吗 0
我办理和4G校园套餐，2019版和2020版哪个流量多呀 2
我该怎么退亲情业务呢 0
流量能不能绑定亲情号 0
怎么开通花呗卡 0
什么是9元网易专属定向流量包 0
亲情网办理 0
怎么退订亲情套餐 0
我想问下怎么关闭plus会员 0
为啥呀，为啥不能办理6元咪咕流量包任我看视频流量包 0
流量福袋办理后能提前取消吗 0
11元腾讯7天的流量包带多少G的流量 0
我想办一个亲情号 0
200元2018版校园300打两年何时能用到 0
怎么办理年包神州行畅听卡 0
40元流量加油包能取消吗 0
介绍一下畅享包快手app流量包 0
王卡套餐开通应该如何操作我啥时可以办理 1
办理芒果tv和PPtv的视频会员2GB通用流量7天包的话，花费一样多吗 2
如果取消流量提速包的话，小额版和阶梯版的方式一样吗 2
我可以办理9元百度定向流量吗 0
我想办理个畅聊套餐玩玩，为什么退订不了 1
亲情号业务可取消吗 0
介绍一下半年包家园卡 0
怎么开通500元2020版校园卡活动 0
如何取消“和留言年包” 0
和留言年包是什么意思 0
如何开通五元3g，怎么取消 1
什么时候可以办理65乐视 0
全网优惠享特权合约多久 0
北京移动plus会员权益卡带多少的流量，开通一下 1
哪些情况下办理不了10元万能副卡 0
139邮箱不想用怎么取消 0
你好，我能办理22元年包和彩印吗 0
上网版移动王卡啥时候上线 0
什么时候可以取消新飞58套餐，应该如何办理呀 1
我想退订互联网电视 0
你告诉我为什么不能办理18元普通版北京移动会员 0
怎么开通个人版5g畅享套餐 0
你好，我之前的200元2019版校园卡活动到期了，想继续办理个 0
我想办理咪咕专属定向流量包，麻烦帮我开通一下 0
什么时候可以取消5g智享套餐合约版 0
70元优酷会员65乐视如何取消 0
福袋怎么退订？ 0
10元暖心流量包怎么购买 0
欢享 20 0
我想办理12元半年包主叫发短信的业务，麻烦帮我开通一下 0
签到有奖需要每天签到吗 0
新全球通畅享套餐里还有其他服务吗 0
QXQGQQW取消亲情网 0
亲情网撤了吧！麻烦了 0
帮我取消那个亲情网 0
倍享活动怎么购买是否能取消，有什么要求吗 1
商旅88元何时能用到 0
月包升档活动里还有其他服务吗 0
9元王者荣耀王者我为啥办理不了呀 0
和家庭业务什么意思？ 0
全国亲情网怎么关 0
老年优待卡多少钱我为什么不能办理 1
为什么我不能开通18元乐享版专门上网的卡 0
128元5g畅享套餐合约版是什么，给我介绍一下 0
plus会员包含什么业务？ 0
12元半年包短信发送报告何时能用到 0
12月方案和24月方案的5G套餐升档折扣活动开通方式一样不 2
来来，腾讯视频24元流量教教我咋用，我为啥办理不了呀 1
plus会员已办理 在哪里兑换呢 0
12元半年包主叫发短信的业务啥时候上线 0
如何办理机动车违章提醒 0
288元畅享放心用套餐的网速咋样 0
亲情网怎么订 0
3元首都机场流量包如何取消 0
哪些情况下办理不了9元芒果tv天5g流量包 0
300元2020版校园卡活动啥时候上线 0
我现在不需要畅听卡年包，怎么取消掉什么是 1
怎么用cmcc你告诉我为什么不能办理 1
30元40g惠享流量券怎么取消 0
我刚才定了一个畅享餐，定错了怎么退 0
我要限号提醒? 0
为啥呀，为啥不能办理腾讯视频会员5gb通用流量7天包 0
流量保险有什么要求 0
怎么取消全国亲情网功能 0
全网优惠享特权业务怎么取消 0
你好，我想取消亲情 0
20元20GB流量开通 0
全国亲情网内容 0
怎么办理畅享套餐促销优惠什么时候发售 1
成员亲情通业务太鸡肋了，帮我干掉吧 0
我现在不需要238元5g畅享套餐合约版，怎么取消掉 0
家庭亲情网可以停掉吗？ 0
比好，我办理的首都机场流量业务可以刷视频吗 0
我可以办理无限流量吗，我啥时可以办理 1
18元上网版一元一个g开通应该如何操作 0
任我用wlan我啥时可以办理 0
现在plus会员的权益，为什么没有视频网站会员权益可以选了？ 0
20元移动wlan套餐为啥我取消不了 0
每月10元三个亲情号业务怎样取消 0
我现在不需要2018版打两年300，怎么取消掉 0
我要办理30元半年包神州行5元卡怎么办 0
30元40M 0
30元40G通用流量的怎么开通 0
办好了半年包关机没网络信号时怎么使用 0
我办理的全国亲情网功能费优惠已到期，怎么退订 0
Plus乐享 0
怎么开通1元wlan任我用 0
校园wlan啥时候上线，有多少流量 1
你好，我想咨询一下咪咕直播流量包咪咕直播是否能取消掉，不想用了 0
年包天气预报多少钱 0
年包和彩印应该如何办理呀 0
这个放心用流量够用的吗是不是谁都可以办理 1
通话圈如何取消成员 0
什么是动感地带校园行套餐，应该如何办理呀 1
你好，我想取消15元提速包，怎么办理 0
这个畅享套餐合约版有多少流量怎么购买 1
多少钱能开通移动wlan怎么开通 1
我要办理首都机场流量业务带多少的流量 1
我可以办理一周流量吗，介绍一下 1
承诺消费赠会员 0
你告诉我为什么不能办理70元爱奇艺会员手机视频流量包 0
取消全国亲情网如何办理？ 0
我想注册一个@139的邮箱?，怎么注册呀？ 0
取消20元20G优惠券活动 0
什么时候可以办理18元网易专属定向流量包 0
订单中有个每月10元WLAN，希望取消。 0
你好，我之前的代扣话费到期了，想继续办理个 0
家庭亲情网套餐，什么鬼？ 0
开通60元年包神州行畅听卡 0
我想办理个18元海包玩玩 0
怎么办理畅聊套餐，有什么要求 1
怎么办理60元年包五元卡 0
2020版和4g校园套餐何时能用到 0
校园300打一年我为啥办理不了呀 0
你好，我能办理2020版和4g校园套餐吗 0
我想开通5g智享套餐合约版需要花多少钱应该如何办理呀 1
plus权益没有视频会员了吗？ 0
我想开通5元卡半年包需要花多少钱，有什么要求 1
什么是10元芒果视频会员5gb通用流量加油包 0
18元2018版流量学生专用带多少G的流量 0
300元2019版校园卡活动有[内含其他服务]吗 0
5元日充流量太鸡肋了，帮我干掉吧 0
介绍一下9元王者荣耀王者 0
11元腾讯视频会员5gb通用流量7天包有[内含其他服务]吗 0
首都机场流量包什么时候发售，能取消吗 1
电影vip魔百盒热剧vip连续包月应该如何办理呀 0
取消家庭亲情网版 0
20元20gb你能取消吗 0
能帮我我把plus会员关掉吗 0
我办理plus，普通版和全球通版的花的钱是否一样 2
怎么办理手机视频流量包 0
你好，办理任我看芒果tv需要什么条件？，怎么使用 1
30元半年包家园套餐v2.0啥时候上线 0
个性化屏显业务何时能用到 0
plus会员怎么办理 0
plus会员视频都没有 0
怎么开通2元五元3g 0
你好，我的10元畅听年卡可以退吗？ 0
办理30元40g流量包 0
您好：怎么开通1元移动wlan套餐 0
入网首充赠礼营销活动 0
你好，办理2020版动感地带校园行套餐需要什么条件？ 0
在亲情圈内的神州行标准卡，是否还收拨打费用。 0
怎么注册139邮箱? 0
3元月包短信回执怎么使用 0
这个18元网易专属定向流量包有多少流量 0
我要关闭我的那个惠普得流量那个 0
来电铃声我啥时可以办理多少钱 1
你告诉我200元5g家庭套餐怎么开通 0
如何办理亲情号码？ 0
怎么退订亲情网服务 0
我要办理芒果视频会员5gb通用流量加油包怎么办 0
我可以办理魔百盒吗 0
彩铃功能啥时候上线 0
我要办理11元优酷7天5g视频会员流量包怎么办 0
你好，我想取消200元5g家庭套餐，怎么办理 0
5元移动wlan套餐有什么要求 0
特惠20元20G 0
我为什么不能办理5元流量加油包 0
59元牛卡有多少流量 0
160元5g家庭套餐何时能用到 0
什么是60元年包神州行5元卡 0
任我看西瓜视频怎么使用，何时能用到 1
你好，我之前的流量加速到期了，想继续办理个，太鸡肋了，帮我干掉吧 1
什么是忘了电视 0
权益市场的?生活 0
亲情网权益 0
怎么取消五元卡 0
取消亲情家庭版套餐 0
开通芒果视频会员5gb通用流量加油包 0
能不能办理惠享流量券 0
小额版提速包如何取消 0
短信发送报告什么时候发售太鸡肋了，帮我干掉吧 1
我要退订那个20元体验20g的体验套餐 0
倍享业务太鸡肋了，帮我干掉吧 0
介绍一下关机没网络信号时怎么购买 1
怎么办理赠送国际长途分钟数活动，如何取消 1
为啥呀，为啥不能办理百度包专属定向流量包 0
怎么取消cmcc什么是 1
238元5g畅享套餐合约版什么时候发售 0
怎么办理家庭版5g畅享套餐 0
10元移动wlan套餐如何取消 0
如何退订全网优惠享特权 0
开通24元腾讯视频任我看视频流量包 0
开通年包和留言需要多少钱 0
删除家庭计划成员 0
500元加开流量什么时候发售 0
您好：怎么开通10元芒果视频加油5g 0
如何办理流量惠享券 0
怎么开通15元大陆及港澳台版提速包 0
发票没发到邮箱 0
怎么发邮箱 0
我现在不需要23元老人的套餐，怎么取消掉 0
我现在不需要398元5g畅享套餐合约版，怎么取消掉 0
5g智享套餐合约版带多少的流量为啥我取消不了 1
教教我怎么使用加速包 0
我想开通5g家庭套餐需要花多少钱 0
退订和家庭服务 0
65乐视有什么要求 0
何时办了家庭亲情网？早已取消！！！ 0
可以取消那个20元20G的流量劵吗 0
什么时候可以办理5g智享套餐家庭版 0
2018版校园定向流量我啥时可以办理 0
月包和半年包的短信发送提醒，便宜的是哪个 2
您好：怎么开通120元半年包神州行畅听卡 0
次月30元流量可以生效吗 0
现在还有月20元20GB业务吗 0
我想办理个流量包快手流量玩玩 0
我办理气象年包服务，月包和年包的花的钱是否一样 2
全国亲情网怎么增加号码 0
流量福袋办理 0
车主服务怎么办 0
家庭亲情怎么取消 0
10元神州行畅听卡如何取消 0
怎以正确填写电子邮箱 0
你好，我能办理腾讯上网套餐吗什么时候发售 1
什么是花一惠 0
如何开通亲情号 0
500元2020版校园卡活动如何取消 0
享特权伊利 0
车主服务 改车辆信息 0
高速包开通一下何时能用到 1
我可以办理惠享流量吗 0
Plus会员到期不想要提前打客服取消可以吗 0
为什么我不能开通10元wlan 0
退订 和彩印 0
是不是谁都可以办理畅聊套餐 0
能在下个月把我那个普惠的那个取消么 0
家庭副卡我啥时可以办理为什么我不能开通 1
你好我办理的10元腾讯视频加油5g有其他什么服务吗 0
退订移动会员plus 0
王者带多少的流量有什么要求 1
220元移动电视盒子应该如何办理呀 0
18元乐享版一元一个g我为啥办理不了呀 0
您好：怎么开通128商旅套餐 0
你好，我能办理北京移动wlan吗，什么时候可以取消 1
我想办理个北京移动会员玩玩 0
什么是plus会员，你告诉我为什么不能办理 1
plus会员怎么开通的 0
办理短信发送提醒，月包和半年包的价格一样吗 2
我怎样删除全国亲情网的电话号码 0
全网普惠得流量的能退吗 0
6元咪咕流量包任我看快手太鸡肋了，帮我干掉吧 0
和留言帮我取消 0
流量拼购我啥时可以办理，我想办个 1
30块钱40个G的页面在哪里找？ 0
全国亲情网包年 0
20元20GB惠享流量券没到期解约违约金怎么算 0
59元牛卡开通应该如何操作 0
最便宜的视频会员通用流量月包多少钱 0
你好，办理10元万能副卡需要什么条件？ 0
话费发票按月发邮箱怎么办理 0
我为什么不能办理加油包，多少钱能开通 1
介绍一下11元腾讯7天的流量包 0
享特权每月都有吗？ 0
欢享券套餐 0
忘了电视为啥我取消不了，如何取消 1
这个18元咪咕专属定向流量包有多少流量 0
20元20个g还有吗 0
怎样取消家庭亲情版 0
什么时候可以办理18元2018版校园专属定向流量包 0
预留的邮箱地址怎么改？ 0
安心包应该如何办理呀 0
办理家庭套餐打电话免费现在有优惠吗 0
我想取消和彩云 0
随心看会员开通应该如何操作，什么是 1
怎么取消和家庭共享 0
畅享套餐合约版何时能用到如何开通 1
享特权视频会员，是每个月可以领一次吗？ 0
是不是谁都可以办理优酷 0
你好，我的放心用可以退吗？应该如何办理呀 1
我想办理流量升级包，麻烦帮我开通一下，什么时候可以办理 1
怎么无法取消亲情号 0
怎么取消10元芒果视频会员5gb通用流量加油包 0
王者荣耀王者有什么要求 0
什么时候可以办理5g畅享套餐，怎么开通 1
亲情网都包含什么 0
为什么我不能开通优酷7天5g流量包，开通应该如何操作 1
198元畅享套餐合约版是什么，给我介绍一下 0
和家庭如何办理 0
取消互联网专属视频彩铃6元包D(订阅服务)60 0
我想办理电话信箱，麻烦帮我开通一下 0
视频5g加油流量包何时能用到，太鸡肋了，帮我干掉吧 1
我想办理个60包一年玩玩 0
一周流量下个月生效么 0
你好，我想咨询一下如何在网上退订家庭亲情网 0
校园300打两年何时能用到 0
为什么我不能开通30元新惠享流量券活动 0
怎么取消65乐视，我想办个 1
芒果tv视频会员2gb通用流量7天包如何取消 0
我想开通和留言年包需要花多少钱 0
惠享流量券办理 0
本卡自带的三个亲情号在哪办理呢 0
我想办个解除限速，我为什么不能办理 1
视频5g加油流量包多少钱 0
多少钱能开通腾讯视频流量 0
介绍一下优酷会员视频会员通用流量月包 0
你好，办理喜马拉雅需要什么条件？，我想办个 1
视频5g加油流量包是什么，给我介绍一下，我为什么不能办理 1
爱奇艺会员视频会员通用流量月包有多少流量 0
38元套餐能取消吗 0
你好，办理视频会员5GB通用流量7天包，爱奇艺和芒果tv哪个流量多呀 2
亲情网自付 0
大学生专属流量套餐我为啥办理不了呀，如何取消 1
你好，我能办理抖音流量包吗，何时能用到 1
福利二选一怎么办理呢？ 0
什么时候可以取消10元移动wlan套餐 0
得花多少钱去开通优酷视频会员5gb通用流量7天包 0
我想办个亲情通话 0
我刚开通了plus会员 0
你告诉我咪咕流量包腾讯视频流量怎么开通 0
您好：怎么开通头条系定向流量 0
你好，办理视频会员2GB通用流量7天包，芒果tv和PPtv的流量一不一样 2
签到抽奖活动 0
19元电影vip互联网电视应该如何办理呀 0
你好！我要停用惠享20元20G套餐 0
你好，我要退订全国亲情网服务 0
60元年包神州行5元月卡何时能用到 0
您好 取消通话圈业务 0
158元5g畅享套餐合约版应该如何办理呀 0
日包套餐如何取消，介绍一下 1
畅聊套餐是否能取消，有什么要求吗，什么时候可以办理 1
如何在电脑登录139邮箱？ 0
你告诉我为什么不能办理19元宝藏版移动花卡 0
上网版和Plus版的王卡套餐开通方式一样不 2
这个可以办理20元20G流量吗 0
怎么办理30元40G流量 0
怎么取消亲情电话 0
我可以办理1元10gb特惠体验券活动吗，是什么，给我介绍一下 1
我想开通五元3g需要花多少钱 0
18元普通版北京移动plus会员开通应该如何操作 0
爱奇艺和芒果tv的视频会员5GB通用流量7天包，流量多的是哪个，我想要流量多点的 2
帮我介绍一下大兴卡的开通条件是什么，给我介绍一下 1
你好，如何添加亲情号 0
我plus会员 0
加量不加价 0
和家庭放心用 0
移动流量福袋 0
可以取消plus会员套餐吗 0
开通任我看快手需要多少钱我为啥办理不了呀 1
139邮箱20元一月是什么 0
我要办理阶梯版高速包 0
我想办理西瓜视频流量包，麻烦帮我开通一下多少钱 1
6元彩铃服务如何取消 0
您能帮我把20元20G的订单给撤了吗 0
阶梯版15元3g太鸡肋了，帮我干掉吧 0
怎么取消300元2020版校园卡活动 0
你好，可以帮我取消每月10元亲情号码吗？ 0
我要办20元20GB惠享流量 0
你告诉我为什么不能办理大学生专属流量套餐为什么退订不了 1
我刚刚订购了plus会员优惠享，在哪里开通啊 0
20元20个G办理 0
年货什么时候发售 0
120元半年包神州行畅听卡我啥时可以办理 0
我想把亲情网退了 0
怎么取消9元百度定向流量 0
我想办个30元半年包5元卡 0
怎么开通300元2019版校园卡活动 0
今天您中国移动给我打电话说开通了一个普拉斯会员。 0
666什么时候发售应该如何办理呀 1
wlan为什么退订不了是不是谁都可以办理 1
刚刚外呼给我免费开通的Plus会员，同样享有所有权益 0
怎么用任我看西瓜视频，我为啥办理不了呀 1
什么时候可以办理移动花卡新春升级版您好：怎么开通 1
亲情网退订业务 0
5元校园wlan开通 0
20元20G的怎么办理 0
取消＋30元40GB流量福袋 0
如果取消开学季活动的话，2018版和2019版的方式一样吗 2
哪些情况下办理不了wlan任我用 0
给我打电话说办理Plus就能领取 0
乐视会员和优酷会员的爱奇艺流量包开通方式一样不 2
9元百度专属定向流量包如何取消 0
您好，我想接着办理2020校园套餐 0
芒果tv视频会员5gb通用流量7天包什么时候发售 0
怎么办理畅听卡年包通话时长 1
办理亲情号 0
流量加速包我为啥办理不了呀，使用方法 1
我要办理副卡怎么用 1
办理20元20G的套餐有时间限制吗 0
办理乐视会员和优酷会员的手机视频流量包的话，花费一样多吗 2
plu会员 0
我要办理1元小额版高速包 0
移动彩云卡 0
怎么办理流量兜底，怎么取消 1
19元电影vip移动机顶盒开通 0
什么时候可以办理128元畅享套餐合约版 0
您好，全国亲情网怎么退 0
退20元20GB 0
你好，家庭亲情网取消 0
你告诉我为什么不能办理18元全球通版普拉斯 0
优酷会员65乐视应该如何办理呀 0
怎么用高速包，是否能取消，有什么要求吗 1
这个wlan任我用流量够用的吗多少钱能开通 1
你好，我想咨询一下优酷会员65乐视是否能取消掉，不想用了 0
我要办理20元邮箱怎么办 0
我想取消那个全国惠普得流量的那个套餐可以吗 0
你告诉我为什么不能办理68元2019版和4g校园套餐 0
什么时候可以办理5g智享套餐合约版，您好：怎么开通 1
我现在不需要18元上网版移动王卡，怎么取消掉 0
怎么办理158元任我享 0
Plus会员解除 0
尊享计划2020版为啥我取消不了，我为什么不能办理 1
5元流量加油包如何取消 0
我想办理个换新活动玩玩 0
移动王卡畅享版首充50送50方案何时能用到 0
你好，我之前的59元牛卡到期了，想继续办理个 0
和家庭琉璃套餐为什么退订不了 0
怎么添加家庭和业务的号码 0
怎么用3元来电提醒 0
任我看芒果tv什么时候发售得花多少钱去开通 1
任我享开通应该如何操作哪些情况下办理不了 1
如何开通语音信箱 0
我想办理10元芒果视频会员5gb通用流量加油包，麻烦帮我开通一下 0
QXPLUS会员包 0
怎么办理10元流量暖心包 0
办理视频会员5GB通用流量7天包，爱奇艺和芒果tv的流量哪个多 2
年包家园卡欢乐套餐何时能用到 0
288元畅享放心用套餐的通话时长 0
你好，我之前的19元宝藏版淘宝卡到期了，想继续办理个 0
增加通话圈成员 0
流量共享怎么退订 0
介绍一下30元特惠流量包应该如何办理呀 1
取消30元40G的优惠券 0
月包和年包的天气预报年包，便宜的是哪个 2
你好，我要取消plus会员，请问普通版和全球通版的取消方式有区别吗 2
60元年包神州行5元卡开通应该如何操作 0
请把亲情网业务取消，谢谢 0
15元加速包太鸡肋了，帮我干掉吧 0
10086怎么开通流量共享 0
我想把那个10元亲情号取消 0
办理亲情号怎么办理 0
全球通礼遇活动应该如何办理呀 0
plus会员啥功能 0
3元月包语音留言啥时候上线 0
这个10元腾讯视频会员5gb通用流量加油包有多少流量 0
怎么取消19元电影vip魔百盒 0
我办理的咪咕流量包腾讯上网套餐有多少流量 0
这个2020版校园卡68有多长的通话时间 0
月包短信回执如何用 0
我想办个尊享计划2020版 0
你好，我能办理任我用套餐吗，怎么购买 1
plus的视频会员怎么去开通 0
我想办理移动电视盒子，电影vip和热剧vip的开通方式一样吗 2
你好，我之前的优酷会员手机视频流量包到期了，想继续办理个 0
怎么退掉亲情号 0
我己办了20元20GB的业务！还需要办这个吗？ 0
10元叠加包开通 0
你告诉我为什么不能办理王者，开通应该如何操作 1
你好，我想取消5g智享套餐合约版，怎么办理 0
3元流量日包有多少流量 0
我想办理30元40G的套餐流量，可以吗？ 0
10元亲情网怎么取消 0
优酷会员视频会员通用流量月包是什么，给我介绍一下 0
我年初办了一张亲情网，这个月底到期了，我想取消，怎么取消？ 0
比好，我办理的种树的游戏可以刷视频吗 0
流量升档啥时候生效 0
现在把20元20gb惠享流量流量会没吗 0
666礼包呢 0
plus会员取消会怎样 0
您好：怎么开通两百打一年 0
那个承诺低消底线款是啥 0
加油包如何取消 0
你好，办理腾讯7天5g流量包需要什么条件？ 0
我要取消20元20G享优惠券 0
我好像误办了plus，怎么取消呢 0
为啥呀，为啥不能办理188元任我用套餐 0
我想取消plus业务 0
我要取消亲情号项目 0
我为什么不能办理提速如何取消 1
我办理高速包，小额版和阶梯版含的流量一样吗 2
10元家庭副卡有什么要求 0
你告诉我18元基础版移动王卡怎么开通 0
把全国亲情业务取消 0
怎么把家庭计划取消 0
你好，如何添加亲情号码？ 0
王卡套餐啥时候上线是不是谁都可以办理 1
开通10元通话圈 0
1元小额版流量提速包有多少流量 0
比好，我办理的翻牌子可以刷视频吗 0
10元移动wlan套餐如何用 0
20元20g大王卡 0
百度包咪咕专属包啥时候上线 0
6元咪咕流量包任我看视频流量包的使用方法 0
请问如何退掉亲情网业务 0
139邮箱尊享融合版 0
惠享流量退订 0
怎么办理流量共享 0
3元月包和留言开通应该如何操作 0
我办理的快手流量包有多少流量 0
你好，我之前的任我用套餐到期了，想继续办理个能取消吗 1
我想退订亲情联网那个服务 0
怎么取消5元卡年包怎么购买 1
我想办理个15元流量加油包玩玩 0
哪些情况下办理不了160元5g家庭套餐 0
取消新欢享优惠券话动 0
有绑定亲情号吗 0
20元20G的套餐是什么 0
什么时候可以取消五元卡有什么要求 1
爱奇艺会员手机视频流量包有什么要求 0
提速什么时候发售 0
帮我恢复车主服务 0
年包语音留言怎么购买 0
你好，我想咨询一下80元5g家庭套餐是否能取消掉，不想用了 0
3元月包和留言年包何时能用到 0
5g家庭套餐啥时候上线 0
全网优惠享特权会员取消 0
怎么取消2018版校园300打两年 0
10元腾讯视频5g加油流量包开通应该如何操作 0
puls会员有什么权益 0
680元5g家庭套餐我为啥办理不了呀 0
新20元20GB畅享流量券可以取消吗 0
我的30元40g流量套餐用完是限速还是直接没有了 0
家庭亲情网怎么停 0
多少钱能开通首都机场流量业务带多少的流量 1
全网普惠得流量5gb 0
除消家庭亲情网 0
恢复和彩云 0
咪咕流量包和咪咕直播流量包的腾讯视频24元流量，流量相同不 2
您好！我取消全国亲情网 0
年包天气提醒应该如何办理呀 0
我办理语音留言，月包和年包的花的钱是否一样 2
30元半年包欢乐优惠券应该如何办理呀 0
流量共享组怎么添加成员 0
怎么办理19元电影vip移动电视盒子 0
15元普通电话信箱开通应该如何操作 0
30元年包语音留言如何取消 0
我想办理个15元畅享包快手定向流量包玩玩 0
老年卡结转的要求或规则是啥样的 0
那个plus权益在哪领？ 0
我要办理老人的套餐，有多少流量 1
惠享优惠券什么时候到期 0
5元卡为啥退订失败多少钱能开通 1
如何办理全网优惠新年礼 0
您好 账单怎么发邮箱 0
承诺低消费如何关掉 0
为啥呀，为啥不能办理3元首都机场流量包 0
5g智享套餐合约版太鸡肋了，帮我干掉吧，带多少的流量 1
我想办理个60元年包神州行5元卡玩玩 0
翻牌子可以玩游戏吗 0
我想办个188元任我用套餐 0
懂车帝有多少流量有什么要求 1
你告诉我为什么不能办理3元机场流量包 0
你好，我之前的一周流量到期了，想继续办理个 0
我要办理全国亲情号怎么办，什么时候可以办理 1
我想办理18元网易bilibili，麻烦帮我开通一下 0
亲情号添加 0
我要办20G套餐，如何办理？ 0
我现在不需要一周流量，怎么取消掉 0
海包多少钱，如何取消 1
你好，办理个性化屏显业务需要什么条件？ 0
你好，我之前的1元小额版提速包到期了，想继续办理个 0
得花多少钱去开通首都机场流量包 0
你好，我这个月订的全国亲情好到期了，给我取消了吧，谢谢? 0
怎么办理200元2018版校园300打两年 0
你好，我能办理9元王者荣耀王者吗 0
取消20元20个G的业务 0
5g套餐升档折扣活动开通一下，什么时候发售 1
2019版和2020版的和4G校园套餐哪一个更优惠些呢 2
是不是谁都可以办理半年30元，什么时候可以取消 1
1元移动wlan套餐什么时候发售 0
20元20G惠享卷如何收费？ 0
我想办理70元优酷会员视频会员通用流量月包，麻烦帮我开通一下 0
198元5g畅享套餐合约版应该如何办理呀 0
办理了Plus会员，领取了怎么还不是携程超级会员 0
开通通话圈 0
怎样退定互联网电视业务 0
5g智享套餐合约版为什么退订不了怎么开通 1
年包个性化屏显业务多少钱 0
15元流量加油包我为啥办理不了呀 0
9元芒果tv视频会员5gb通用流量7天包里还有其他服务吗 0
新30元40G套餐还能办理嘛 0
种树的游戏适用范围有要求没 0
比好，我办理的年货可以刷视频吗 0
plus怎么退的 0
日充流量我啥时可以办理我想办个 1
如果取消5G套餐升档折扣活动的话，12月方案和24月方案的方式一样吗 2
怎么登录邮箱 0
三十元四十季是一个月一交吗 0
你好，我能办理提速吗，我想办个 1
提前取消plus会员业务 0
3元月包短信发送提醒的使用方法 0
取消绑定的亲情号 0
我想办理15元咪咕直播流量包腾讯视频24元流量，麻烦帮我开通一下 0
介绍一下15元语音信箱 0
移动特色权益产品开通 0
智能遥控器 0
你好，我想取消49元流量升级包，怎么办理 0
开通语音信箱 0
什么时候可以取消24元腾讯视频优酷 0
代付费如何取消 0
你好，我之前的12元半年包来电提醒到期了，想继续办理个 0
你好，我能办理15元大陆及港澳台版提速包吗 0
互联网影视会员包是啥业务 0
前几天办理了一个PLUS会员的优惠 0
来电提醒办理 0
多少钱能开通普通版北京移动会员 0
我想取消139邮箱服务 0
我想开通长途流量100m需要花多少钱为啥呀，为啥不能办理 1
开通plus会员怎么收费？ 0
流量20元包20G怎么开通？ 0
怎样办理惠享优惠券 0
关机不在服务区开通 0
6元咪咕流量包任我看视频流量包如何取消 0
开通的plus卡 0
20元20G还可以办理吗 0
你好，办理快手流量包，流量包和畅享包哪个流量多呀 2
你好，我想取消花一惠，怎么办理，怎么开通 1
全网亲情网统付版 0
和彩云套餐办理 0
我要办理手机彩铃怎么办 0
退订和彩云2t空间 0
20元20g套餐流量如何取消 0
咪咕流量包和咪咕直播流量包的任我看快手，便宜的是哪个 2
是不是谁都可以办理无忧包 0
来电提醒业务介绍 0
无法退订120元半年包长途套餐 0
我想办个上网版移动王卡 0
怎么取消10元流量加油包 0
我现在不需要五元卡，怎么取消掉 0
我有个20元20g的服务怎么退订 0
怎么开通198元5g畅享套餐合约版 0
你好，请问我的业务里怎么有全国亲情网了？ 0
什么是2019版和4g校园套餐 0
你好，我想取消128元畅享套餐合约版，怎么办理 0
怎么取消30元特惠流量包，什么时候可以办理 1
魔百和优惠组合包 0
5g家庭套餐怎么购买，能取消吗 1
欢享劵办理 0
怎么办理18元2018版校园专属定向流量包 0
你告诉我40元叠加包怎么开通 0
那个20元20g，什么时候我才能办理呢 0
开通680元5g家庭套餐 0
承诺低消怎么取消 0
为什么我不能开通40元流量加油包 0
你好我办理的60包一年有其他什么服务吗，什么时候发售 1
什么时候可以办理298元5g畅享套餐合约版 0
你好，我想取消5g套餐升档折扣活动，怎么办理 0
我可以办理咪咕直播流量包任我看视频流量包吗 0
什么是188元任我用套餐 0
爱奇艺和芒果tv的视频会员5GB通用流量7天包，便宜的是哪个 2
介绍一下支付宝2021新春五福活动，怎么办理 1
上月，我已经打电话要求把我和家庭10元的，取消掉。 0
介绍一下腾讯视频24元流量 0
我想开通哔哩哔哩流量包需要花多少钱啥时候上线 1
忘了电视是什么，给我介绍一下怎么办理 1
我为什么不能办理22元年包个性化屏显业务 0
你好，我的北京移动wlan可以退吗？介绍一下 1
视频加油5g开通 0
我想办理惠享卷，麻烦帮我开通一下，为什么我不能开通 1
办好了彩铃diy怎么使用 0
10元wilan取消 0
你好，我想取消亲情号 0
如何办理20元20G业务 0
次月王卡二选一可以生效吗 0
30元40G流量的优惠券怎么办理 0
移动号能办理亲情号吗 0
我想办个纯流量卡 0
关闭wlan 0
我现在不需要打两年300，怎么取消掉，我啥时可以办理 1
教教我怎么使用车主小秘书24元年套餐 0
加油包有多少流量，因为什么无法退订 1
我想问一下，20元20G的流量套餐我是不是办理成功了？ 0
什么是9元百度抖音流量包 0
是不是谁都可以办理18元基础版移动王卡 0
怎么取消和彩云 0
模组我啥时可以办理，是什么，给我介绍一下 1
如何退出和家庭分享 0
我有一个校园wlan能取消吗 0
5g家庭套餐多少钱，有什么要求 1
9元芒果tv视频会员5gb通用流量7天包如何取消 0
全国普惠流量体验包 0
38元北京移动plus会员权益卡里还有其他服务吗 0
如何关闭和留言 0
我想开通手机邮箱需要花多少钱 0
移动plus会员在哪办 0
您好，怎么办理30元40GB福袋？ 0
这个长途流量100m有多长的通话时间，能取消吗 1
如何开通不限量，多少钱能开通 1
您好：怎么开通彩铃diy得花多少钱去开通 1
请问关键字的抽奖链接还有吗 0
普惠流量的档位 0
从下月起，申请停掉我每月20元，20G的套餐，我要出国 0
咪咕专属定向流量包什么时候发售 0
购Plus会员 0
介绍一下60元年包欢乐优惠券 0
和留言年包 0
视频彩铃什么时候发售，如何取消 1
如何取消亲情号互打 0
我想开通乐视会员爱奇艺流量包需要花多少钱 0
你好，帮我把视频彩铃增值业务一月六块钱取消了 0
为啥呀，为啥不能办理10元cmcc 0
取消惠享流量试用 0
邮箱填错了，一张电子发票发错邮箱怎么办 0
你好我办理的2019版和4g校园套餐有其他什么服务吗 0
我现在不需要300元2019版校园卡活动，怎么取消掉 0
你告诉我个性化屏显业务怎么开通 0
什么时候可以办理魔百盒热剧vip连续包月 0
你告诉我签到翻牌子活动怎么开通 0
什么是11元腾讯视频会员5gb通用流量7天包 0
日充流量下个月生效么 0
取消本月普通plus会员权益，重新领 0
什么时候可以办理移动花卡新春升级版，怎么购买 1
请问取消全国亲情网是当月取消吗 0
帮忙取消plus会员 0
我可以办理2020版和4g校园套餐吗 0
取消家庭号 0
多少钱能开通半年包房山卡 0
您好，如何能把通话圈月功能停掉？ 0
我要办理18元乐享版移动王卡怎么办 0
我要办理车主小秘书24元年套餐怎么办 0
如果取消5G智享套餐合约版的话，合约版和合约版的方式一样吗 2
开通18元咪咕抖音套餐 0
我可以办理cmcc吗 0
和家庭分享费优惠产品 0
什么是咪咕火山小视频流量 0
我想办理个2元月包和彩印玩玩 0
取消+30元40G惠享流量包 0
9元王者荣耀王者带多少G的流量 0
退订全网普惠的流量 0
关闭 和留言功能 0
全网优惠享特权白金会员怎么取消 0
取消亲情订单 0
亲情号需要从新买号吗？ 0
我办理的49元流量升级包有多少流量 0
10元芒果视频加油5g什么时候发售 0
我要办理18元普通版北京移动plus会员 0
取消家庭亲情套餐。 0
你好，我之前的优酷7天的流量包到期了，想继续办理个 0
怎么取消60元年包长途套餐 0
怎么开通5元采玲 0
通话圈添加好友 0
我想把亲情网取消 0
你好，我能办理15元咪咕直播流量包咪咕直播吗 0
这个网易专属定向流量包有多少流量 0
怎么办理亲情号吗 0
能不能把我的全国亲情网取削 0
什么是19元热剧vip互联网电视 0
放心用是什么，给我介绍一下 0
怎么办理30元半年包5元卡年包 0
取消代他人付费，怎么办理 0
19元宝藏版移动花卡应该如何办理呀 0
220元忘了电视怎么使用 0
你好，我能办理长途套餐吗，能取消吗 1
我要办理10元车友助理怎么办 0
10元副号什么时候发售 0
怎么办理亲情号码套餐呢？ 0
和留言在哪办理 0
什么是10元畅听年卡 0
请您帮忙把我5元彩铃业务撤销 0
家庭亲情套餐可以取消吗 0
介绍一下加油包 0
我现在不需要月包和留言，怎么取消掉 0
我想办个神州行5元月卡 0
188元任我用套餐能取消吗 0
魔百盒多少钱 0
我想办理加速流量包，麻烦帮我开通一下，使用方法 1
我想办理爱奇艺流量包，乐视会员和优酷会员哪个更便宜一些 2
取消亲情号码业务怎么办理 0
20元20G套餐马上到期了 0
我这个手机号可以办每月20元20GB的业务吗？ 0
18元海包怎么购买 0
什么时候可以办理咪咕流量包任我看视频流量包 0
年包语音留言我啥时可以办理 0
我想办理个5g智享套餐个人版玩玩 0
15元大陆及港澳台版提速包我啥时可以办理 0
我办理神州行5元月卡，半年包和年包的花的钱是否一样 2
刚开通了plus会员怎么设置 0
不限量的网速咋样，多少钱能开通 1
60元年包神州行畅听卡能取消吗 0
什么时候可以办理10元腾讯芒果tv会员5gb通用流量加油包 0
介绍一下20元移动wlan套餐 0
我想取消那个20元惠享流量券 0
流量共享办理 0
怎么办理锦鲤卡什么时候发售 1
取消和彩云会员包 0
24元腾讯视频任我看视频流量包为什么退订不了 0
20元20GB语音包怎么取消 0
什么时候可以办理9元网易专属定向流量包 0
什么时候可以办理减免套餐费活动，是什么，给我介绍一下 1
什么是19元宝藏版移动花卡 0
我可以办理9元芒果tv天5g流量包吗 0
开通20元20G流量 0
福利二选一我啥时可以办理，为啥呀，为啥不能办理 1
你好，我想取消20元20G的套餐怎么办理 0
5g套餐升档折扣活动啥时候上线，怎么购买 1
开通北京移动plus会员了嘛 0
魔百和什么时候发售，我想办个 1
什么时候可以取消18元2018版高校流量包 0
6元咪咕流量包任我看咪咕流量带多少G的流量 0
芒果vt如何取消 0
校园300打两年 0
怎样注销139免费邮箱 0
语音遥控器怎么使用啊？ 0
海包为啥我取消不了 0
亲情网注销 0
我想办理10元腾讯视频会员5gb通用流量加油包，麻烦帮我开通一下 0
网易专属流量我啥时可以办理 0
你好，办理18元普通版北京移动plus会员需要什么条件？ 0
全球亲情网怎么退订 0
推订全国亲情网 0
我要取消每月20元20G流量怎么办理？ 0
你好！我的亲情号怎么取消 0
怎么开通和家庭主卡功能 0
是每天要签到吗 0
20元20GB的流量怎么办理 0
你好，我想取消网易专属定向流量包，怎么办理 0
如何开通快手流量，为什么退订不了 1
18元老年优待卡带多少G的流量 0
我现在不需要魔百盒，怎么取消掉 0
如何取消家庭亲情网的10元话费 0
160元5g家庭套餐这个业务的网速好不好 0
什么时候可以办理移动王卡惠享合约 0
你好，我之前的加开流量到期了，想继续办理个 0
18元全球通版北京移动plus会员开通应该如何操作 0
关闭20元20G 0
18元基础版移动王卡何时能用到 0
亲情网套餐可以取消吗 0
你好，我之前的40元流量加油包到期了，想继续办理个 0
现在把专属流量包校园流量会没吗 0
请帮我取消亲情号码业务 0
如何删除139邮箱 0
帮我介绍一下类似腾讯大王卡的开通条件，应该如何办理呀 1
如何退订亲情网业务 0
我现在不需要11元优酷视频会员5gb通用流量7天包，怎么取消掉 0
你好，我的158元畅享放心用套餐可以退吗？ 0
为啥呀，为啥不能办理畅想放心用 0
办理亲密号 互打电话不花钱 0
怎么取消200元5g家庭套餐 0
18元上网版移动网卡啥时候上线 0
Plus会员免费开通么 0
哪些情况下办理不了5g智享套餐合约版 0
你好，我能办理9元百度今日头条抖音包吗 0
高校流量包适用哪些app 0
腾讯视频5g加油流量包里还有其他服务吗 0
大学生专属流量套餐适用哪些app 0
3元关机没网络信号时啥时候上线 0
你好，我能办理200元2018版打两年300吗 0
99元流量升级包如何取消 0
我办理的15元大陆及港澳台版提速包有多少流量 0
18元乐享版移动王卡开通应该如何操作 0
我为什么不能办理百度哔哩哔哩 0
多少钱能开通嗨购月包 0
是要每天都签到吗？ 0
我现在不需要5g智享套餐合约版，怎么取消掉怎么购买2371it [00:00, 7829.22it/s] 1
上网版移动大网卡什么时候发售 0
300元2020版开学季活动太鸡肋了，帮我干掉吧 0
20元20gb惠享流量结转的要求或规则是啥样的 0
教教我怎么使用短信发送提醒 0
5g家庭套餐何时能用到 0
您好：怎么开通模组 0
如何办理20元20g 0
介绍一下1元月包天气提醒 0
和留言业务怎么退订 0
你告诉我为什么不能办理手机视频流量包您好：怎么开通 1
你好我办理的流量王有其他什么服务吗，为什么我不能开通 1
59元牛卡我啥时可以办理 0
30元40个G优惠卷 0
我办理的11元优酷7天5g视频会员流量包有多少流量 0
188元任我用套餐我为啥办理不了呀 0
如何取消20元20GB流量 0
什么时候可以办理百度专属定向流量包 0
我想办理个10元腾讯视频5g加油流量包玩玩 0
移动plus合约方案怎么办理 0
全球通礼遇活动开通 0
视频5g加油流量包开通应该如何操作，有多少流量 1
怎么开通20元邮箱 0
喜马拉雅带多少的流量，什么是 1
100元和家庭流量包退订失败 0
办理半年包和年包的五元卡的话，那个稍微便宜点 2
你告诉我抖音流量怎么开通介绍一下 1
如何取消20块钱20个G流量。 0
帮我介绍一下年包家园卡欢乐套餐的开通条件 0
你告诉我380元5g家庭套餐怎么开通 0
亲情网怎样办理？ 0
加量不加价活动怎么办理 0
我有一个15元咪咕直播流量包视频流量包能取消吗 0
畅享套餐促销优惠下个月生效么 0
开通魔百和需要多少钱太鸡肋了，帮我干掉吧 1
12月方案5g套餐升档折扣活动啥时候上线 0
我想办理5元流量小时包，麻烦帮我开通一下 0
怎么关闭我的全国亲情网业务 0
怎么办理年包大兴卡 0
我想取消掉20元20G套餐，刚办的 0
我要办理语音留言怎么办 0
异地流量共享 0
我办理的100元和家庭流量包有多少流量 0
您好 关于每月十元的全国亲情网我想取消订阅 0
多少钱能开通110流量加油包 0
你好，我想取消1元月包天气预报年包，怎么办理 0
你好，我要取消任我看西瓜视频，请问咪咕流量包和咪咕直播流量包的取消方式有区别吗 2
您好 请问可以办理20元20G的活动吗 0
怎么退PLUS会员 0
15元大陆及港澳台版提速包是否能取消，有什么要求吗 0
无法退订贴心流量券 0
取消全网优享特权 0
无法退订5g智享套餐家庭版 0
20元20g活动怎么办理 0
什么时候可以取消80元5g家庭套餐 0
机场流量套餐有什么要求 0
2019版两百打一年开通应该如何操作 0
我现在不需要抖音流量包，怎么取消掉 0
亲，那个30元40G流量套餐，怎么办理啊em_2 0
20元20G流量 误点 想取消 0
如何取消亲情网？是收费的吧？ 0
海包下个月生效么 0
如何解除家庭亲情网全国版？ 0
得花多少钱去开通喜马拉雅怎么办理 1
咪咕专属定向流量包我为啥办理不了呀 0
电影vip魔百和是什么，给我介绍一下 0
100元魔百盒热剧vip连续包月如何用 0
帮我介绍一下30元半年包神州行5元月卡的开通条件 0
我现在不需要680元5g家庭套餐，怎么取消掉 0
互联网电视会员怎么办理 0
20元20G的流量怎么办理 0
怎么关闭plus 0
你好，我想取消惠享券活动，怎么办理 0
全国亲情网加成员 0
爱奇艺7天5g流量包太鸡肋了，帮我干掉吧 0
我怎么取消亲情号业务 0
套餐类 通话圈是什么 0
我要办个便宜的和4G校园套餐，2019版和2020版哪个可以少花点钱 2
什么时候可以办理月包和留言 0
多少钱能开通语音留言，怎么购买 1
3元彩铃怎么购买 0
得花多少钱去开通年包和彩印 0
我这个号可以免费办理亲情号 0
我办理的不限量有多少流量 0
5g家庭套餐有什么要求怎么取消 1
开通家庭流量共享 0
月包和年包的个性化屏显业务，钱是不是一样的 2
你好，我之前的65乐视到期了，想继续办理个为啥退订失败 1
我想办个个人版5g畅享套餐 0
你好，我想取消1元小额版流量加速，怎么办理 0
帮我介绍一下基础版移动王卡的开通条件 0
退订亲情业务 0
这个6元咪咕流量包任我看聚力视频（pptv）流量包有多少流量 0
帮我介绍一下2018版校园定向的开通条件 0
500元2020版校园卡活动有[内含其他服务]吗 0
5g套餐升档折扣活动太鸡肋了，帮我干掉吧 0
你好，我要取消提速，请问小额版和阶梯版的取消方式有区别吗 2
想把亲情网去掉一个号码 0
我想问你云邮包是什么 0
我要办理5g家庭套餐怎么办 0
亲情网退出，怎么办理？ 0
你好，帮我退掉2个亲情网 0
怎么退家庭亲情网 0
倍享业务何时能用到，为啥退订失败 1
你好，请问增加亲情号怎么弄 0
200元5g家庭套餐如何取消 0
怎么用wlan套餐 0
互联网电视智能语音遥控器 0
2元月包和彩印应该如何办理呀 0
15元畅享包快手定向流量包能取消吗 0
我想办个芒果tv爱奇艺7天5g流量包 0
修改发票收件邮箱 0
我想办理个10元年包天气提醒玩玩 0
退订移动plus业务 0
app中怎么添加亲情号 0
我可以办理11元腾讯7天的流量包吗 0
这个爱奇艺视频会员5gb通用流量7天包有多少流量 0
想退出惠享卷20元 0
20元20Ｇ怎样取消？ 0
半年包畅听年卡怎么购买 0
全国普惠流量档能退了嘛 0
你好，办理65乐视需要什么条件？，太鸡肋了，帮我干掉吧 1
流量升级包是什么，给我介绍一下，太鸡肋了，帮我干掉吧 1
plus会员到期怎么取消 0
我想办理网易哔哩哔哩流量包，麻烦帮我开通一下 0
你告诉我神标怎么开通 0
哪些情况下办理不了西玛拉雅 0
移动全网优惠享特权怎么取消 0
全网优惠享特权合约外取消 0
你好，我能办理18元基础版纯流量卡吗 0
我想取消20元20G流量的套餐 0
加速流量包是否能取消，有什么要求吗怎么购买 1
你好，我之前的2元车主服务到期了，想继续办理个 0
怎么取消49元5g流量升级包 0
办好了12元半年包短信回执怎么使用 0
花园守护家长版取消 0
我可以办理6元咪咕流量包任我看视频流量包吗 0
是取消通话圈 0
更换老年卡，流量是否自动转移 0
办理亲情网 0
请问如何取消亲情网？ 0
得花多少钱去开通1元10gb特惠体验券活动我为什么不能办理 1
plus会员礼包 0
我要办理18元全球通版普拉斯 0
半年包未接来电提醒怎么购买 0
取消亲情号10元 0
我想办理个3元彩铃业务玩玩 0
开通优酷视频会员5gb通用流量7天包需要多少钱 0
合约版和合约版的5G智享套餐合约版，带的通话时长一样吗 2
帮我介绍一下18元普通版北京移动plus会员的开通条件 0
你好，办理20元移动wlan需要什么条件？ 0
亲情号如何办理 0
我想办理3元1g，麻烦帮我开通一下，我啥时可以办理 1
你好，我想取消任我用套餐，怎么办理你告诉我为什么不能办理 1
是不是谁都可以办理5g智享套餐合约版，通话时长 1
我要办理18元2018版大学生专属流量套餐怎么办 0
如何取消家庭亲情版 0
爱奇艺视频会员5gb通用流量7天包如何取消 0
plus会员的数字生活权益为什么没有视频类APP 0
为啥呀，为啥不能办理9元芒果tv爱奇艺7天5g流量包 0
次月海包可以生效吗 0
plus会员视频app怎么全是尽请期待？ 0
开通老年优待卡需要多少钱 0
我要办个便宜的语音留言，月包和年包哪个可以少花点钱 2
你好，我之前的120元半年包神州行畅听卡到期了，想继续办理个 0
长途套餐多少钱你告诉我为什么不能办理 1
手机视频流量包是否能取消，有什么要求吗 0
你好，取消全国亲情套餐 0
我想办理个成员家庭号码玩玩 0
取消优惠欢享券 0
我要办理年包天气预报怎么办 0
你好，plus会员每月可重复领取每个视频会员吗 0
30元40G流量套餐怎么办理 0
如何退掉亲情号业务？ 0
咪咕流量包任我看视频流量包何时能用到 0
亲情网什么时候又开始加进来了？我不是早就取消了吗 0
您好：怎么开通3元月包语音留言 0
惠享券是什么，给我介绍一下如何开通 1
每天签到结转的要求或规则是啥样的 0
那个邮箱取消 0
可以把我的全国亲情网取消吗 0
60元年包欢乐优惠券何时能用到 0
帮我介绍一下半年包短信回执的开通条件 0
你好，我想取消家园卡，怎么办理，多少钱能开通 1
怎么用任我用wlan 0
普惠流量每月消费多少的流量 0
北京移动plus会员权益领不了 0
pius怎么退订 0
去掉和家庭业务怎么操作？ 0
家庭亲情网不要了 0
还能办理30元40GB的吗？ 0
我想办理每月20元20G套 0
怎么开通60元年包欢乐套餐 0
办理20元新欢享优惠券 0
通话圈加人 0
请问怎么取消亲情号的服务？ 0
怎么办理半年包大众卡 0
20元20个G的内容？ 0
咪咕流量包任我看视频流量包能取消吗 0
取消惠享优惠20元20G 0
你好，我想取消流量升级包，怎么办理 0
49元2020版和4g校园套餐开通 0
你好，我想取消70元优酷会员视频会员通用流量月包，怎么办理 0
你好，办理40元校园wlan需要什么条件？ 0
什么是海包，如何开通 1
我想办理个5g畅享套餐玩玩 0
5g智享套餐家庭版的通话时长，是否能取消，有什么要求吗 1
您好：怎么开通手机视频流量包 0
怎么取消芒果tv天5g流量包 0
3元首都机场流量业务怎么购买 0
办理2019版和2020版的和4G校园套餐的话，那个稍微便宜点 2
电子发票为发邮件没有收到 0
我想办理个6元喜马拉雅西玛拉雅玩玩 0
我要办理30元年包和留言怎么办 0
您好！移动亲情网每月10元，我要取消 0
你好，我想取消加开流量，怎么办理，介绍一下 1
帮我介绍一下18元2018版校园专属定向流量包的开通条件 0
20元邮箱我啥时可以办理，多少钱能开通 1
我要退订20元20G流量 0
怎么取消15元3g，怎么用 1
我要取取消通话圈套餐服务 0
次月全国优惠享可以生效吗 0
通话圈成员添加 0
怎么取消5g家庭套餐 0
开通年包天气预报 0
来电铃声如何用，什么时候可以办理 1
你好，我想取消月包个性化屏显业务，怎么办理 0
次月流量拼购可以生效吗 0
怎么开通和家庭套餐 0
办理30元40GB优惠券 0
新20元20G惠享流量劵怎么取消 0
我想开通5g智享套餐家庭版需要花多少钱，如何取消 1
全网普惠得流量  我想取消 0
你好，我能办理无限量吗 0
15元咪咕直播流量包任我看视频流量包如何用 0
你告诉我1元10gb特惠体验券活动怎么开通 0
15元魔百盒的使用方法 0
咪咕定向流量太鸡肋了，帮我干掉吧 0
哪些情况下办理不了60元年包家园卡欢乐套餐 0
我的套餐中有WLAN流量么？ 0
我想开通短信发送提醒需要花多少钱，什么时候可以办理 1
您好：怎么开通喜马拉雅我为什么不能办理 1
我这个欢享优惠券超出40g流量怎么收费 0
办理20元20G流量 0
您好：怎么开通188元任我用套餐 0
您好：怎么开通15元语音信箱 0
1元小额版解除限速是否能取消，有什么要求吗 0
你告诉我为什么不能办理9元百度bilibili流量包 0
我想开通腾讯视频会员5gb通用流量7天包需要花多少钱 0
全国通用流量plus版能家庭共享吗？ 0
多少钱能开通亲情号，如何开通 1
承诺消费补差是什么？ 0
取消和家庭分享费 0
得花多少钱去开通流量日报我啥时可以办理 1
我刚开通plus会员 0
牛卡啥时候上线，开通应该如何操作 1
你好，我之前的70元爱奇艺会员手机视频流量包到期了，想继续办理个 0
1元10gb特惠体验券活动有多少流量，为什么我不能开通 1
我想办个海包，能取消吗 1
为什么我不能开通欢乐套餐 0
校园套餐多少钱什么是 1
高速流量套餐流量使用有上限吗 0
plus会员能取消么 0
我想办理个20元移动wlan套餐玩玩 0
怎么开通成员亲情套餐 0
你好，我之前的15元流量加油包到期了，想继续办理个 0
你告诉我为什么不能办理158元无限流量 0
你好，我能办理喜马拉雅西玛拉雅吗 0
开通20元20GB流量 0
北京移动plus会员我这开通了吗 0
什么是腾讯爱奇艺7天5g流量包 0
这个老年卡有多少流量 0
加速流量包如何取消开通一下 1
全球通plus会员是付费的？ 0
来来，10元副卡教教我咋用 0
请问我最新办理的这个plus会员 0
怎么取消亲情套餐费 0
学生卡我为啥办理不了呀怎么购买 1
帮我介绍一下8元流量加油包的开通条件 0
5G智享套餐合约版合约版和合约版赠送的其他服务一样吗 2
家庭共享流量套餐怎么购买我为啥办理不了呀 1
权益二选一 0
2元月包个性化屏显业务啥时候上线 0
我想办理500元2020版五百打两年，麻烦帮我开通一下 0
教教我怎么使用校园wlan，啥时候上线 1
嗨购适用范围有要求没 0
每个月20元20g流量 0
如何解除和家庭绑定的卡？ 0
我想办理300元2020版校园卡活动，麻烦帮我开通一下 0
10元万能副卡开通应该如何操作 0
全球通礼遇活动下个月生效么 0
怎么开通校园wlan 0
什么时候可以办理校园定向 0
9元百度包特殊业务专属流量开通 0
你告诉我30元半年包神州行5元卡怎么开通 0
我想取消20元2OG流量惠享套餐 0
15元咪咕直播流量包任我看西瓜视频是什么，给我介绍一下 0
给您发图片，您转发到10086邮箱 0
我想办理个160元5g家庭套餐玩玩 0
我想办理24月方案5g套餐升档折扣活动，麻烦帮我开通一下 0
通话圈和家庭圈 0
你好我要取消20元20G畅享淘宝 0
100元互联网电视的使用方法 0
老年优待卡我啥时可以办理，为什么我不能开通 1
12元半年包短信发送报告开通 0
神州行5元月卡有什么要求 0
未接来电提醒怎么购买教教我怎么使用 1
你好，我能办理固话吗 0
成员和家庭分享如何取消 0
你好，办理18元2018版校园专属定向流量包需要什么条件？ 0
年包和留言多少钱 0
我怎么取消全国亲情网 0
如何办理亲情付业务 0
我要办理15元畅享包快手定向流量包 0
我办理的畅享套餐合约版有多少流量，得花多少钱去开通 1
我想办理5G智享套餐合约版，合约版和合约版的开通方式一样吗 2
2元月包个性化屏显业务怎么购买 0
plus利益 0
怎么取消10元腾讯视频5g加油流量包 0
这个60元年包长途流量100m有多长的通话时间 0
多少钱能开通短信发送报告，应该如何办理呀 1
我要办理芒果tv7天5g视频会员流量包怎么办 0
帮我介绍一下提速的开通条件，怎么用 1
家里的宽带两天无法上网了！ 0
网易微博包有什么要求 0
目前开通plus有什么优惠吗？ 0
我有一个贴心流量券能取消吗 0
你好，我想取消9元百度专属定向流量包，怎么办理 0
一周流量何时能用到，什么是 1
月包和年包的个性化屏显业务开通方式一样不 2
19元电影vip互联网电视太鸡肋了，帮我干掉吧 0
你告诉我语音留言怎么开通 0
你好，我想取消大王卡送话费，怎么办理 0
你好，我想取消长期版提速包，怎么办理 0
你告诉我为什么不能办理高速流量套餐 0
如何退订全国亲情套餐 0
怎么取消优酷会员视频会员通用流量月包 0
乐视会员和优酷会员的手机视频流量包所花的钱一样不？ 2
移动乐享惠活动结转的要求或规则是啥样的 0
畅享套餐合约版是什么，给我介绍一下 0
你好，我之前的任我看腾讯视频流量包到期了，想继续办理个 0
开通半年包短信回执 0
wlan流量套餐为啥我取消不了是什么，给我介绍一下 1
128元5g畅享套餐合约版啥时候上线 0
办个加速包刷视频，小额版和阶梯版哪个流量多一些 2
和家庭添加 0
我想把20元20G流量取消 0
什么时候可以办理随心看，如何开通 1
我要办理30元慧想流量 0
亲情号码取消 0
请问，怎样取消被绑定的亲情号码 0
请问承诺低消补差价是什么意思 0
我要办理密云卡怎么办何时能用到 1
流量福袋怎么可以取消 0
无线流量套餐什么时候发售是否能取消，有什么要求吗 1
我要办理叠加包 0
办理和家庭分享 0
亲情号服务费取消 0
全网普惠流量体验包 0
10元神州行畅听卡我为啥办理不了呀 0
为啥呀，为啥不能办理翻牌子，您好：怎么开通 1
云邮包活动下个月生效么 0
我要家庭和计划 0
你告诉我海包怎么开通 0
无法退订15元畅享包快手定向流量包 0
无法退订15元咪咕直播流量包任我看腾讯视频流量包 0
你好，我能办理半年包短信回执吗 0
亲情电话号码怎么办理？ 0
我要办理300元2020版开学季活动怎么办 0
什么时候可以办理首充50元送话费 0
2元月包和彩印太鸡肋了，帮我干掉吧 0
增加人员通话圈 0
有亲情号吗 0
我要退掉这个plus会员，请问怎么退。 0
和彩云8T 0
我要办个便宜的天气提醒，月包和年包哪个可以少花点钱 2
请取消我的20元20G套餐。 0
60元年包神州行5元卡能取消吗 0
为啥呀，为啥不能办理放心畅享包里还有其他服务吗 1
你好，我之前的家园套餐v2.0到期了，想继续办理个为啥呀，为啥不能办理 1
怎么取消5元视频彩铃 0
车主服务如何绑定车牌 0
咪咕直播流量包任我看视频流量包开通应该如何操作 0
pius会员是什么 0
10元家庭成员怎么加啥时候上线 0
你好，我之前的20元移动wlan套餐到期了，想继续办理个 0
和家庭能包括几个人 0
怎么注销家庭号 0
您好：怎么开通70爱奇艺 0
我想办理天气预报年包，麻烦帮我开通一下 0
这个10元芒果视频加油5g有多少流量 0
如何申请代付手机费？ 0
30元提速包何时能用到 0
您好！请帮我退订Plus会员 0
什么时候可以办理快手流量包，怎么购买 1
60元年包神州行畅听卡何时能用到 0
你好，办理40元加开流量需要什么条件？ 0
你好，办理9元芒果tv视频会员5gb通用流量7天包需要什么条件？ 0
新30元40GB超值大流量怎么办理 0
精灵卡首充优惠活动下个月生效么 0
我的亲情网想退了 0
我们家有无线网为什么还要扣我的流量 0
办理房山卡的半年包和年包，含有的其它服务有区别吗 2
全国亲情网功能费优惠活动如何取消？ 0
我的号亲情网是免费办理的吗 0
受邀用户免费办理plus会员 0
多少钱能开通100叠加包 0
你告诉我为什么不能办理畅听卡年包 0
什么时候可以办理惠享流量，是什么，给我介绍一下 1
和家庭怎么取消 0
在平台上购买机顶盒 0
你好，我要取消短信发送提醒，请问月包和半年包的取消方式有区别吗 2
18元网易哔哩哔哩流量包带多少G的流量 0
20元20G业务怎么取消 0
10元万能副卡我为啥办理不了呀 0
我想问问20元20个G在吗购买呀 0
我想办理加油包，麻烦帮我开通一下，哪些情况下办理不了 1
你好，我有一个亲情网是什么？ 0
怎么参加福利二选一 0
49元2020版校园38开通应该如何操作 0
我办理了移动plus会员 0
不再续订全国亲情网服务，怎么在网上办理？ 0
怎么用车友助理 0
无法退订普通版plus 0
办理任我看快手，咪咕流量包和咪咕直播流量包的价格一样吗 2
亲情功能如何取消 0
流量福袋怎么扣话费啊 0
怎么办理1元月包天气预报 0
你告诉我15元流量加速怎么开通 0
19元电影vip互联网电视开通应该如何操作 0
你好如何取消plusVIP 0
上网版视频王卡如何取消 0
我想办个3元月包短信发送报告 0
我想取消20元20g的这项业务 0
我想办理个移动plus玩玩何时能用到 1
我要办理成员亲情省怎么办 0
互联网电视爱家 0
畅享套餐合约版是什么，给我介绍一下，得花多少钱去开通 1
什么时候可以取消优酷会员视频会员通用流量月包 0
副号怎么使用 0
你好，我之前的和留言年包到期了，想继续办理个 0
家庭成员副卡添加 0
怎么取消亲情套餐 0
现在还能办理20元20GB惠享流量券吗 0
我可以办理叠加包吗 0
开通60元年包门头沟卡 0
我要退订plus会员业务 0
您好，现在没有签到翻牌子啦？ 0
怎么退北京移动plus会员 0
你好，我想咨询一下加速流量包是否能取消掉，不想用了，应该如何办理呀 1
为什么我不能开通7天的流量包 0
如何退全国亲情号码 0
我要办理200元2018版校园卡活动怎么办 0
刚才办了一个全国亲情网群组 0
移动puls权益领取 0
学生卡可以玩游戏吗 0
多少钱能开通加开流量 0
15元加油包什么时候发售 0
取消全民普惠 0
开通19元宝藏版移动花卡 0
不限量怎么购买因为什么无法退订 1
我为什么不能办理1元小额版流量加速包 0
介绍一下15元畅享包快手流量包 0
怎么开通百度包头条系定向流量 0
30元新惠享流量券活动啥时候上线 0
如何取消充值短信优惠 0
芒果tv视频会员5gb通用流量7天包是什么，给我介绍一下 0
20元惠享流量是什么，给我介绍一下 0
我想办理个房山卡玩玩，如何取消 1
如何开通类似腾讯大王卡，何时能用到 1
月包个性化屏显业务是什么，给我介绍一下 0
680元5g家庭套餐何时能用到 0
送我的plus视频会员是啥 0
plus会员显示订购成功。但选不了特权 0
没理解定了plus会员可以退订吗？ 0
我想办理个任我看玩玩 0
5g家庭套餐太鸡肋了，帮我干掉吧，您好：怎么开通 1
全国亲情网（统付版） 0
年包畅聊套餐如何取消 0
来电提醒关闭 0
40元移动wlan套餐我为啥办理不了呀 0
你好，办理固话需要什么条件？怎么办理 1
倍享包啥时候上线 0
和家庭共享流量包我为啥办理不了呀 0
1元黄金会员活动为什么退订不了，怎么开通 1
为什么我不能开通大陆及港澳台版限速恢复 0
我要办理优酷视频会员2gb通用流量7天包 0
你好，我想办理30元40G优惠流量 0
我已开通全网优惠享特权 0
送我惠享流量券 0
这个15元咪咕直播流量包任我看有多少流量 0
我要办理年包欢乐套餐 0
6元咪咕流量包任我看视频流量包有多少流量 0
取消亲情卡怎么办理 0
比好，我办理的车主小秘书24元年套餐可以刷视频吗 0
教教我怎么使用5元给对方听的铃音 0
办理视频会员2GB通用流量7天包，芒果tv和PPtv的价格一样吗 2
20元20G流量，要办理 0
如何办理家人互打电话免费 0
怎么开通半年包通州卡 0
你好，办理专属流量需要什么条件？ 0
你好，把花一惠一给删除。 0
请问承诺低消补差是什么意思 0
为什么我不能开通咪咕专属定向流量包 0
关闭plus会员服务 0
办理流量共享的取消业务 0
你好我办理的18元乐享版移动王卡有其他什么服务吗 0
20元欢享卷怎么开通 0
您好，20元20G流量的业务还可以办理吗 0
全网优惠想特权在哪里 0
更换种树的游戏，流量是否自动转移 0
我的亲情号怎么添加 0
5元加开流量什么时候发售 0
签到奖励 每月只有3次吗 0
小额版和阶梯版的流量加速包开通方式一样不 2
我为什么不能办理70元优酷会员爱奇艺流量包 0
提速日租包有多少流量开通一下 1
刚开通了权益的PLUS 0
办理腾讯和芒果的视频会员5GB通用流量加油包的话，花费一样多吗 2
什么是2020版和4g校园套餐 0
无线流量套餐能取消吗开通应该如何操作 1
开通长途流量100m 0
取消家庭亲情网络 0
我可以办理减免套餐费活动吗，我要办理 1
取消20元欢享 0
参加了全网优惠享特权活动，没有领到plus权益 0
2018版校园300打两年是什么，给我介绍一下 0
十群组编码是什么意思？我想取消全国亲情网收费怎么操作？ 0
你好，我想咨询一下680元5g家庭套餐是否能取消掉，不想用了 0
怎么取消大陆及港澳台版提速包 0
plus会员办理优惠 0
为啥呀，为啥不能办理翻牌子，开通应该如何操作 1
你好，我想取消乐享版王卡套餐，怎么办理 0
动感地带亲情号 0
帮我取消全国亲情网的套餐 0
如果取消魔百和的话，电影vip和热剧vip的方式一样吗 2
cmcc太鸡肋了，帮我干掉吧 0
我办理快手流量，流量包和畅享包含的流量一样吗 2
办理任我看芒果tv，咪咕流量包和咪咕直播流量包的流量哪个多 2
我之前办理了20元欢享券，到期后还能办理吗 0
我想办理个性化屏显业务，月包和年包的开通方式一样吗 2
办理国际长途套餐 0
取消和彩云4T权益包 0
我取销和彩云2T我取销和彩云2T 0
我要办理流量树，有什么要求 1
半年30元何时能用到 0
怎么开通畅听年卡，是什么，给我介绍一下 1
退订全网优惠特权 0
可以继续用plus会员吗？ 0
30元叠加包太鸡肋了，帮我干掉吧 0
优酷视频会员5gb通用流量7天包带多少G的流量 0
为什么我不能开通200元5g家庭套餐 0
移动王卡惠享合约是什么意思 0
12月方案5g套餐升档折扣活动怎么购买 0
这个学生卡流量够用的吗，我想办个 1
我要开通车主服务，有违章，限行等交通方面的提示 0
我要增加亲情号码 0
我想办个五元3g 0
长期版提速日租包是否能取消，有什么要求吗 0
给对方听的铃音什么时候发售，怎么用 1
我要退全网优惠享特权 0
取消每月5元的彩铃，不知道什么时候给我绑定的 0
开通抖音流量需要多少钱 0
什么是2018版大学生专属流量套餐 0
移动app里面能设置手机彩铃么 0
流量拼购啥时候生效 0
麻烦看看什么PIUS 0
取消车主服务费 0
开通18元上网版移动大网卡 0
12元半年包短信发送报告如何取消 0
20元20g套餐有吗 0
退订PIUS会员 0
办理全国亲情网 0
你好，办理15元咪咕直播流量包任我看视频流量包需要什么条件？ 0
不是充话费，是购买小魔卡会员，它显示是送话费50 0
移动plus会员，当月办理当月就可以领取权益吗 0
20元20个斤的权益卡是指全国通用流量？时效期？ 0
哪些情况下办理不了快手app流量包太鸡肋了，帮我干掉吧 1
你告诉我家庭版5g畅享套餐怎么开通 0
哪些情况下办理不了wlan任我用，为啥退订失败 1
你好，我的5g智享套餐合约版可以退吗？，啥时候上线 1
介绍一下做任务 0
你好，我之前的半年包家园卡欢乐套餐到期了，想继续办理个 0
你好，我想取消百度包专属定向流量包，怎么办理 0
15元恢复限速的使用方法 0
帮我介绍一下乐享版大王卡的开通条件 0
18元咪咕专属定向流量包有什么要求 0
我想把全网优惠特享取消掉 0
个性化屏显业务我为啥办理不了呀，多少钱能开通 1
你告诉我60元年包欢乐优惠券怎么开通 0
我怎开通PIUS 0
什么是和彩云 0
我想办理加速包，麻烦帮我开通一下 0
5g家庭套餐我为啥办理不了呀 0
怎么取消2020版开学季活动 0
wlan任我用是什么，给我介绍一下，是不是谁都可以办理 1
关掉亲情网 0
创建通话圈 0
你好，我想取消10元wlan，怎么办理 0
我想开通一个月30块钱40G的业务 0
如何办理30元40G 0
6元咪咕流量包任我看视频流量包有什么要求 0
关闭通话圈业务 0
喜马拉雅结转的要求或规则是啥样的 0
您好 亲情网可以下月开通么 0
加开流量应该如何办理呀，为啥我取消不了 1
来来，19元热剧vip魔百盒教教我咋用 0
怎么关掉和彩云 0
plus会员权益怎么没有视频会员了？ 0
什么时候可以办理15元畅享包快手定向流量包 0
你好，我想取消10元腾讯视频5g加油流量包，怎么办理 0
开通乐视会员视频会员通用流量月包 0
什么时候可以办理月包和彩印 0
还能办理30元40GB的套餐吗…… 0
基础版移动王卡我为啥办理不了呀 0
云邮包活动何时能用到，您好：怎么开通 1
我想办个2019飞享套餐，里还有其他服务吗 1
您好：怎么开通18元嗨包 0
我想办理15元畅享包快手流量包，麻烦帮我开通一下 0
如何开通plus权益 0
全国亲情网业务介绍 0
我可以办理100元家庭共享流量套餐吗 0
你好 我想退下139邮箱 0
取消和彩云优惠亨标示策划 0
来电铃声太鸡肋了，帮我干掉吧，怎么用 1
65乐视如何取消 0
5元流量加油包太鸡肋了，帮我干掉吧 0
我为什么不能办理200元5g家庭套餐 0
和家庭开通首月 0
我要办理宝藏版花卡 0
教教我怎么使用1元移动wlan套餐 0
我想办理20元139邮箱，麻烦帮我开通一下 0
关机后的语音提示怎么设置 0
你告诉我流量10g怎么开通，是不是谁都可以办理 1
全国亲情网能取消吗 0
我可以办理乐享版移动王卡吗 0
10元套餐的套餐本月没用完，下月可以继续用吗 0
取消20元20GB惠享 0
我想办理，20元20GB咋为啊 0
开通短信发送报告需要多少钱，我啥时可以办理 1
取消6元彩铃 0
办理一元一个g，上网版和Plus版的价格一样吗 2
如何开通邮箱服务？ 0
您好：怎么开通魔百盒热剧vip连续包月 0
我想办个，啥时候上线 1
5元流量加油包我啥时可以办理 0
代扣话费何时能用到，您好：怎么开通 1
月包和半年包的短信发送提醒哪一个更优惠些呢 2
我现在不需要5g智享套餐家庭版，怎么取消掉，能取消吗 1
我想办理盖楼，麻烦帮我开通一下 0
你告诉我车主小秘书24元年套餐怎么开通，何时能用到 1
如何退全国亲情网 0
我想办个18元网易专属定向流量包 0
5g家庭套餐什么时候发售 0
你好，我之前的100元20g到期了，想继续办理个，何时能用到 1
教教我怎么使用限速恢复带多少的流量 1
惠享流量卷是每个月有20G流量吗 0
家庭亲情网10费用取消 0
全网优惠享特权流量 0
取消流量共享功能费 0
办理电视机顶盒 0
花一惠啥时候上线开通应该如何操作 1
18元上网版移动王卡有什么要求 0
是不是谁都可以办理10元万能副卡 0
什么是5g畅享套餐什么时候可以办理 1
在哪抽流量福袋 0
你告诉我优酷7天5g流量包怎么开通 0
多少钱能开通wlan流量套餐 0
那个plas流量是多少 0
惠享流量包可以变为主套餐吗 0
我要把两个亲情号码退掉 0
为什么我不能开通爱奇艺优酷7天5g流量包 0
我要办理精灵卡首充优惠活动怎么办 0
120元半年包畅听卡年包怎么购买 0
1元贴心流量券是什么，给我介绍一下 0
怎么开通海包 0
我想办理80元5g家庭套餐，麻烦帮我开通一下 0
来电提醒提示 0
你好，办理5g智享套餐合约版需要什么条件？ 0
2020版校园套餐有多少流量 0
5g智享套餐合约版是什么，给我介绍一下，是不是谁都可以办理 1
全球通版plus能取消吗 0
王者荣耀开通应该如何操作 0
你告诉我49元2020版68新人礼包怎么开通 0
高频骚扰来电提醒能关闭吗？ 0
如何退订20元20个G 0
我现在不需要3元月包短信回执，怎么取消掉 0
无限量里还有其他服务吗你告诉我为什么不能办理 1
你告诉我为什么不能办理plus 0
畅享套餐合约版什么时候发售 0
你告诉我为什么不能办理5g智享套餐个人版，介绍一下 1
为啥呀，为啥不能办理百度哔哩哔哩 0
北京移动Plus会员全球通版，视频会员产品有哪些 0
什么是大兴卡为什么我不能开通 1
我要办理30元40G的 0
合约版和合约版的5G智享套餐合约版，流量相同不 2
退订20元20g欢享优惠券 0
我要办理10元请亲号怎么办 0
开通60元年包神州行5元卡 0
哪些情况下办理不了1元小额版限速恢复 0
牛卡可以玩游戏吗 0
380元5g家庭套餐的网速咋样 0
我想办理20元20g的流量业务 0
取消亲情服务怎么解决？ 0
取消通话圈功能 0
我想办理家园卡，半年包和年包的开通方式一样吗 2
我新买的手机卡首充50有优惠套餐 0
65元乐视会员70爱奇艺有什么要求 0
30元40g是每个月嘛 0
想取消139邮箱 0
你好请问怎么退订全国亲情网的业务？ 0
怎么开通模组 0
什么时候可以办理3元流量日报3039it [00:00, 7444.64it/s] 0
亲情网什么意思 0
芒果tv优酷7天会员流量带多少G的流量 0
开通5g智享套餐家庭版需要多少钱 0
198元5g畅享套餐合约版何时能用到 0
我要办理北京移动会员，我为啥办理不了呀 1
什么时候可以办理5元流量小时包 0
移动王福利二选一，为什么领不到流量 0
我要办理22元年包个性化屏显业务 0
怎样取消30元40GB惠享流量券 0
你好，办理年包家园套餐v2.0需要什么条件？ 0
月包天气预报太鸡肋了，帮我干掉吧 0
邮箱没收到电子发票 0
24元腾讯视频任我看视频流量包如何取消 0
哪些情况下办理不了300元2019版校园卡活动 0
80元畅享流量包流量使用有上限吗 0
你告诉我为什么不能办理18元乐享版移动王卡 0
免费领来电提醒 0
请问我这个手机号能办理20元20g的流量 套餐吗 0
无法退订70元爱奇艺会员手机视频流量包 0
什么时候可以办理小额版提速包 0
更换淘宝卡，流量是否自动转移 0
开通超级语音信箱 0
北京移动wlan多少钱介绍一下 1
怎么开通12元半年包短信回执 0
你好，我之前的2元月包个性化屏显业务到期了，想继续办理个 0
和彩云网盘有电脑版吗？ 0
200元2019版打两年300太鸡肋了，帮我干掉吧 0
畅听卡年包何时能用到 0
怎么取消5元超市会员产品 0
如何开通移动PLUS专享 0
我想办个半年包欢乐套餐 0
你告诉我为什么不能办理30元半年包五元卡 0
我想退全国亲情网，请问怎么退？ 0
退订20元20G流量业务，怎样自助办理 0
你好，我之前的18元2018版校园专属定向流量包到期了，想继续办理个 0
wlan流量套餐的使用方法，得花多少钱去开通 1
电子发票邮箱 0
你好，我想咨询一下高速流量套餐是否能取消掉，不想用了 0
解除限速太鸡肋了，帮我干掉吧为啥退订失败 1
和彩云4T优惠享取消 0
我可以办理19元宝藏版移动花卡吗 0
新20元20G的优惠流量套餐能办理吗 0
你好，怎么取消家庭亲情网服务？ 0
我想办理关机没网络提醒，麻烦帮我开通一下 0
半年包密云卡怎么购买 0
翻牌子适用范围有要求没 0
我要办理优酷会员视频会员通用流量月包 0
为啥呀，为啥不能办理100元和家庭琉璃套餐 0
办理20元20g套餐 0
次月畅享套餐促销优惠可以生效吗 0
10元流量暖心包开通应该如何操作 0
车主服务的使用方法，开通应该如何操作 1
2019版校园卡活动什么时候发售 0
我想办个加开流量 0
畅听年卡可以玩游戏吗 0
10元芒果视频5g加油流量包我啥时可以办理 0
我办理的芒果tv会员5gb通用流量加油包有多少流量，开通一下 1
我如何退订全国亲情网 0
什么时候可以取消腾讯视频流量 0
开通年包天气预报需要多少钱 0
一天了，签不了到！ 0
30元40个G的套餐在哪办理 0
怎么办理和家庭优惠活动是不是谁都可以办理 1
我现在不需要10元芒果视频加油5g，怎么取消掉 0
怎么办理叠加包太鸡肋了，帮我干掉吧 1
取消-全网尊享会员 0
我想办理大兴卡，半年包和年包哪个更便宜一些 2
你告诉我新全球通畅享套餐怎么开通 0
23元北京通手机卡开通 0
为啥呀，为啥不能办理王卡 0
你好，我想取消五百打两年，怎么办理我啥时可以办理 1
10元芒果视频5g加油流量包怎么购买 0
请问如何添加亲情网号码 0
亲情网可取消吗 0
20元流量券业务我想取消 0
短促包啥时候上线 0
哪些情况下办理不了2020版和4g校园套餐 0
您好：怎么开通百度包西瓜视频流量包 0
您好如何取消通话圈 0
15元加油包开通 0
5g智享套餐合约版能取消吗什么时候可以办理 1
取消20元版139邮箱 0
我想取消通话圈功能 0
你好，我之前的长途套餐到期了，想继续办理个，什么时候可以办理 1
我想办理个腾讯7天5g流量包玩玩，为啥呀，为啥不能办理 1
5g家庭套餐的网速咋样 0
什么是流量升级包 0
我要办理18元基础版流量王怎么办 0
我想开通畅享套餐合约版需要花多少钱，太鸡肋了，帮我干掉吧 1
开通5元流量小时包 0
你告诉我30元半年包家园套餐v2.0怎么开通 0
请把我的亲情号群组取消了 0
10元年包天气预报如何取消 0
你好，我之前的29元5g流量升级包到期了，想继续办理个 0
5元60包一年什么时候发售 0
我想办个移动乐享惠活动，什么是 1
和家庭优惠活动下个月生效么 0
取消全网消费享特权 0
你好，我想续订全国亲情网业务 0
任意用是什么，给我介绍一下，哪些情况下办理不了 1
怎么才能把30块钱40g这个取消 0
怎么用2元车主服务 0
机顶盒怎么买 0
帮我介绍一下任我用套餐的开通条件 0
咪咕直播流量包腾讯视频流量啥时候上线 0
20元20G流量怎么弄 0
您好，我可以办理20元20G流量嘛 0
我要办理5元60包一年 0
新春营销活动是什么，给我介绍一下 0
你好，办理王者荣耀需要什么条件？，是否能取消，有什么要求吗 1
任我看芒果tv什么时候发售，如何开通 1
238元5g畅享套餐合约版应该如何办理呀 0
20元欢享券办理 0
您好：怎么开通超市会员产品 0
我要办理5g套餐升档折扣活动怎么办，何时能用到 1
取消新20元20GB畅享流量券 0
你告诉我为什么不能办理流量保险 0
我想开通魔百和需要花多少钱 0
儿童锁何时能用到 0
办好了100元移动电视盒子怎么使用 0
我可以取消全国亲情网 0
我要办理大陆及港澳台版提速包怎么办 0
门头沟卡多少钱 0
为什么我不能开通15元大陆及港澳台版提速包 0
为什么我不能办理20元20G 0
怎么取消爱奇艺会员65乐视 0
芒果tv优酷7天5g流量包我为啥办理不了呀 0
把和彩云给我取消了 0
你告诉我为什么不能办理乐享版王卡套餐 0
咪咕流量包和咪咕直播流量包的任我看芒果tv，流量多的是哪个，我想要流量多点的 2
6元咪咕流量包任我看西瓜视频为什么退订不了 0
任我用wlan的使用方法 0
我想办个月包个性化屏显业务 0
我想咨询下，我办理了你们的plus会员 0
128商旅套餐啥时候生效 0
什么是采玲 0
18元普通版plus什么时候发售 0
我想开通腾讯视频任我看需要花多少钱 0
我要办理腾讯视频加油5g 0
我就只想取消新20元流量特惠券 0
车主违章提醒服务怎么添加车牌号？ 0
小额版和阶梯版的恢复限速，便宜的是哪个 2
什么是10元万能副卡 0
刚有个275消费送流量 0
哪些情况下办理不了5元移动wlan套餐 0
天气服务太鸡肋了，帮我干掉吧，怎么办理 1
怎么办理畅享套餐合约版 0
取消家园亲情网业务 0
办好了19元热剧vip忘了电视怎么使用 0
您好：怎么开通上网版移动王卡 0
家庭亲情卡 0
刚刚办理的20元20gb 0
为什么我不能开通30元半年包家园卡欢乐套餐 0
亲情网成员之间有没有小号 0
视频定向流量有什么要求 0
介绍一下北京移动wlan 0
你好，办理5g家庭套餐需要什么条件？ 0
怎么办理任意用，多少钱 1
您好：怎么开通入网首充赠礼营销活动 0
1元贴心流量券能取消吗 0
15元畅享包快手定向流量包为什么退订不了 0
为啥呀，为啥不能办理福利二选一 0
热剧vip互联网电视如何用 0
你好，我之前的半年包长途流量100m到期了，想继续办理个 0
取消全国亲情网的群组编号是什么 0
你告诉我59元套餐怎么开通 0
开通plus需要多少钱，开通一下 1
20元20GB手机咋办理 0
麻烦帮我取消那个10元亲情业务 0
您好：怎么开通换新活动 0
怎么开通380元5g家庭套餐 0
我想办个成员全国亲情网 0
帮我添加家庭成员副卡 0
请帮我取消全国亲情网业务 0
为啥呀，为啥不能办理70元爱奇艺会员视频会员通用流量月包 0
我为什么不能办理宝藏版移动花卡 0
如何办理和家庭主卡 0
增加一个亲情号。 0
什么时候可以办理60元年包长途套餐 0
介绍一下15元互联网电视 0
你好，我能办理两百打一年吗 0
亲情网怎么添加新成员 0
18元咪咕专属定向流量包开通应该如何操作 0
我想办理个300元2020版校园卡活动玩玩 0
20元20G套餐可以办理吗 0
为啥呀，为啥不能办理芒果视频会员5gb通用流量加油包 0
你好，我要取消5G套餐升档折扣活动，请问12月方案和24月方案的取消方式有区别吗 2
取消亲情卡消费了 0
我要办理和家庭免费赠送号卡活动怎么办 0
5元流量加油包有什么要求 0
办理的30元欢享券套餐，多出的是什么套餐业务 0
怎么办理40元移动wlan套餐 0
取消20元包20G 流量 0
什么时候可以取消尊享计划2020版，什么时候可以办理 1
您好，我想取消20GB惠享流量套餐 0
我要把和家庭退掉 0
120元半年包长途套餐开通 0
你好我办理的500元2020版校园卡活动有其他什么服务吗 0
固话可以玩游戏吗 0
我要办理1元移动wlan套餐怎么办 0
为啥呀，为啥不能办理200元2019版校园300打一年 0
什么时候可以办理畅享包快手流量包 0
全网优惠活动 0
大陆及港澳台版提速包怎么购买 0
惠享流量卷怎么取消 0
赠送国际长途分钟数活动下个月生效么 0
和爱车业务啥时候生效 0
100元和家庭流量包我啥时可以办理 0
取消家庭亲情全国网 0
怎么开通年包家园卡欢乐套餐 0
换新路由器 0
我想办个二选一活动 0
和留言折扣取消方式 0
200元2018版校园卡活动我啥时可以办理 0
开通魔百和需要多少钱 0
免费plus办理过程 0
您好，怎样取消20元20GB惠享流量订单 0
20新欢享办理 0
24元腾讯视频任我看视频流量包何时能用到 0
你告诉我为什么不能办理视频5g加油流量包 0
每月20元/20G流量套餐，还能办理吗 0
我想办个20元任我用wlan 0
你好，我想取消西瓜视频流量包，怎么办理 0
500元2020版校园卡活动何时能用到 0
我现在不需要充值短信优惠活动，怎么取消掉怎么开通 1
刚打电话说可以办理一个月三十块钱四十G的流量，怎么办理 0
我现在不需要200元2018版开学季活动，怎么取消掉 0
全网普惠得流量怎么办理 0
两百打一年2018版和2019版赠送的其他服务一样吗 2
精灵卡是什么，给我介绍一下，怎么开通 1
我想办理个15元安心上网流量包玩玩 0
你告诉我为什么不能办理15元忘了电视 0
帮我取消20元20个G流量套餐 0
你好，我的70元优酷会员视频会员通用流量月包可以退吗？ 0
爱奇艺会员视频会员通用流量月包多少钱 0
我现在不需要15元大陆及港澳台版高速包，怎么取消掉 0
你好，我想取消49元2020版和4g校园套餐，怎么办理 0
这个无限流量流量够用的吗，哪些情况下办理不了 1
多少钱能开通专门上网的卡，什么是 1
我有一个3元机场流量包能取消吗 0
我可以办理视频5g加油流量包吗，您好：怎么开通 1
我要办理200元2019版校园300打一年怎么办 0
教教我怎么使用12元半年包短信回执 0
彩铃diy开通 0
年包神州行5元卡有[内含其他服务]吗 0
怎么开通网易流量包，我为什么不能办理 1
和留言是什么意思 0
怎么取消15元畅享包快手定向流量包 0
我想办理个嗨购月包玩玩使用方法 1
怎么取消和家庭业务 0
10元芒果视频5g加油流量包是什么，给我介绍一下 0
电子邮箱怎么填 0
我想办理畅享套餐合约版，麻烦帮我开通一下 0
全网普惠得流量花不够档位会扣钱吗 0
畅享套餐合约版是什么，给我介绍一下您好：怎么开通 1
手机视频流量包开通应该如何操作 0
我想办理30块钱40G的那个券 0
怎么取消10元移动wlan套餐 0
五元3g啥时候上线什么是 1
您好：怎么开通惠享流量什么时候发售 1
宝藏版移动花卡里还有其他服务吗 0
办理半年包和年包的家园卡的话，那个稍微便宜点 2
次月五元3g可以生效吗 0
你好，我能办理80元5g家庭套餐吗 0
年包和半年包的长途套餐哪一个更优惠些呢 2
承诺低消补差能给我取消掉吗 0
我想办理20元20G业务，如何办理 0
你好，我想取消20元20GB流量包 0
188元畅享放心用套餐这个业务的网速好不好 0
您好：怎么开通王卡套餐，何时能用到 1
30元40G的套餐还有吗？ 0
怎么取消10元wlan套餐 0
畅享套餐合约版怎么购买怎么取消 1
你好，我想取消天5g流量包，怎么办理 0
我可以办理680元5g家庭套餐吗 0
18元咪咕bilibili带多少G的流量 0
高校流量包带多少的流量太鸡肋了，帮我干掉吧 1
为啥呀，为啥不能办理60元年包家园卡欢乐套餐 0
15元畅享包快手流量开通 0
9元语音包适用范围有要求没 0
您好！我要取消增值套餐全国亲情网 0
关闭P|Us会员 0
我那个享特权办完后，5G流量自动发放吗？ 0
现在是有20元20G每月流量话动吗？ 0
咪咕直播流量包任我看优酷视频我为啥办理不了呀 0
如何抽取流量福袋 0
68元2019版学生卡开通 0
你告诉我为什么不能办理1元小额版加速包 0
30元40G怎么办理呀 0
10元腾讯视频会员5gb通用流量加油包带多少G的流量 0
想取消亲情包 0
教教我怎么使用12元半年包来电提醒 0
70元优酷会员爱奇艺流量包开通应该如何操作 0
我想办理个普通版会员plus玩玩 0
什么时候可以办理5g智享套餐合约版 0
我的业务中有一个亲情卡10元，能帮忙取消么 0
和家庭减员 0
退订30元40g套餐 0
开通年包长途套餐需要多少钱 0
我办理的优酷有多少流量我想办个 1
我想办个3元1g，如何取消 1
你好，我之前的小额版解除限速到期了，想继续办理个 0
1元月包天气预报年包开通应该如何操作 0
PLUS折扣 0
请开通流量共享 0
plus会员可以重复办理吗 0
怎么退出全国亲情网 0
你好，我的wlan可以退吗？，你告诉我为什么不能办理 1
我想办个9元芒果tv视频会员5gb通用流量7天包 0
120元半年包畅聊套餐开通应该如何操作 0
花一惠啥时候上线怎么办理 1
什么是2020版五百打两年 0
移动plus会员能干啥 0
怎么办理PlUS 0
畅听卡年包开通应该如何操作 0
来来，10元任我用wlan教教我咋用 0
我要退订和家庭 0
无法退订5g家庭套餐 0
我为什么不能办理30元加速包 0
怎么取消家庭计划 0
开通加油包需要多少钱，啥时候上线 1
多少钱能开通北京移动plus会员权益卡，有多少流量 1
尊享计划2020版流量使用有上限吗 0
通话圈套餐退订 0
怎么办理380元5g家庭套餐 0
为啥呀，为啥不能办理快手流量太鸡肋了，帮我干掉吧 1
这个首都机场流量包流量够用的吗我要办理 1
我已经办理免费plus会员，如何选择具体使用方案？ 0
开通流量升级包需要多少钱介绍一下 1
帮我介绍一下10元万能副卡的开通条件 0
5g家庭套餐退订失败 0
你告诉我为什么不能办理10元万能副卡 0
普通版北京移动plus会员退订失败 0
你好，办理畅听年卡，年包和半年包的语音时长一样吗 2
请问如何取消亲情网套餐？ 0
哪些情况下办理不了40元加开流量 0
我想办理家园套餐v2.0，麻烦帮我开通一下什么时候发售 1
家庭成员怎么加可以玩游戏吗 0
我想办理个30元年包语音留言玩玩 0
怎样取消和留言 0
你好，我想取消芒果tv视频会员5gb通用流量7天包，怎么办理 0
取消全网优惠享特权业务 0
怎么取消PLUS白金会员 0
最优惠的流量日包多少钱，含多少流量 1
你好，我之前的5元流量日包到期了，想继续办理个 0
我为什么不能办理北京移动wlan有多少流量 1
我要把那个亲情号给退了 0
80元5g家庭套餐退订失败 0
怎么开通家庭计划套餐 0
1元小额版流量加速包什么时候发售 0
社区通信管家得礼包活动666 0
10元神州行畅听卡的通话时长 0
你好，我想取消10元流量暖心包，怎么办理 0
全球通plus会员开通 0
1元小额版提速包为啥我取消不了 0
我想开通腾讯芒果tv会员5gb通用流量加油包需要花多少钱 0
任我看聚力视频（pptv）流量包我啥时可以办理，为啥我取消不了 1
18元网易bilibili应该如何办理呀 0
我要办理60元年包家园卡欢乐套餐怎么办 0
如果办理亲情网 0
9元王者荣耀王者为啥我取消不了 0
我可以办理68元2019版和校园吗 0
怎么取消网易专属定向流量包 0
你好，我想取消抖音流量，怎么办理为什么我不能开通 1
多少钱能开通魔百盒热剧vip连续包月何时能用到 1
是和家庭吗 0
你好，我想取消和家庭业务 0
通话圈是什么用途 0
你告诉我爱奇艺天5g流量包怎么开通 0
叠加包我为啥办理不了呀如何开通 1
我要办理爱奇艺7天的流量包 0
我要办个便宜的移动电视盒子，电影vip和热剧vip哪个可以少花点钱 2
添加亲情网 0
什么时候可以取消优酷我为啥办理不了呀 1
我想办理3元来电提醒，麻烦帮我开通一下 0
15元大陆及港澳台版提速包退订失败 0
您好：怎么开通5g智享套餐合约版，为啥我取消不了 1
视频彩铃订阅-抖趣版专属6元包 退订 0
你好，我想咨询一下65元乐视会员视频会员通用流量月包是否能取消掉，不想用了 0
我现在不需要成员亲情通话，怎么取消掉 0
变更接收发票的邮箱 0
全网普惠流量请现在给我取消 0
你告诉我月包和彩印怎么开通 0
40元流量加油包怎么购买 0
次月魔百盒可以生效吗 0
开通198元畅享套餐合约版 0
我要办理半年包神州行畅听卡怎么办 0
18元网易定向流量我为啥办理不了呀 0
幸运好礼星期三活动 0
你好，我能办理首都机场流量业务吗，开通一下 1
为啥呀，为啥不能办理5g智享套餐合约版，里还有其他服务吗 1
开通20元20GB套餐 0
退家人亲情网 0
我办理手机视频流量包，乐视会员和优酷会员哪个流量多呀 2
想退订亲情号 0
介绍一下精灵卡 0
您好：怎么开通15元咪咕直播流量包任我看视频流量包 0
15元畅享包快手定向流量包啥时候上线 0
我想取消30元40g的流量套餐 0
怎么取消24元腾讯视频任我看视频流量包 0
3元月包语音留言如何取消 0
芒果tv视频会员2gb通用流量7天包有多少流量 0
我要办理乐视会员爱奇艺流量包怎么办 0
40元移动wlan有什么要求 0
我手机上有个家庭亲情网的业务怎么取消 0
现在把18元网卡流量会没吗 0
我想办理个5元2g玩玩 0
我想办理个10元芒果视频会员5gb通用流量加油包玩玩 0
语音留言应答语 0
这个128元畅享套餐合约版有多长的通话时间 0
你好我想添加我的家庭号码怎么加 0
我想办理30元40G 0
我想办理22元年包个性化屏显业务，麻烦帮我开通一下 0
我要办理60元年包神州行畅听卡怎么办 0
怎么办理车主小秘书24元年套餐什么时候发售 1
咪咕流量包任我看芒果tv太鸡肋了，帮我干掉吧 0
70元爱奇艺会员手机视频流量包应该如何办理呀 0
我想办理个房山卡玩玩我啥时可以办理 1
亲情号如何取消 0
9元芒果tv爱奇艺7天5g流量包啥时候上线 0
30元40gb流量那个套餐还有吗 0
互联网电视影视会员包月能取消吗 0
100元5g啥时候生效 0
你好，办理500元流量加油包需要什么条件？ 0
流量日报啥时候上线 0
我现在不需要半年包短信发送提醒，怎么取消掉 0
11元腾讯7天5g视频会员流量包我为啥办理不了呀 0
我要办理超市会员产品，我啥时可以办理 1
怎么开通网易专属定向流量包 0
30元40G惠享流量券什么时候到期？ 0
教教我怎么使用20元139邮箱 0
校园wlan如何取消 0
我想办理20元20g的流量活动 0
11元优酷芒果7天5g流量包带多少G的流量 0
我想办理200元2019版打两年300，麻烦帮我开通一下 0
你好，我之前的30元流量到期了，想继续办理个，何时能用到 1
介绍一下200元2019版校园卡活动 0
优酷7天5g流量包何时能用到怎么取消 1
我可以办理20元20G的活动吗 0
我要办个便宜的大兴卡，半年包和年包哪个可以少花点钱 2
办理视频会员5GB通用流量加油包的腾讯和芒果，含有的其它服务有区别吗 2
你好，怎样退订20  20GB惠享流量包 0
得花多少钱去开通留言信箱 0
为什么我不能开通15元咪咕直播流量包任我看视频流量包 0
更换最便宜，流量是否自动转移 0
2元车主服务啥时候上线 0
怎么用短信发送提醒，何时能用到 1
亲友团怎么解除邦定 0
现在把咪咕畅玩流量会没吗 0
惠享流量券3个月减免券-30元取消方式 0
和彩云4T权益包是什么 0
半年包家园卡欢乐套餐我为啥办理不了呀 0
如何取消代扣费业务 0
怎么开通亲情卡套餐 0
惠享流量券怎么取消 0
怎样取消亲情号业务 0
教教我怎么使用月包短信发送报告 0
为什么我不能开通9元百度定向流量 0
家庭年计划 0
我想取消20元20兆的流量 0
开通优酷会员手机视频流量包需要多少钱 0
5g智享套餐个人版啥时候上线为什么退订不了 1
24元腾讯视频任我看视频流量包为啥我取消不了 0
这个188元畅享放心用套餐有多长的通话时间 0
开通喜马拉雅需要多少钱 0
什么时候可以取消流量加速，为啥呀，为啥不能办理 1
如何退订彩铃 0
你好，办理放心用需要什么条件？，带多少的流量 1
Pulas会员有啥好处 0
我想办理个亲情网免费玩玩 0
来来，wlan教教我咋用 0
12元半年包来电提醒是什么，给我介绍一下 0
puls会员能领取什么？ 0
我要办理20元新惠享流量券活动 0
?取消新20元20G惠享套餐 0
我要办理家庭共享流量套餐，什么时候可以办理 1
您好：怎么开通19元宝藏版花卡 0
机场流量套餐如何取消我为什么不能办理 1
这个5g智享套餐合约版有多少流量 0
怎么办理12月方案5g套餐升档折扣活动 0
任我看西瓜视频有多少流量，多少钱能开通 1
如何在家庭计划中添加副卡 0
和留言怎么取消 0
如何退订新20元20G特享流量劵 0
plus会员服务 0
如何退订亲情号服务 0
我要办理5g畅享套餐，太鸡肋了，帮我干掉吧 1
电视机顶盒，目前怎么办理 0
怎么办理666 0
49元2020版和4g校园套餐有[内含其他服务]吗 0
什么是宝藏版花卡 0
158元畅享放心用套餐里还有其他服务吗 0
19元热剧vip魔百和开通 0
10元和爱车业务开通 0
想把亲情号码取消 0
你告诉我65乐视怎么开通 0
怎么开通固话 0
你好，我之前的30元流量到期了，想继续办理个因为什么无法退订 1
我现在不需要芒果vt，怎么取消掉是不是谁都可以办理 1
100元家庭共享流量套餐是什么，给我介绍一下 0
我想开通5g家庭套餐需要花多少钱介绍一下 1
你告诉我3元月包短信发送报告怎么开通 0
plus会员权益领取可否取消 0
在那里加亲情号 0
新20元20g惠享优惠券 0
18元全球通版普拉斯我为啥办理不了呀 0
15元咪咕直播流量包任我看视频流量包我啥时可以办理 0
您好家庭亲情网如何取消 0
2020版和4g校园套餐我为啥办理不了呀 0
老人的套餐的通话时长，有什么要求 1
哪些情况下办理不了畅想放心用 0
得花多少钱去开通电影vip互联网电视 0
Plus会员怎么开通使用 0
你好，我想取消大陆及港澳台版提速包，怎么办理 0
5元139邮箱的使用方法 0
什么是抖音定向流量包怎么用 1
怎么取消乐视会员爱奇艺流量包 0
您好：怎么开通6元彩铃业务 0
我现在不需要15元咪咕直播流量包优酷，怎么取消掉 0
我想办理个腾讯视频任我看视频流量包玩玩 0
取消订单20元20GB元惠享流量卷 0
398元5g畅享套餐合约版怎么购买 0
你好，我之前的58元商旅套餐到期了，想继续办理个 0
家庭号码怎么购买，什么是 1
wlan有多少流量 0
你好，如何取消通话圈功能？ 0
你好，我之前的爱奇艺会员65乐视到期了，想继续办理个 0
5g家庭套餐什么时候发售，您好：怎么开通3608it [00:00, 6811.38it/s] 1
取消全网优惠网特权 0
怎么取消老年卡18元 0
流量包和畅享包的快手app流量包所花的钱一样不？ 2
我想办理个短信发送报告玩玩，月包和半年包的开通方式有区别吗 2
我想办理个18元全球通版北京移动plus会员玩玩 0
是不是谁都可以办理30元半年包家园卡欢乐套餐 0
我想办个短信充值优惠，介绍一下 1
你告诉我10元万能副卡怎么开通 0
是不是谁都可以办理专属流量，什么时候发售 1
139邮箱登陆 0
办理plus 0
你告诉我为什么不能办理爱奇艺7天5g流量包 0
我现在不需要5g智享套餐合约版，怎么取消掉 0
免费版邮箱我啥时可以办理 0
短信发送报告的使用方法 0
怎么开通流量福袋 0
我要办理18元海包 0
福利二选f一 0
是不是谁都可以办理cmcc，怎么办理 1
70元爱奇艺会员视频会员通用流量月包是什么，给我介绍一下 0
校园套餐2020版有什么要求 0
我想开通30流量加油包需要花多少钱 0
车主服务是什么服务 0
哪些情况下办理不了18元网易今日头条包 0
你好，我想取消五百打两年，怎么办理 0
PLUC包括哪些 0
什么时候可以办理打两年300，什么是 1
畅享套餐合约版怎么购买，是什么，给我介绍一下 1
车主服务办理 0
电子发票发到139邮箱，总是出错，怎么解决 0
随心看合约版什么时候发售 0
什么时候可以取消1元小额版流量提速包 0
我想办理打两年300，2018版和2019版哪个更便宜一些 2
你好，我想取消承诺低消优惠活动，怎么办理，如何开通 1
我想开通动感地带校园行套餐需要花多少钱啥时候上线 1
能给我办理20元20GB流量吗 0
如果办理来电提醒业务 0
您好，我办的20元20G的流量怎么没了 0
我10月已取消了10元的家庭亲情网，为何还在收这个费？！ 0
您好：怎么开通限速恢复能取消吗 1
来来，短信发送提醒教教我咋用 0
电影vip移动机顶盒如何取消 0
有没有来电漏接提醒 0
现在还有校园卡活动吗 0
70元优酷会员视频会员通用流量月包应该如何办理呀 0
我要办理15元安心上网流量包 0
5g智享套餐合约版啥时候上线能取消吗 1
20元20g还能办理吗 0
我想办理188元任我用套餐，麻烦帮我开通一下 0
什么时候可以办理18元咪咕网易流量包 0
我想办理5G套餐升档折扣活动，12月方案和24月方案的开通方式一样吗 2
任我用wlan为啥我取消不了怎么办理 1
介绍一下18元乐享版大王卡 0
全网亲情号办理 0
开通商旅套餐 0
9元网易专属定向流量包带多少G的流量 0
有20元20g流量的套餐吗，如何办理？ 0
请把“和彩云”这只小偷给我散删了。 0
老年卡里还有其他服务吗 0
家庭亲情版取消 0
怎么取消安心包，如何开通 1
我这个号码能办亲情号吗？ 0
流量加速包多少钱 0
帮我介绍一下流量畅销包的开通条件，怎么购买 1
刚办理了plus会员享，在哪儿领取权益 0
为啥呀，为啥不能办理5g智享套餐合约版 0
我如何取消亲情号码那个业务？ 0
惠享券有什么要求，我要办理 1
我为什么不能办理5元家园卡欢乐套餐 0
您这里可以帮我取消18801102479的亲情号码吗 0
18元嗨包太鸡肋了，帮我干掉吧 0
如果取消火山小视频流量的话，网易和百度的方式一样吗 2
体验版-12个月嗨购月包是什么，给我介绍一下 0
怎么开通腾讯视频，什么时候可以办理 1
我可以办理乐视会员视频会员通用流量月包吗 0
158元流量畅销包为啥我取消不了 0
请问取消20元20G是需要去营业厅吗 0
120元半年包畅听年卡啥时候上线 0
20元买20G流量活动还有吗？ 0
能取消亲情业务吗？ 0
想要30元40G的办理链接 0
6元咪咕流量包任我看芒果tv怎么购买 0
叠加包多少钱为什么我不能开通 1
我想办理个新全球通畅享套餐玩玩，为什么退订不了 1
可以办理30元40G流量的业务吗 0
1元小额版提速包我啥时可以办理 0
什么是9元芒果tv一周流量 0
18元普通版plus会员为什么退订不了 0
我要取消20元20G流量专享 0
帮我介绍一下年包5元包月卡的开通条件 0
我现在不需要19元电影vip互联网电视，怎么取消掉 0
我想开通年包和彩印需要花多少钱 0
Plus会员是能领两个权益了么，之前只能领一个 0
新版欢享劵 0
什么时候可以办理年包语音留言 0
您好 请问如何取消和家庭分享业务 0
您好，误操作了全球通Plus活动，如何取消呢 0
畅享套餐合约版开通应该如何操作，何时能用到 1
王者荣耀会员游戏包结转的要求或规则是啥样的 0
怎么开通加开流量是不是谁都可以办理 1
机顶盒怎么购买，如何取消 1
今日头条包啥时候上线，多少钱能开通 1
贴心流量券我为啥办理不了呀，怎么开通 1
我想办理18元普通版会员plus，麻烦帮我开通一下 0
帮我把套餐中的通话圈业务退掉 0
您好，我想问一下和家庭分享业务都包含啥 0
怎么取消24月方案5g套餐升档折扣活动 0
20元20g套餐办理 0
怎么取消月包和留言年包 0
惠享流量那个 0
腾讯视频会员5gb通用流量加油包是什么，给我介绍一下 0
和家庭流量分享 0
哪些情况下办理不了15元加油包 0
关机没网络提醒怎么购买 0
怎么取消全国亲情网套餐 0
五元3g的套餐本月没用完，下月可以继续用吗 0
更换芝麻卡，流量是否自动转移 0
怎么办理20元校园wlan 0
放心畅享包何时能用到 0
办个任我看刷视频，咪咕流量包和咪咕直播流量包哪个流量多一些 2
5g智享套餐家庭版的通带宽多少，什么时候可以办理 1
2020版和4g校园套餐有什么要求 0
我想取消puls会员 0
北京郊区卡有什么要求什么是 1
15元流量加油包我啥时可以办理 0
不需要承诺低消补差 0
300元2020版校园卡活动里还有其他服务吗 0
小额版和阶梯版的提速日租包，流量相同不 2
我想办理7天5g视频会员流量包，麻烦帮我开通一下 0
我想办理魔百和，麻烦帮我开通一下太鸡肋了，帮我干掉吧 1
我要办理18元全网普惠怎么办，怎么取消 1
1元小额版提速包是什么，给我介绍一下 0
18元2018版移动校园专属优惠怎么购买 0
10元芒果视频加油5g应该如何办理呀 0
网易和百度的火山小视频流量所花的钱一样不？ 2
开通5g智享套餐合约版需要多少钱，为啥退订失败 1
你好，办理大陆及港澳台版提速包需要什么条件？ 0
来来，电影vip魔百和教教我咋用 0
开通嗨购月包 0
和留言年包是什么 0
你好，我想咨询一下30元半年包五元卡是否能取消掉，不想用了 0
全网优惠享特权5GB 0
我要办理38元北京移动plus会员权益卡 0
您好  请问怎么办理这个全网优惠享特权 0
怎么取消15元咪咕直播流量包任我看视频流量包 0
视频王卡带多少的流量，啥时候上线 1
我想办个超市会员产品 0
什么时候可以办理2018版校园300打两年 0
怎么用12元半年包短信发送报告 0
3元月包短信发送报告应该如何办理呀 0
你好，我之前的68元2019版和4g校园套餐到期了，想继续办理个 0
您好，请问如何退订全国亲情网业务？ 0
我现在不需要1元wlan套餐，怎么取消掉 0
怎么办理20元邮箱，什么是 1
教教我怎么使用18元普通版北京移动会员 0
车主小秘书24元年套餐何时能用到 0
如何开通惠享券多少钱 1
18元全球通版plus怎么使用 0
你好！怎么取消30元40G的套餐？ 0
3元月包短信回执何时能用到 0
怎样退全国亲情业务 0
什么时候可以取消优酷，如何取消 1
介绍一下10元腾讯芒果tv会员5gb通用流量加油包 0
我办理亲情套餐了吗 0
如何退订魔百和直播服务 0
是不是谁都可以办理高速流量套餐我要办理 1
22元年包和彩印啥时候上线 0
你好，我想取消18元乐享版移动王卡，怎么办理 0
我想办理家庭版5g畅享套餐，麻烦帮我开通一下 0
新30元40G欢享优惠券退订 0
开通邮箱服务 0
你好，我之前的5元139邮箱到期了，想继续办理个 0
更换5g智享套餐个人版，流量是否自动转移 0
你好我想退订亲情网怎么办理 0
汽车违章及时通知在哪办理 0
18元普通版plus开通 0
20元20GB如何办理 0
这个移动wlan有多少流量，太鸡肋了，帮我干掉吧 1
我为什么不能办理12元半年包短信回执 0
把移动PLUS会员停了 0
开通18元乐享版移动王卡 0
取消留言服务 0
想去掉和家庭 0
你好，我之前的畅享套餐合约版到期了，想继续办理个 0
怎么开通亲情网 0
全网普惠流量套餐 0
您好：怎么开通任我看芒果tv，多少钱 1
什么时候可以办理5元移动wlan套餐 0
我要取消来电提醒 0
亲情网服务取消 0
怎么开通120元半年包畅听年卡 0
5g智享套餐家庭版如何取消，我为什么不能办理 1
半年包来电提醒是什么，给我介绍一下 0
全国亲情网业务退订 0
我想办理200元2018版校园卡活动，麻烦帮我开通一下 0
家庭版5g畅享套餐开通 0
福袋流量怎样退订 0
怎么办理花一惠一，是不是谁都可以办理 1
移动机顶盒开通 0
开通30元流量加速 0
你告诉我6元彩铃怎么开通 0
哪些情况下办理不了80元5g家庭套餐 0
怎么用北京移动wlan为啥退订失败 1
我有一个畅享包快手流量能取消吗 0
优酷视频会员2gb通用流量7天包的套餐本月没用完，下月可以继续用吗 0
30元40GB流量活动详情 0
现在还有流量优惠券吗？每个月20元20G 0
全网优惠特权如何退 0
取消和家庭的代码是什么 0
你告诉我为什么不能办理2020版和4g校园套餐 0
怎样取消新20元20G的那项业务 0
70元优酷会员手机视频流量包为啥我取消不了 0
你告诉我7天5g视频会员流量包怎么开通，多少钱 1
1元小额版限速恢复啥时候上线 0
什么是10元移动wlan套餐 0
你告诉我校园卡68怎么开通 0
怎么提前取消全网优惠享特权 0
5g智享套餐合约版带多少的流量，为什么我不能开通 1
您好：怎么开通两百打一年 0
你告诉我为什么不能办理18元网易专属定向流量包 0
变更发票邮箱 0
如何开通芝麻卡什么时候可以办理 1
我的邮箱不需要可以删除吗 0
24元腾讯视频任我看视频流量包我为啥办理不了呀 0
2020版和校园太鸡肋了，帮我干掉吧 0
慧想流量是什么，给我介绍一下什么时候发售 1
办理视频会员5GB通用流量7天包，爱奇艺和芒果tv的价格一样吗 2
畅享套餐合约版啥时候上线 0
退订 通话圈 功能 0
我想办理18元2018版流量学生专用，麻烦帮我开通一下 0
我要办理10元10gb怎么办 0
如何解除亲情网 0
我想办理快手流量，流量包和畅享包的开通方式一样吗 2
为什么我不能开通300元2019版校园卡活动 0
你好，我要取消长途流量100m，请问年包和半年包的取消方式有区别吗 2
我现在不需要10元流量暖心包，怎么取消掉 0
9元芒果tv视频会员5gb通用流量7天包什么时候发售 0
关闭家庭亲情卡 0
办理完plus会员没有领到权益 0
模组怎么购买是什么，给我介绍一下 1
198元5g畅享套餐合约版有多少流量 0
惠享卷开通应该如何操作 0
取消家庭成员 0
30元40G流量怎么办理 0
怎么开通10元日包套餐 0
怎么取消22元年包个性化屏显业务 0
全囯亲情网如何取消 0
你好，我想取消70元爱奇艺会员65乐视，怎么办理 0
哪些情况下办理不了任我用wlan，为什么退订不了 1
请取消超级语音信箱和语音信箱 0
你好，办理60元年包家园卡欢乐套餐需要什么条件？ 0
我想取消 和留言 业务 0
我这号还能办理30元40G的业务吗 0
什么时候可以办理5g家庭套餐，这个业务的网速好不好 1
你好，我想取消18元网易9元百度包，怎么办理 0
开通18元网易专属定向流量包 0
我有一个长期版提速包能取消吗 0
取消亲情号怎么操作 0
你好，我能办理2018版五百打两年吗 0
取消全网普惠得流量业务 0
是不是谁都可以办理65元乐视会员视频会员通用流量月包 0
我要办理加油包 0
你好，我之前的腾讯视频流量到期了，想继续办理个，因为什么无法退订 1
怎么办理20元139邮箱 0
如何取消通话圈功能费？ 0
5g智享套餐家庭版多少钱 0
怎么办理魔百和，介绍一下 1
手机视频流量包何时能用到 0
抖音15g流量包的使用方法得花多少钱去开通 1
怎么参加666 0
plus150 0
流量30g何时能用到太鸡肋了，帮我干掉吧 1
70元优酷会员65乐视为什么退订不了 0
任我用套餐c为啥退订失败如何开通 1
最优惠的5G智享套餐合约版带多少流量呢？ 0
如何开通手机邮箱 0
和校园怎么购买，介绍一下 1
你好，我想咨询一下，如果在网上退订全国版的亲情电话如何操作 0
是不是谁都可以办理惠享券您好：怎么开通 1
请看下我的亲情网功能已经取消了吧 0
为什么我不能开通高速流量套餐，为啥退订失败 1
免费plus会员到期取消吗 0
怎么办理体验版-12个月嗨购月包 0
亲情号那个也呢还有呢？是套餐里包括的嘛？ 0
继续开通plus会员 0
我的代付费 怎么就取消不了呢 0
我办理的7天2g通用流量有多少流量哪些情况下办理不了 1
你告诉我为什么不能办理提速 0
怎么添加和家庭成员 0
20元20G流量怎么取消？ 0
19元电影vip互联网电视是什么，给我介绍一下 0
动感地带亲情号码怎么办理 0
哪些情况下办理不了6元咪咕流量包腾讯上网套餐 0
18元咪咕专属定向流量包我为啥办理不了呀 0
怎样取消惠享优惠券 0
改电子发票抬头及邮箱 0
我要办理加油包怎么办 0
65元乐视会员爱奇艺流量包有[内含其他服务]吗 0
全球通版北京移动plus会员为啥我取消不了 0
怎么正确填写自己的电子邮箱 0
你好，我想取消10元10g，怎么办理 0
120元半年包畅聊套餐应该如何办理呀 0
和留言能通過APP退訂嗎 0
我想办个5g家庭套餐，这个业务的网速好不好 1
参加活动666 0
我办理的2元流量小时包有多少流量 0
为什么我买魔百和的机顶盒买不了 0
你好，我要取消视频会员5GB通用流量7天包，请问爱奇艺和芒果tv的取消方式有区别吗 2
您好，麻烦取消每月20元20G服务吧，谢谢啦 0
办好了魔百盒热剧vip连续包月怎么使用 0
20元20g怎么办？ 0
帮我介绍一下畅想放心用的开通条件 0
70元爱奇艺会员手机视频流量包开通 0
你好，我想取消畅听年卡，怎么办理通话时长 1
移动plus是怎么办理？ 0
办理流量王，上网版和Plus版的流量一不一样 2
为什么我不能开通百度包专属定向流量包 0
什么时候可以办理1元小额版提速包 0
我要办理5g家庭套餐，如何取消 1
5g智享套餐合约版为啥退订失败多少钱 1
100元和家庭流量包能取消吗 0
Plus 会员可以免费用流量么？ 0
您好：怎么开通网易专属定向流量包 0
怎么办理成员通话圈 0
什么时候可以取消15元畅享包快手定向流量包 0
亲情网业务怎么购买，多少钱能开通 1
你好 电话营销让我办理 全网优惠行特权的套餐 0
家庭共享流量套餐何时能用到我为啥办理不了呀 1
我想办理流量共享 0
一元一个g什么时候发售，为什么我不能开通 1
你好，我想咨询一下大陆及港澳台版提速包是否能取消掉，不想用了 0
通话圈业务如何取消 0
15元大陆及港澳台版流量提速包有什么要求 0
我要退掉20元20GB的业务 0
快手流量包是什么，给我介绍一下，我为啥办理不了呀 1
无线流量套餐怎么购买 0
如何取消家庭亲情 0
新春五福啥时候上线介绍一下 1
plus会员专享怎么开通 0
你好，我想取消视频王卡，怎么办理，你告诉我为什么不能办理 1
乐视会员和优酷会员的手机视频流量包，流量相同不 2
北京移动wlan有多少流量得花多少钱去开通4000it [00:00, 6870.27it/s]
0it [00:00, ?it/s] 1
开通59元牛卡 0
如何取消家庭成员之间互相打电话免费的业务？ 0
70元优酷会员手机视频流量包什么时候发售 0
什么时候可以取消长途流量100m 0
49元2020版动感校园卡啥时候上线 0
我现在不需要65元乐视会员视频会员通用流量月包，怎么取消掉 0
你好，我想咨询一下提速是否能取消掉，不想用了 0
小额版和阶梯版的提速日租包哪一个更优惠些呢 2
退订车主服务业务 0
你告诉我10元神州行畅听卡怎么开通 0
天5g流量包有多少流量，我为啥办理不了呀 1
我想办理个个性化屏显业务玩玩，月包和年包的开通方式有区别吗 2
12元半年包来电提醒如何取消 0
怎么退订亲情服务 0
开通9元百度抖音套餐 0
18元基础版流量王我为啥办理不了呀 0
叠加包有多少流量，是什么，给我介绍一下 1
家庭共享流量套餐为什么退订不了是什么，给我介绍一下 1
5g套餐升档折扣活动啥时候上线 0
我要办理彩铃业务怎么办，是什么，给我介绍一下 1
咪咕畅玩我啥时可以办理，怎么购买 1
我办理的plus会员权益出现问题 0
怎么办理18元普通版会员plus 0
你好，什么是和留言年包 0
如何开通新春营销活动，什么时候可以办理 1
解除限速结转的要求或规则是啥样的 0
退了20元20几的流量业务 0
开通叠加包需要多少钱，应该如何办理呀 1
签到奖励的流量有效期多长时间 0
当月办理彩铃 0
怎么用10元移动wlan套餐 0
10元亲情网业务如何取消 0
如何取消绑定的亲情号 0
这个128元5g畅享套餐合约版有多少流量 0
你告诉我为什么不能办理流量加速包，介绍一下 1
怎么办理流量享惠包 0
套餐内语音通信 0
30元半年包家园卡我为啥办理不了呀 0
怎么办理30元半年包郊区卡 0
5元2g如何取消 0
我想办理个玩玩，介绍一下 1
亲情通业务太鸡肋了，帮我干掉吧，有什么要求 1
怎么开通畅享套餐合约版，太鸡肋了，帮我干掉吧 1
办理和家庭业务的方式发一下 0
我想开通和爱车业务需要花多少钱 0
畅听年卡的通话时长，我为啥办理不了呀 1
plus的权益 0
想办理20元20G 0
20元20G流量办理 0
我想开通年包5元包月卡需要花多少钱 0
怎么取消半年包欢乐套餐 0
你告诉我300元2020版两百打一年怎么开通 0
加油包开通一下，多少钱能开通 1
你好我办理的11元腾讯芒果7天5g流量包有其他什么服务吗 0
你好，家庭亲情网怎么退订 0
车主服务费怎么取消？ 0
取消惠享20元20GB 0
请问我想要退出亲情网怎么退啊 0
什么是200元2018版校园卡活动 0
我的20元20G流量包可以退订吗 0
怎么办理嗨购月包如何用 1
如何退订亲情 0
你好，我想取消五元3g，怎么办理多少钱能开通 1
是不是谁都可以办理60元年包大众卡 0
如何关闭代缴话费业务 0
1元小额版加速包太鸡肋了，帮我干掉吧 0
大兴卡开通一下太鸡肋了，帮我干掉吧 1
体验版-12个月嗨购月包怎么使用 0
我想办理个24元腾讯视频任我看聚力视频（pptv）流量包玩玩 0
取消?新20元 20G业务 0
我办理的6元咪咕流量包任我看视频流量包有多少流量 0
我想办理198元5g畅享套餐合约版，麻烦帮我开通一下 0
我为什么不能办理200元2019版校园卡活动 0
取消全网优惠特享权 0
互联网智能语音遥控器 0
昨天收到免费办理Plus 0
次月给对方听的铃音可以生效吗 0
我想办理19元电影vip互联网电视，麻烦帮我开通一下 0
你好，我能办理10元移动wlan套餐吗 0
如何提前终止全网普惠得流量 0
您好：怎么开通畅享套餐合约版有多少流量 1
全网普惠得流量是什么 0
你好，取消亲情网业务 0
6元咪咕流量包任我看咪咕流量是否能取消，有什么要求吗 0
请问怎样取消和家庭电话号码 0
你告诉我5元流量小时包怎么开通 0
能否把亲情网业务取消了？ 0
怎么办理视频5g加油流量包 0
因为什么无法退订5g智享套餐合约版，啥时候上线 1
通州卡如何取消 0
怎么开通亲情号码 0
北京郊区卡啥时候上线 0
全国亲情网是否开通 0
月包和年包的语音留言哪一个更优惠些呢 2
plus会员视频选项 0
什么时候可以取消15元流量加油包 0
我要办理70元优酷会员视频会员通用流量月包 0
我想办理18元咪咕专属定向流量包，麻烦帮我开通一下 0
芒果tv和PPtv的视频会员2GB通用流量7天包，流量多的是哪个，我想要流量多点的 2
什么时候可以办理腾讯视频流量如何用 1
我想办理20元20G的套餐 0
取消全网优惠享特权活动 0
您好 我想退订一下亲情网 0
合约版和合约版的5G智享套餐合约版开通方式一样不 2
芒果tv会员5gb通用流量加油包的套餐本月没用完，下月可以继续用吗 0
办理腾讯和芒果的视频会员5GB通用流量加油包的话，那个稍微便宜点 2
我要办理打两年300怎么办 0
因为什么无法退订5g家庭套餐，哪些情况下办理不了 1
如何加其它省份的亲情号码？ 0
怎么取消380元5g家庭套餐 0
显示今天未接来电 0
2019版和2020版的和4G校园套餐开通方式一样不 2
你好，办理1元小额版提速包需要什么条件？ 0
你告诉我为什么不能办理短信发送提醒，怎么办理 1
退订全国亲情号业务 0
多少钱能开通王者，什么时候可以办理 1
福利二选一怎么办理 0
无限量如何取消有什么要求 1
亲情号码怎样取消 0
plus为啥我取消不了 0
怎么删除139邮箱 0
比好，我办理的家庭计划成员可以刷视频吗 0
60元年包家园卡欢乐套餐有[内含其他服务]吗 0
我想办理9元网易头条系定向流量，麻烦帮我开通一下 0
我想取消全国亲情网增值服务怎么办理 0
介绍一下18元上网版移动王卡 0
我想要取消全国亲情网 0
18元普通版plus会员应该如何办理呀 0
您好，现在还有没有20元20GB的乐享套餐? 0
你好，我之前的5g家庭套餐到期了，想继续办理个，为啥呀，为啥不能办理 1
全国亲情网什么。 0
办理20g欢享券 0
你告诉我9元网易专属定向流量包怎么开通 0
什么是60元年包神州行畅听卡 0
关闭会员plus 0
家庭版5g畅享套餐什么时候发售 0
怎么取消加入亲情网 0
你好。 咨询一下可以办亲情号吗 0
咪咕流量包任我看视频流量包退订失败 0
亲情号O元开通在哪 0
家庭亲情全网取消 0
你好，我之前的校园300打一年到期了，想继续办理个 0
加速流量包开通一下，教教我怎么使用 1
这个畅享套餐合约版有多长的通话时间 0
您好：怎么开通机场流量套餐能取消吗 1
年包长途流量100m有[内含其他服务]吗 0
我想办理10元移动wlan套餐，麻烦帮我开通一下 0
麻烦问下我怎么加亲情号码做流量共享 0
5g流量升级包啥时候生效 0
plus会员流量在哪里办理 0
你告诉我15元畅享包快手app流量包怎么开通 0
什么时候可以办理18元上网版移动王卡 0
你好，我想取消20元20Gb惠享流量业余 0
9元芒果tv视频会员5gb通用流量7天包怎么购买 0
锦鲤卡什么时候发售 0
怎么办理8元流量加油包 0
20元20GB办理 0
为什么我不能开通2020版和4g校园套餐 0
你好，我能办理5元卡半年包吗，介绍一下 1
什么时候可以办理手机邮箱 0
22元年包和彩印如何取消 0
亲情网业务解除 0
我现在不需要3元机场流量包，怎么取消掉 0
取消30元40GB惠享流量券 0
怎么取消1元小额版高速流量套餐 0
5元2g太鸡肋了，帮我干掉吧，如何开通 1
你好，最便宜的畅享放心用套餐多少钱可以办理 0
是不是谁都可以办理9元百度火山小视频流量 0
惠享券退订 0
来来，关机不在服务区教教我咋用 0
无法退订2018版校园专属定向流量包 0
取消全国普惠流量 0
我想办理1元小额版流量加速，麻烦帮我开通一下 0
取消和彩云4T增益包 0
你好，我想取消模组套餐，怎么办理我要办理 1
介绍一下上网版移动王卡 0
亲情网怎么加人 0
办理月包和年包的个性化屏显业务的话，那个稍微便宜点 2
我想办理个200元2018版打两年300玩玩 0
20元20个G，开通当月按日折算 0
办个咪咕专属包刷视频，网易和百度哪个流量多一些 2
办理20元20g的套餐流量 0
5g智享套餐合约版里还有其他服务吗多少钱能开通 1
我想办理个5元叠加包玩玩 0
我可以办理任我用100吗，怎么取消 1
花一惠怎么购买 0
如何办理30元40G？已抽取 0
魔百盒如何使用 0
取消来电提醒半年包 0
我的20元20G流量这月就到期了，可以续订吗？ 0
为什么我不能开通9元网易专属定向流量包 0
取消20元20GB惠享流量劵 0
您好，还有30元40G的活动吗 0
腾讯上网套餐开通一下怎么使用 1
9元百度bilibili太鸡肋了，帮我干掉吧 0
惠享卡20元20G每月 0
5元流量日包是什么，给我介绍一下 0
我想办理个哔哩哔哩流量包玩玩什么时候发售 1
你告诉我花季守护怎么开通 0
刚办理的plus会员 0
我想开通咪咕流量包芒果vt需要花多少钱 0
小额版提速包什么时候发售 0
我想办个年包和彩印 0
怎么取消6元手机彩铃 0
半年包短信回执何时能用到 0
停止办理家庭亲情网业务 0
我想办个畅享套餐合约版 0
超市会员产品可以玩游戏吗 0
怎样取消亲情号套餐 0
这个18元2018版校园专属定向流量包有多少流量 0
开通任我看聚力视频（pptv）流量包需要多少钱什么时候发售 1
你好，我想取消短信发送报告，怎么办理，是什么，给我介绍一下 1
多少钱能开通老年卡18元 0
介绍一下优酷7天会员流量 0
哪些情况下办理不了百度包火山小视频流量 0
什么是欢乐优惠券 0
39元套餐的套餐本月没用完，下月可以继续用吗 0
亲情网套餐怎么取消 0
办个爱奇艺流量包刷视频，乐视会员和优酷会员哪个流量多一些 2
咪咕流量包和咪咕直播流量包的任我看快手哪一个更优惠些呢 2
限速恢复退订失败 0
喜马拉雅西玛拉雅是否能取消，有什么要求吗 0
您好：怎么开通22元年包和彩印 0
怎么办理魔百盒热剧vip连续包月 0
我想办个18元咪咕抖音流量包 0
什么是5g智享套餐个人版，能取消吗 1
免费亲情互打电话活动下月还有吗？ 0
20元20G的活动，每个月都要领一次么 0
电子发票接收邮箱怎么改 0
我可以办理20元20G流量包么 0
你好，我能办理流量可选包吗，能取消吗 1
暖心流量包开通 0
10元腾讯视频会员5gb通用流量加油包我啥时可以办理 0
我为什么不能办理5g家庭套餐 0
移动电视盒子怎么使用，介绍一下 1
是不是谁都可以办理全球通版plus会员 0
是不是谁都可以办理18元网易专属定向流量包 0
plus会员营业厅给我开通了，我怎么领取？ 0
什么时候可以取消咪咕流量包任我看视频流量包 0
plus会员不能领视频会员了吗？ 0
什么时候可以取消200元5g家庭套餐 0
5元日充流量何时能用到 0
20元20GB取消 0
我想取消我的和家庭业务 0
15元大陆及港澳台版提速日租包为什么退订不了 0
你好，我想咨询一下220元机顶盒是否能取消掉，不想用了 0
想办理20元20GB的套餐 0
取消和彩云4T优惠亨 0
移动王卡惠享合约怎么退订 0
我想办个12元半年包关机不在服务区 0
得花多少钱去开通快手流量包 0
帮我介绍一下9元百度包专属定向流量包的开通条件 0
和留言怎么关 0
如何取消我的通话圈？ 0
怎么开通5g智享套餐家庭版有多少流量 1
和留言免费年包 0
为啥呀，为啥不能办理阶梯版提速包 0
你好，我之前的65元乐视会员70爱奇艺到期了，想继续办理个 0
办理流量福袋 0
全网普惠得流量活动退订 0
你告诉我2元五元3g怎么开通 0
如何取消和家庭成员 0
全网优惠特权都有什么 0
取消+和留言服务 0
全网优惠享特权是什么 0
多少钱能开通车主服务，怎么购买 1
什么是12元半年包短信回执 0
为什么我不能开通200元2019版打两年300 0
是不是谁都可以办理百度包专属定向流量包 0
亲情网如何办理 0
我的流量福袋能退吗？ 0
取消和家庭分享业务 0
你好，我想取消全网优惠享特权那个业务，怎么取消？ 0
和留言年包撤销 0
短信发送报告太鸡肋了，帮我干掉吧 0
288元畅享放心用套餐开通应该如何操作 0
我想退掉亲情服务 0
什么是惠享流量 0
你好，我能办理12元半年包短信回执吗 0
我现在不需要300元2020版五百打两年，怎么取消掉 0
plus会员那个数字特权有的领不了 0
你好，办理100元和家庭流量包需要什么条件？ 0
如何办亲情号？ 0
你好我办理的60元年包家园卡欢乐套餐有其他什么服务吗 0
次月入网首充赠礼营销活动可以生效吗 0
30元5gb半价体验版可以玩游戏吗 0
这个手机视频流量包流量够用的吗，什么是 1
为啥呀，为啥不能办理爱奇艺视频会员5gb通用流量7天包 0
我想办个5元139邮箱 0
3元月包短信发送提醒啥时候上线 0
我想办理个畅聊套餐玩玩什么时候可以取消 1
什么时候可以办理和爱车业务，教教我怎么使用 1
10元家庭亲情通话我啥时可以办理 0
我想要办理20块钱，20g 0
如何关闭代付费 0
我想办理个和家庭免费赠送号卡活动玩玩 0
种树的游戏结转的要求或规则是啥样的 0
怎么办理6元彩铃 0
你好语音信箱怎么开通 0
你告诉我为什么不能办理1元校园wlan 0
流量20元20G在哪办理 0
全国亲情号项目取消 0
哪些情况下办理不了200元2018版校园卡活动 0
Plus会员有套路？ 0
我想取消和留言 0
30元半年包神州行5元卡是什么，给我介绍一下 0
70元优酷会员视频会员通用流量月包怎么购买 0
现在办理的30元40g现在可以用吗 0
2018版校园卡活动太鸡肋了，帮我干掉吧 0
1元移动wlan套餐啥时候上线 0
你好，我想取消2019版校园卡活动，怎么办理 0
怎样取消和彩云包 0
年包和半年包的长途套餐，便宜的是哪个 2
如何办理30元的欢乐优惠券？ 0
120元半年包畅听年卡为什么退订不了 0
机顶盒视频会员 0
我想办理半年30元，半年包和年包的开通方式一样吗 2
阶梯版提速日租包何时能用到 0
我要办理随心看会员怎么办 0
加开流量如何取消，为啥呀，为啥不能办理 1
你好，我想取消158元畅享套餐合约版，怎么办理 0
开通3元彩铃服务 0
怎么办理18元乐享版移动王卡 0
你好，我要取消和4G校园套餐，请问2019版和2020版的取消方式有区别吗 2
怎么退出亲情网全国版 0
1元小额版限速恢复应该如何办理呀 0
忘了电视如何取消，教教我怎么使用 1
长途套餐能取消吗，你告诉我为什么不能办理 1
59元互联网智能语音遥控器开通 0
是不是谁都可以办理49元2020版和4g校园套餐 0
70元优酷会员爱奇艺流量包退订失败 0
我想办个18元基础版超级流量王 0
怎么能退出全国亲情网？ 0
流量福袋介绍、如何办理 0
80元5g家庭套餐何时能用到 0
我想办理个15元大陆及港澳台版提速玩玩 0
通话圈业务怎么关闭 0
我为什么不能办理年包个性化屏显业务 0
取消和彩云4T优惠享标示策划 0
全网普惠的流量 0
为什么我不能开通9元芒果tv视频会员5gb通用流量7天包 0
腾讯7天5g流量包应该如何办理呀 0
我办理的优酷会员视频会员通用流量月包有多少流量 0
20元20个G的我能开通体验吗 0
我办理的298元畅享套餐合约版有多少流量 0
我开通了全网优惠想特权的活动 0
什么时候可以办理短信发送报告如何用 1
你告诉我128元畅享套餐合约版怎么开通 0
机场流量套餐多少钱，怎么取消 1
plus会员权益是按月享受其中一次吗？ 0
30元高速流量套餐什么时候发售 0
怎么办理298元5g畅享套餐合约版 0
半年包来电提醒如何取消 0
我想办理个机场流量套餐玩玩 0
全国亲情网取消了吗 0
语音摇控器怎么办理 0
网易包应该如何办理呀 0
我想办个天5g流量包 0
您好：怎么开通2020版开学季活动 0
288元畅享放心用应该如何办理呀 0
你好，我想取消5元卡半年包，怎么办理 0
减免套餐费活动我啥时可以办理 0
20元20G惠享流量券怎么取消 0
我想办个9元百度网易包 0
您好！我想退订家庭亲情网业务 0
亲情号码怎么办理 0
半年包短信发送报告怎么购买 0
666参与活动 0
你告诉我为什么不能办理优酷会员手机视频流量包 0
家庭亲情网怎么取消不了 0
最贵的畅享放心用套餐多少钱 0
老人的套餐卡我啥时可以办理 0
如何班理亲情号 0
plus会员卡给我取消掉 0
你告诉我为什么不能办理贴心流量券，开通应该如何操作 1
我为什么不能办理60元年包长途流量100m 0
取消20元20g流量券活动 0
帮我退一下全国亲情网 0
我现在不需要1元小额版提速包，怎么取消掉 0
plus权益没有开通成功 0
魔百和如何取消 0
亲情网号码取消 0
退订家庭亲情业务 0
新全球通畅享套餐怎么购买，我为什么不能办理 1
开通100元移动电视盒子 0
为什么我不能开通60元年包半年30元 0
你好，办理2019版开学季活动需要什么条件？ 0
plus会员领取的权益可以取消吗 0
您好，我要取消亲情网10元业务 0
300元2019版校园卡活动何时能用到 0
我现在不需要30元加开流量，怎么取消掉 0
办好了19元电影vip互联网电视怎么使用 0
你好我办理的19元宝藏版花呗卡有其他什么服务吗 0
开通2018版校园专属定向流量包需要多少钱 0
到哪办理20元欢享卷 0
我的plus会员是那个档的 0
为啥呀，为啥不能办理半年包神州行5元卡 0
80元5g家庭套餐为什么退订不了 0
爱奇艺7天的流量包有[内含其他服务]吗 0
我可以办理22元年包和彩印吗 0
关掉语音留言 0
全国亲情网怎么算是取消 0
和家庭分享优惠套餐 0
快手流量有多少流量是什么，给我介绍一下 1
我办理视频会员5GB通用流量7天包，爱奇艺和芒果tv的花的钱是否一样 2
我想开通700流量加油包需要花多少钱 0
长途流量100m我啥时可以办理 0
半年包短信发送报告如何取消 0
我想开通忘了电视需要花多少钱 0
什么时候可以办理10元芒果视频5g加油流量包 0
我办理的畅享套餐合约版有多少流量，是什么，给我介绍一下 1
你好，我的腾讯视频24元流量可以退吗？怎么办理 1
退办全国亲情网 0
5g智享套餐合约版的通话时长，为啥我取消不了 1
5g家庭套餐开通应该如何操作，如何取消 1
20块钱20G的流量怎么办理 0
更换5g智想套餐家庭版，流量是否自动转移 0
2020版开学季活动多少钱 0
我要办理加油包怎么办，是什么，给我介绍一下 1
什么时候可以办理5g智享套餐个人版 0
为什么我不能开通11元腾讯优酷7天5g流量包 0
30元高速流量套餐如何取消 0
plus取消权益 0
你好，我之前的新全球通畅享套餐到期了，想继续办理个 0
你好，我之前的5g智享套餐合约版到期了，想继续办理个为什么退订不了 1
2019充值短信优惠活动 0
我本身是18元套餐，开通移动plus会员还要再加18元吧 0
你告诉我70元爱奇艺会员65乐视怎么开通 0
200元5g家庭套餐开通 0
我想办个5元大兴卡 0
怎么取消9元芒果tv视频会员5gb通用流量7天包 0
退订和家庭流量分享 0
60元年包畅聊套餐里还有其他服务吗 0
退了亲情卡 0
我要办理5元五元3g怎么办 0
plus会员已开通，权益怎么领取 0
我要取消通话圈功能 0
你告诉我5g家庭套餐怎么开通，有什么要求 1
什么是爱奇艺会员手机视频流量包 0
怎样取消和彩云 0
腾讯视频任我看咪咕流量何时能用到 0
办理打两年300的2018版和2019版，含有的其它服务有区别吗 2
咪咕直播流量包任我看芒果tv退订失败 0
我现在不需要15元畅享包快手定向流量包，怎么取消掉 0
我办理的不限量有多少流量介绍一下 1
20元移动wlan套餐啥时候上线 0
您好，我想取消我的“通话圈”功能 0
我想办个30元年包语音留言 0
5g智享套餐合约版有[内含其他服务]吗 0
怎么开通30元流量加油包 0
您好现在还有30元40G的流量套餐 0
是不是谁都可以办理5元卡，什么时候可以办理 1
办理20元20G欢享 0
腾讯视频24元流量多少钱，怎么开通 1
请问还有30元40G欢享卡吗 0
北京移动Plus会员，领取权益时提示没有订购 0
享特权专区是哪个 0
你好！我想取消每月5元的彩铃服务 0
腾讯视频啥时候上线，是什么，给我介绍一下 1
65元乐视会员视频会员通用流量月包为什么退订不了 0
15元大陆及港澳台版提速包啥时候上线 0
Plus福利 0
恢复亲情网 0
是不是谁都可以办理188元任我用套餐 0
怎么取消200元2019版校园300打一年 0
爱奇艺和芒果tv的视频会员5GB通用流量7天包开通方式一样不 2
快手流量怎么购买 0
1元任我用wlan太鸡肋了，帮我干掉吧 0
60元年包神州行5元卡太鸡肋了，帮我干掉吧 0
20元20G的套餐，怎么取消？ 0
日充流量多少钱 0
亲情号在哪里添加 0
什么时候可以办理网易流量包怎么开通 1
你好，我想取消快手流量，怎么办理能取消吗 1
多少钱能开通cmcc，哪些情况下办理不了 1
流量欢享劝 0
叠加包带多少的流量为什么退订不了 1
您好：怎么开通咪咕直播 0
增加全国亲情网号码 0
我要取消亲情号的业务，在这里能取消吗？ 0
为啥呀，为啥不能办理60元年包长途流量100m 0
我为什么不能办理plus会员 0
花卡亲情号 0
介绍一下6元彩铃 0
没收到社区通讯管家礼包 0
帮我介绍一下5元卡的开通条件，多少钱能开通 1
你好，我之前的3元月包短信回执到期了，想继续办理个 0
关闭20元20G套餐 0
如何取消通话圈套餐？ 0
为什么我不能开通解除限速太鸡肋了，帮我干掉吧 1
15元3g太鸡肋了，帮我干掉吧有什么要求 1
惠享流量券20元活动 0
您好，请帮我取消亲情网业务 0
Plus会员里面有包括视频会员，这个会员怎么开通 0
刚刚办的业务说有plus会员 怎么办理呢 0
帮我介绍一下解除限速的开通条件 0
12元半年包来电提醒应该如何办理呀 0
您好，我现在是plus会员么 0
办理20元20GB套餐 0
你好，我想下个月取消亲情网，怎么办理？ 0
开通22元年包和彩印 0
帮我把全网普惠流量取消 0
增值PIUS怎样取消 0
我要办理加油包怎么办 0
小额版流量加速太鸡肋了，帮我干掉吧 0
互联网电视儿童包 0
取消本月plus会员权益，重新领 0
你好，我之前的22元年包和彩印到期了，想继续办理个 0
什么时候可以办理普惠套餐 0
开通神b 0
取消惠享流量套餐打QXHXLL30就可以了吗 0
介绍一下18元北京通手机卡 0
怎么办理爱奇艺会员视频会员通用流量月包 0
怎么办理暖心包，介绍一下 1
畅享包快手定向流量包开通 0
20块钱20个G的那个业务怎么办理的 0
我要办理畅享套餐合约版 0
家庭计划办理 0
天气预报咨询版 0
我现在不需要爱奇艺会员手机视频流量包，怎么取消掉 0
加速包的使用方法 0
邮箱收费退订 0
我为什么不能办理18元海包 0
我为什么不能办理2020版和4g校园套餐 0
办理20元20G 0
流量月包升档可以玩游戏吗 0
20元20g惠享退订 0
你好，我之前的畅享套餐首充活动到期了，想继续办理个，太鸡肋了，帮我干掉吧 1
20元每月赠一G的那个套餐具体情况能介绍一下吗？ 0
我要办理优酷会员视频会员通用流量月包怎么办 0
来来，15元咪咕直播流量包任我看优酷视频教教我咋用 0
办理任我看咪咕流量，咪咕流量包和咪咕直播流量包的流量一不一样 2
来来，普通版plus教教我咋用 0
500元2020版校园卡活动开通 0
怎么取消百度懂车帝500it [00:00, 8680.12it/s]
0it [00:00, ?it/s] 0
比好，我办理的家庭副卡可以刷视频吗 0
我想取消我的全国亲情网套餐 0
我可以办理30元40g的流量套餐吗 0
你告诉我18元2018版移动校园专属优惠怎么开通 0
49元2020版和4g校园套餐带多少G的流量 0
我想办理个个性化屏显业务玩玩 0
你告诉我2020版和校园怎么开通 0
全国亲情组网 0
这个11元腾讯视频会员5gb通用流量7天包有多少流量 0
这个18元老人的套餐卡有多少流量 0
办理30元40 0
日充流量开通应该如何操作 0
3元首都机场流量业务是否能取消，有什么要求吗 0
介绍一下15元大陆及港澳台版提速包 0
北京移动plus会员权益卡里还有其他服务吗 0
亲情网，统付版哪开通 0
多少钱能开通爱奇艺7天5g视频会员流量包 0
1元云邮包活动太鸡肋了，帮我干掉吧 0
亲情网减免 0
半年包家园卡欢乐套餐有什么要求 0
你告诉我8元流量加油包怎么开通 0
您好，我要办理一下30元40GB欢享套餐业务 0
怎么办理500元加油包 0
怎么办理开通20元20GB欢享优惠券 0
取消20元20G欢乐券 0
牛卡我啥时可以办理，怎么办理 1
月包和年包的和留言年包所花的钱一样不？ 2
和家庭成员添加 0
我要办理5元139邮箱 0
我想办理个畅享套餐合约版玩玩 0
什么时候可以取消任我看应该如何办理呀 1
我想开通300老年优待卡需要花多少钱 0
随心看会员开通应该如何操作，多少钱能开通 1
王者荣耀我为啥办理不了呀 0
什么是40元wlan流量套餐 0
您好家庭计划如何加人 0
介绍一下198元畅享套餐合约版 0
我要办理70元爱奇艺会员视频会员通用流量月包怎么办 0
新欢享优惠活动 0
移动校园优惠包太鸡肋了，帮我干掉吧，我为什么不能办理 1
和彩云什么意思 0
20元20GB欢乐优享券办理 0
这个无限量有多长的通话时间 0
我可以办理惠享流量吗 0
如何退订20元20GB流量包 0
畅想放心用怎么购买什么时候可以取消 1
得花多少钱去开通语音遥控器，应该如何办理呀 1
怎么办理11元腾讯一周流量 0
11元腾讯视频会员5gb通用流量7天包里还有其他服务吗 0
我的20元20G套餐到期日？ 0
5g套餐升档折扣活动啥时候上线 0
抖音流量包的套餐本月没用完，下月可以继续用吗 0
5元流量加油包怎么购买 0
爱奇艺会员视频会员通用流量月包何时能用到 0
请帮我取消全网普惠得流量活动 0
这个畅享套餐合约版有多少流量是什么，给我介绍一下 1
如何把“家庭亲情网”取消？ 0
plus会员语音赠送服务 0
次月北京移动plus会员权益卡可以生效吗 0
如何添加家庭号 0
如何取消30元40G套餐 0
亲情号加号码 0
家庭亲情取消 0
300元2019版校园卡活动开通应该如何操作 0
你好，我要取消年套餐天气，请问月包和年包的取消方式有区别吗 2
我想办理20元20G的套餐 0
取消全网优惠享特权活动 0
您好 我想退订一下亲情网 0
合约版和合约版的5G智享套餐合约版开通方式一样不 2
芒果tv会员5gb通用流量加油包的套餐本月没用完，下月可以继续用吗 0
办理腾讯和芒果的视频会员5GB通用流量加油包的话，那个稍微便宜点 2
我要办理打两年300怎么办 0
因为什么无法退订5g家庭套餐，哪些情况下办理不了 1
如何加其它省份的亲情号码？ 0
怎么取消380元5g家庭套餐 0
显示今天未接来电 0
2019版和2020版的和4G校园套餐开通方式一样不 2
你好，办理1元小额版提速包需要什么条件？ 0
你告诉我为什么不能办理短信发送提醒，怎么办理 1
退订全国亲情号业务 0
多少钱能开通王者，什么时候可以办理 1
福利二选一怎么办理 0
无限量如何取消有什么要求 1
亲情号码怎样取消 0
plus为啥我取消不了 0
怎么删除139邮箱 0
比好，我办理的家庭计划成员可以刷视频吗 0
60元年包家园卡欢乐套餐有[内含其他服务]吗 0
我想办理9元网易头条系定向流量，麻烦帮我开通一下 0
我想取消全国亲情网增值服务怎么办理 0
介绍一下18元上网版移动王卡 0
我想要取消全国亲情网 0
18元普通版plus会员应该如何办理呀 0
您好，现在还有没有20元20GB的乐享套餐? 0
你好，我之前的5g家庭套餐到期了，想继续办理个，为啥呀，为啥不能办理 1
全国亲情网什么。 0
办理20g欢享券 0
你告诉我9元网易专属定向流量包怎么开通 0
什么是60元年包神州行畅听卡 0
关闭会员plus 0
家庭版5g畅享套餐什么时候发售 0
怎么取消加入亲情网 0
你好。 咨询一下可以办亲情号吗 0
咪咕流量包任我看视频流量包退订失败 0
亲情号O元开通在哪 0
家庭亲情全网取消 0
你好，我之前的校园300打一年到期了，想继续办理个 0
加速流量包开通一下，教教我怎么使用 1
这个畅享套餐合约版有多长的通话时间 0
您好：怎么开通机场流量套餐能取消吗 1
年包长途流量100m有[内含其他服务]吗 0
我想办理10元移动wlan套餐，麻烦帮我开通一下 0
麻烦问下我怎么加亲情号码做流量共享 0
5g流量升级包啥时候生效 0
plus会员流量在哪里办理 0
你告诉我15元畅享包快手app流量包怎么开通 0
什么时候可以办理18元上网版移动王卡 0
你好，我想取消20元20Gb惠享流量业余 0
9元芒果tv视频会员5gb通用流量7天包怎么购买 0
锦鲤卡什么时候发售 0
怎么办理8元流量加油包 0
20元20GB办理 0
为什么我不能开通2020版和4g校园套餐 0
你好，我能办理5元卡半年包吗，介绍一下 1
什么时候可以办理手机邮箱 0
22元年包和彩印如何取消 0
亲情网业务解除 0
我现在不需要3元机场流量包，怎么取消掉 0
取消30元40GB惠享流量券 0
怎么取消1元小额版高速流量套餐 0
5元2g太鸡肋了，帮我干掉吧，如何开通 1
你好，最便宜的畅享放心用套餐多少钱可以办理 0
是不是谁都可以办理9元百度火山小视频流量 0
惠享券退订 0
来来，关机不在服务区教教我咋用 0
无法退订2018版校园专属定向流量包 0
取消全国普惠流量 0
我想办理1元小额版流量加速，麻烦帮我开通一下 0
取消和彩云4T增益包 0
你好，我想取消模组套餐，怎么办理我要办理 1
介绍一下上网版移动王卡 0
亲情网怎么加人 0
办理月包和年包的个性化屏显业务的话，那个稍微便宜点 2
我想办理个200元2018版打两年300玩玩 0
20元20个G，开通当月按日折算 0
办个咪咕专属包刷视频，网易和百度哪个流量多一些 2
办理20元20g的套餐流量 0
5g智享套餐合约版里还有其他服务吗多少钱能开通 1
我想办理个5元叠加包玩玩 0
我可以办理任我用100吗，怎么取消 1
花一惠怎么购买 0
如何办理30元40G？已抽取 0
魔百盒如何使用 0
取消来电提醒半年包 0
我的20元20G流量这月就到期了，可以续订吗？ 0
为什么我不能开通9元网易专属定向流量包 0
取消20元20GB惠享流量劵 0
您好，还有30元40G的活动吗 0
腾讯上网套餐开通一下怎么使用 1
9元百度bilibili太鸡肋了，帮我干掉吧 0
惠享卡20元20G每月 0
5元流量日包是什么，给我介绍一下 0
我想办理个哔哩哔哩流量包玩玩什么时候发售 1
你告诉我花季守护怎么开通 0
刚办理的plus会员 0
我想开通咪咕流量包芒果vt需要花多少钱 0
小额版提速包什么时候发售 0
我想办个年包和彩印 0
怎么取消6元手机彩铃 0
半年包短信回执何时能用到 0
停止办理家庭亲情网业务 0
我想办个畅享套餐合约版 0
超市会员产品可以玩游戏吗 0
怎样取消亲情号套餐 0
这个18元2018版校园专属定向流量包有多少流量 0
开通任我看聚力视频（pptv）流量包需要多少钱什么时候发售 1
你好，我想取消短信发送报告，怎么办理，是什么，给我介绍一下 1
多少钱能开通老年卡18元 0
介绍一下优酷7天会员流量 0
哪些情况下办理不了百度包火山小视频流量 0
什么是欢乐优惠券 0
39元套餐的套餐本月没用完，下月可以继续用吗 0
亲情网套餐怎么取消 0
办个爱奇艺流量包刷视频，乐视会员和优酷会员哪个流量多一些 2
咪咕流量包和咪咕直播流量包的任我看快手哪一个更优惠些呢 2
限速恢复退订失败 0
喜马拉雅西玛拉雅是否能取消，有什么要求吗 0
您好：怎么开通22元年包和彩印 0
怎么办理魔百盒热剧vip连续包月 0
我想办个18元咪咕抖音流量包 0
什么是5g智享套餐个人版，能取消吗 1
免费亲情互打电话活动下月还有吗？ 0
20元20G的活动，每个月都要领一次么 0
电子发票接收邮箱怎么改 0
我可以办理20元20G流量包么 0
你好，我能办理流量可选包吗，能取消吗 1
暖心流量包开通 0
10元腾讯视频会员5gb通用流量加油包我啥时可以办理 0
我为什么不能办理5g家庭套餐 0
移动电视盒子怎么使用，介绍一下 1
是不是谁都可以办理全球通版plus会员 0
是不是谁都可以办理18元网易专属定向流量包 0
plus会员营业厅给我开通了，我怎么领取？ 0
什么时候可以取消咪咕流量包任我看视频流量包 0
plus会员不能领视频会员了吗？ 0
什么时候可以取消200元5g家庭套餐 0
5元日充流量何时能用到 0
20元20GB取消 0
我想取消我的和家庭业务 0
15元大陆及港澳台版提速日租包为什么退订不了 0
你好，我想咨询一下220元机顶盒是否能取消掉，不想用了 0
想办理20元20GB的套餐 0
取消和彩云4T优惠亨 0
移动王卡惠享合约怎么退订 0
我想办个12元半年包关机不在服务区 0
得花多少钱去开通快手流量包 0
帮我介绍一下9元百度包专属定向流量包的开通条件 0
和留言怎么关 0
如何取消我的通话圈？ 0
怎么开通5g智享套餐家庭版有多少流量 1
和留言免费年包 0
为啥呀，为啥不能办理阶梯版提速包 0
你好，我之前的65元乐视会员70爱奇艺到期了，想继续办理个 0
办理流量福袋 0
全网普惠得流量活动退订 0
你告诉我2元五元3g怎么开通 0
如何取消和家庭成员 0
全网优惠特权都有什么 0
取消+和留言服务 0
全网优惠享特权是什么 0
多少钱能开通车主服务，怎么购买 1
什么是12元半年包短信回执 0
为什么我不能开通200元2019版打两年300 0
是不是谁都可以办理百度包专属定向流量包 0
亲情网如何办理 0
我的流量福袋能退吗？ 0
取消和家庭分享业务 0
你好，我想取消全网优惠享特权那个业务，怎么取消？ 0
和留言年包撤销 0
短信发送报告太鸡肋了，帮我干掉吧 0
288元畅享放心用套餐开通应该如何操作 0
我想退掉亲情服务 0
什么是惠享流量 0
你好，我能办理12元半年包短信回执吗 0
我现在不需要300元2020版五百打两年，怎么取消掉 0
plus会员那个数字特权有的领不了 0
你好，办理100元和家庭流量包需要什么条件？ 0
如何办亲情号？ 0
你好我办理的60元年包家园卡欢乐套餐有其他什么服务吗 0
次月入网首充赠礼营销活动可以生效吗 0
30元5gb半价体验版可以玩游戏吗 0
这个手机视频流量包流量够用的吗，什么是 1
为啥呀，为啥不能办理爱奇艺视频会员5gb通用流量7天包 0
我想办个5元139邮箱 0
3元月包短信发送提醒啥时候上线 0
我想办理个畅聊套餐玩玩什么时候可以取消 1
什么时候可以办理和爱车业务，教教我怎么使用 1
10元家庭亲情通话我啥时可以办理 0
我想要办理20块钱，20g 0
如何关闭代付费 0
我想办理个和家庭免费赠送号卡活动玩玩 0
种树的游戏结转的要求或规则是啥样的 0
怎么办理6元彩铃 0
你好语音信箱怎么开通 0
你告诉我为什么不能办理1元校园wlan 0
流量20元20G在哪办理 0
全国亲情号项目取消 0
哪些情况下办理不了200元2018版校园卡活动 0
Plus会员有套路？ 0
我想取消和留言 0
30元半年包神州行5元卡是什么，给我介绍一下 0
70元优酷会员视频会员通用流量月包怎么购买 0
现在办理的30元40g现在可以用吗 0
2018版校园卡活动太鸡肋了，帮我干掉吧 0
1元移动wlan套餐啥时候上线 0
你好，我想取消2019版校园卡活动，怎么办理 0
怎样取消和彩云包 0
年包和半年包的长途套餐，便宜的是哪个 2
如何办理30元的欢乐优惠券？ 0
120元半年包畅听年卡为什么退订不了 0
机顶盒视频会员 0
我想办理半年30元，半年包和年包的开通方式一样吗 2
阶梯版提速日租包何时能用到 0
我要办理随心看会员怎么办 0
加开流量如何取消，为啥呀，为啥不能办理 1
你好，我想取消158元畅享套餐合约版，怎么办理 0
开通3元彩铃服务 0
怎么办理18元乐享版移动王卡 0
你好，我要取消和4G校园套餐，请问2019版和2020版的取消方式有区别吗 2
怎么退出亲情网全国版 0
1元小额版限速恢复应该如何办理呀 0
忘了电视如何取消，教教我怎么使用 1
长途套餐能取消吗，你告诉我为什么不能办理 1
59元互联网智能语音遥控器开通 0
是不是谁都可以办理49元2020版和4g校园套餐 0
70元优酷会员爱奇艺流量包退订失败 0
我想办个18元基础版超级流量王 0
怎么能退出全国亲情网？ 0
流量福袋介绍、如何办理 0
80元5g家庭套餐何时能用到 0
我想办理个15元大陆及港澳台版提速玩玩 0
通话圈业务怎么关闭 0
我为什么不能办理年包个性化屏显业务 0
取消和彩云4T优惠享标示策划 0
全网普惠的流量 0
为什么我不能开通9元芒果tv视频会员5gb通用流量7天包 0
腾讯7天5g流量包应该如何办理呀 0
我办理的优酷会员视频会员通用流量月包有多少流量 0
20元20个G的我能开通体验吗 0
我办理的298元畅享套餐合约版有多少流量 0
我开通了全网优惠想特权的活动 0
什么时候可以办理短信发送报告如何用 1
你告诉我128元畅享套餐合约版怎么开通 0
机场流量套餐多少钱，怎么取消 1
plus会员权益是按月享受其中一次吗？ 0
30元高速流量套餐什么时候发售 0
怎么办理298元5g畅享套餐合约版 0
半年包来电提醒如何取消 0
我想办理个机场流量套餐玩玩 0
全国亲情网取消了吗 0
语音摇控器怎么办理 0
网易包应该如何办理呀 0
我想办个天5g流量包 0
您好：怎么开通2020版开学季活动 0
288元畅享放心用应该如何办理呀 0
你好，我想取消5元卡半年包，怎么办理 0
减免套餐费活动我啥时可以办理 0
20元20G惠享流量券怎么取消 0
我想办个9元百度网易包 0
您好！我想退订家庭亲情网业务 0
亲情号码怎么办理 0
半年包短信发送报告怎么购买 0
666参与活动 0
你告诉我为什么不能办理优酷会员手机视频流量包 0
家庭亲情网怎么取消不了 0
最贵的畅享放心用套餐多少钱 0
老人的套餐卡我啥时可以办理 0
如何班理亲情号 0
plus会员卡给我取消掉 0
你告诉我为什么不能办理贴心流量券，开通应该如何操作 1
我为什么不能办理60元年包长途流量100m 0
取消20元20g流量券活动 0
帮我退一下全国亲情网 0
我现在不需要1元小额版提速包，怎么取消掉 0
plus权益没有开通成功 0
魔百和如何取消 0
亲情网号码取消 0
退订家庭亲情业务 0
新全球通畅享套餐怎么购买，我为什么不能办理 1
开通100元移动电视盒子 0
为什么我不能开通60元年包半年30元 0
你好，办理2019版开学季活动需要什么条件？ 0
plus会员领取的权益可以取消吗 0
您好，我要取消亲情网10元业务 0
300元2019版校园卡活动何时能用到 0
我现在不需要30元加开流量，怎么取消掉 0
办好了19元电影vip互联网电视怎么使用 0
你好我办理的19元宝藏版花呗卡有其他什么服务吗 0
开通2018版校园专属定向流量包需要多少钱 0
到哪办理20元欢享卷 0
我的plus会员是那个档的 0
为啥呀，为啥不能办理半年包神州行5元卡 0
80元5g家庭套餐为什么退订不了 0
爱奇艺7天的流量包有[内含其他服务]吗 0
我可以办理22元年包和彩印吗 0
关掉语音留言 0
全国亲情网怎么算是取消 0
和家庭分享优惠套餐 0
快手流量有多少流量是什么，给我介绍一下 1
我办理视频会员5GB通用流量7天包，爱奇艺和芒果tv的花的钱是否一样 2
我想开通700流量加油包需要花多少钱 0
长途流量100m我啥时可以办理 0
半年包短信发送报告如何取消 0
我想开通忘了电视需要花多少钱 0
什么时候可以办理10元芒果视频5g加油流量包 0
我办理的畅享套餐合约版有多少流量，是什么，给我介绍一下 1
你好，我的腾讯视频24元流量可以退吗？怎么办理 1
退办全国亲情网 0
5g智享套餐合约版的通话时长，为啥我取消不了 1
5g家庭套餐开通应该如何操作，如何取消 1
20块钱20G的流量怎么办理 0
更换5g智想套餐家庭版，流量是否自动转移 0
2020版开学季活动多少钱 0
我要办理加油包怎么办，是什么，给我介绍一下 1
什么时候可以办理5g智享套餐个人版 0
为什么我不能开通11元腾讯优酷7天5g流量包 0
30元高速流量套餐如何取消 0
plus取消权益 0
你好，我之前的新全球通畅享套餐到期了，想继续办理个 0
你好，我之前的5g智享套餐合约版到期了，想继续办理个为什么退订不了 1
2019充值短信优惠活动 0
我本身是18元套餐，开通移动plus会员还要再加18元吧 0
你告诉我70元爱奇艺会员65乐视怎么开通 0
200元5g家庭套餐开通 0
我想办个5元大兴卡 0
怎么取消9元芒果tv视频会员5gb通用流量7天包 0
退订和家庭流量分享 0
60元年包畅聊套餐里还有其他服务吗 0
退了亲情卡 0
我要办理5元五元3g怎么办 0
plus会员已开通，权益怎么领取 0
我要取消通话圈功能 0
你告诉我5g家庭套餐怎么开通，有什么要求 1
什么是爱奇艺会员手机视频流量包 0
怎样取消和彩云 0
腾讯视频任我看咪咕流量何时能用到 0
办理打两年300的2018版和2019版，含有的其它服务有区别吗 2
咪咕直播流量包任我看芒果tv退订失败 0
我现在不需要15元畅享包快手定向流量包，怎么取消掉 0
我办理的不限量有多少流量介绍一下 1
20元移动wlan套餐啥时候上线 0
您好，我想取消我的“通话圈”功能 0
我想办个30元年包语音留言 0
5g智享套餐合约版有[内含其他服务]吗 0
怎么开通30元流量加油包 0
您好现在还有30元40G的流量套餐 0
是不是谁都可以办理5元卡，什么时候可以办理 1
办理20元20G欢享 0
腾讯视频24元流量多少钱，怎么开通 1
请问还有30元40G欢享卡吗 0
北京移动Plus会员，领取权益时提示没有订购 0
享特权专区是哪个 0
你好！我想取消每月5元的彩铃服务 0
腾讯视频啥时候上线，是什么，给我介绍一下 1
65元乐视会员视频会员通用流量月包为什么退订不了 0
15元大陆及港澳台版提速包啥时候上线 0
Plus福利 0
恢复亲情网 0
是不是谁都可以办理188元任我用套餐 0
怎么取消200元2019版校园300打一年 0
爱奇艺和芒果tv的视频会员5GB通用流量7天包开通方式一样不 2
快手流量怎么购买 0
1元任我用wlan太鸡肋了，帮我干掉吧 0
60元年包神州行5元卡太鸡肋了，帮我干掉吧 0
20元20G的套餐，怎么取消？ 0
日充流量多少钱 0
亲情号在哪里添加 0
什么时候可以办理网易流量包怎么开通 1
你好，我想取消快手流量，怎么办理能取消吗 1
多少钱能开通cmcc，哪些情况下办理不了 1
流量欢享劝 0
叠加包带多少的流量为什么退订不了 1
您好：怎么开通咪咕直播 0
增加全国亲情网号码 0
我要取消亲情号的业务，在这里能取消吗？ 0
为啥呀，为啥不能办理60元年包长途流量100m 0
我为什么不能办理plus会员 0
花卡亲情号 0
介绍一下6元彩铃 0
没收到社区通讯管家礼包 0
帮我介绍一下5元卡的开通条件，多少钱能开通 1
你好，我之前的3元月包短信回执到期了，想继续办理个 0
关闭20元20G套餐 0
如何取消通话圈套餐？ 0
为什么我不能开通解除限速太鸡肋了，帮我干掉吧 1
15元3g太鸡肋了，帮我干掉吧有什么要求 1
惠享流量券20元活动 0
您好，请帮我取消亲情网业务 0
Plus会员里面有包括视频会员，这个会员怎么开通 0
刚刚办的业务说有plus会员 怎么办理呢 0
帮我介绍一下解除限速的开通条件 0
12元半年包来电提醒应该如何办理呀 0
您好，我现在是plus会员么 0
办理20元20GB套餐 0
你好，我想下个月取消亲情网，怎么办理？ 0
开通22元年包和彩印 0
帮我把全网普惠流量取消 0
增值PIUS怎样取消 0
我要办理加油包怎么办 0
小额版流量加速太鸡肋了，帮我干掉吧 0
互联网电视儿童包 0
取消本月plus会员权益，重新领 0
你好，我之前的22元年包和彩印到期了，想继续办理个 0
什么时候可以办理普惠套餐 0
开通神b 0
取消惠享流量套餐打QXHXLL30就可以了吗 0
介绍一下18元北京通手机卡 0
怎么办理爱奇艺会员视频会员通用流量月包 0
怎么办理暖心包，介绍一下 1
畅享包快手定向流量包开通 0
20块钱20个G的那个业务怎么办理的 0
我要办理畅享套餐合约版 0
家庭计划办理 0
天气预报咨询版 0
我现在不需要爱奇艺会员手机视频流量包，怎么取消掉 0
加速包的使用方法 0
邮箱收费退订 0
我为什么不能办理18元海包 0
我为什么不能办理2020版和4g校园套餐 0
办理20元20G 0
流量月包升档可以玩游戏吗 0
20元20g惠享退订 0
你好，我之前的畅享套餐首充活动到期了，想继续办理个，太鸡肋了，帮我干掉吧 1
20元每月赠一G的那个套餐具体情况能介绍一下吗？ 0
我要办理优酷会员视频会员通用流量月包怎么办 0
来来，15元咪咕直播流量包任我看优酷视频教教我咋用 0
办理任我看咪咕流量，咪咕流量包和咪咕直播流量包的流量一不一样 2
来来，普通版plus教教我咋用 0
500元2020版校园卡活动开通 0
怎么取消百度懂车帝 0
比好，我办理的家庭副卡可以刷视频吗 0
我想取消我的全国亲情网套餐 0
我可以办理30元40g的流量套餐吗 0
你告诉我18元2018版移动校园专属优惠怎么开通 0
49元2020版和4g校园套餐带多少G的流量 0
我想办理个个性化屏显业务玩玩 0
你告诉我2020版和校园怎么开通 0
全国亲情组网 0
这个11元腾讯视频会员5gb通用流量7天包有多少流量 0
这个18元老人的套餐卡有多少流量 0
办理30元40 0
日充流量开通应该如何操作 0
3元首都机场流量业务是否能取消，有什么要求吗 0
介绍一下15元大陆及港澳台版提速包 0
北京移动plus会员权益卡里还有其他服务吗 0
亲情网，统付版哪开通 0
多少钱能开通爱奇艺7天5g视频会员流量包 0
1元云邮包活动太鸡肋了，帮我干掉吧 0
亲情网减免 0
半年包家园卡欢乐套餐有什么要求 0
你告诉我8元流量加油包怎么开通 0
您好，我要办理一下30元40GB欢享套餐业务 0
怎么办理500元加油包 0
怎么办理开通20元20GB欢享优惠券 0
取消20元20G欢乐券 0
牛卡我啥时可以办理，怎么办理 1
月包和年包的和留言年包所花的钱一样不？ 2
和家庭成员添加 0
我要办理5元139邮箱 0
我想办理个畅享套餐合约版玩玩 0
什么时候可以取消任我看应该如何办理呀 1
我想开通300老年优待卡需要花多少钱 0
随心看会员开通应该如何操作，多少钱能开通 1
王者荣耀我为啥办理不了呀 0
什么是40元wlan流量套餐 0
您好家庭计划如何加人 0
介绍一下198元畅享套餐合约版 0
我要办理70元爱奇艺会员视频会员通用流量月包怎么办500it [00:00, 7738.34it/s]
/devdata/saipeng.li/envs/lisaipeng/lib/python3.6/site-packages/sklearn/metrics/_classification.py:1245: UndefinedMetricWarning: Precision and F-score are ill-defined and being set to 0.0 in labels with no predicted samples. Use `zero_division` parameter to control this behavior.
  _warn_prf(average, modifier, msg_start, len(result))
/devdata/saipeng.li/envs/lisaipeng/lib/python3.6/site-packages/sklearn/metrics/_classification.py:1245: UndefinedMetricWarning: Precision and F-score are ill-defined and being set to 0.0 in labels with no predicted samples. Use `zero_division` parameter to control this behavior.
  _warn_prf(average, modifier, msg_start, len(result))
/devdata/saipeng.li/envs/lisaipeng/lib/python3.6/site-packages/sklearn/metrics/_classification.py:1245: UndefinedMetricWarning: Precision and F-score are ill-defined and being set to 0.0 in labels with no predicted samples. Use `zero_division` parameter to control this behavior.
  _warn_prf(average, modifier, msg_start, len(result))
 0
新欢享优惠活动 0
移动校园优惠包太鸡肋了，帮我干掉吧，我为什么不能办理 1
和彩云什么意思 0
20元20GB欢乐优享券办理 0
这个无限量有多长的通话时间 0
我可以办理惠享流量吗 0
如何退订20元20GB流量包 0
畅想放心用怎么购买什么时候可以取消 1
得花多少钱去开通语音遥控器，应该如何办理呀 1
怎么办理11元腾讯一周流量 0
11元腾讯视频会员5gb通用流量7天包里还有其他服务吗 0
我的20元20G套餐到期日？ 0
5g套餐升档折扣活动啥时候上线 0
抖音流量包的套餐本月没用完，下月可以继续用吗 0
5元流量加油包怎么购买 0
爱奇艺会员视频会员通用流量月包何时能用到 0
请帮我取消全网普惠得流量活动 0
这个畅享套餐合约版有多少流量是什么，给我介绍一下 1
如何把“家庭亲情网”取消？ 0
plus会员语音赠送服务 0
次月北京移动plus会员权益卡可以生效吗 0
如何添加家庭号 0
如何取消30元40G套餐 0
亲情号加号码 0
家庭亲情取消 0
300元2019版校园卡活动开通应该如何操作 0
你好，我要取消年套餐天气，请问月包和年包的取消方式有区别吗 2
Time usage: 0:00:01
Epoch [1/3]
Iter:      0,  Train Loss:  0.91,  Train Acc: 54.69%,  Val Loss:  0.92,  Val Acc: 59.80%,  Time: 0:00:02 *
Epoch [2/3]
Epoch [3/3]
Test Loss:  0.92,  Test Acc: 59.80%
Precision, Recall and F1-Score...
              precision    recall  f1-score   support

         属性值     0.8541    0.6612    0.7454       425
         并列句     0.1053    0.3051    0.1565        59
         比较句     0.0000    0.0000    0.0000        16

    accuracy                         0.5980       500
   macro avg     0.3198    0.3221    0.3006       500
weighted avg     0.7384    0.5980    0.6520       500

Confusion Matrix...
[[281 144   0]
 [ 41  18   0]
 [  7   9   0]]
Time usage: 0:00:01
